Determining if the function res_servicename exists failed with the following output:
Change Dir: /Users/jacksonchen/Documents/Github/temp/Thanksgiving-Hack/cmake/build/CMakeFiles/CMakeScratch/TryCompile-AeoCna

Run Build Command(s):/usr/bin/make -f Makefile cmTC_1e155/fast && /Applications/Xcode.app/Contents/Developer/usr/bin/make  -f CMakeFiles/cmTC_1e155.dir/build.make CMakeFiles/cmTC_1e155.dir/build
Building C object CMakeFiles/cmTC_1e155.dir/CheckFunctionExists.c.o
/Applications/Xcode.app/Contents/Developer/Toolchains/XcodeDefault.xctoolchain/usr/bin/cc   -DCHECK_FUNCTION_EXISTS=res_servicename -arch arm64 -isysroot /Applications/Xcode.app/Contents/Developer/Platforms/MacOSX.platform/Developer/SDKs/MacOSX12.3.sdk -mmacosx-version-min=12.2 -fPIE -MD -MT CMakeFiles/cmTC_1e155.dir/CheckFunctionExists.c.o -MF CMakeFiles/cmTC_1e155.dir/CheckFunctionExists.c.o.d -o CMakeFiles/cmTC_1e155.dir/CheckFunctionExists.c.o -c /Users/jacksonchen/Documents/Github/temp/Thanksgiving-Hack/cmake/build/CMakeFiles/CMakeScratch/TryCompile-AeoCna/CheckFunctionExists.c
Linking C executable cmTC_1e155
/opt/homebrew/Cellar/cmake/3.25.0/bin/cmake -E cmake_link_script CMakeFiles/cmTC_1e155.dir/link.txt --verbose=1
/Applications/Xcode.app/Contents/Developer/Toolchains/XcodeDefault.xctoolchain/usr/bin/cc   -DCHECK_FUNCTION_EXISTS=res_servicename -arch arm64 -isysroot /Applications/Xcode.app/Contents/Developer/Platforms/MacOSX.platform/Developer/SDKs/MacOSX12.3.sdk -mmacosx-version-min=12.2 -Wl,-search_paths_first -Wl,-headerpad_max_install_names CMakeFiles/cmTC_1e155.dir/CheckFunctionExists.c.o -o cmTC_1e155 
Undefined symbols for architecture arm64:
  "_res_servicename", referenced from:
      _main in CheckFunctionExists.c.o
ld: symbol(s) not found for architecture arm64
clang: error: linker command failed with exit code 1 (use -v to see invocation)
make[1]: *** [cmTC_1e155] Error 1
make: *** [cmTC_1e155/fast] Error 2



Performing C SOURCE FILE Test IOS failed with the following output:
Change Dir: /Users/jacksonchen/Documents/Github/temp/Thanksgiving-Hack/cmake/build/CMakeFiles/CMakeScratch/TryCompile-8bo9xF

Run Build Command(s):/usr/bin/make -f Makefile cmTC_13953/fast && /Applications/Xcode.app/Contents/Developer/usr/bin/make  -f CMakeFiles/cmTC_13953.dir/build.make CMakeFiles/cmTC_13953.dir/build
Building C object CMakeFiles/cmTC_13953.dir/src.c.o
/Applications/Xcode.app/Contents/Developer/Toolchains/XcodeDefault.xctoolchain/usr/bin/cc -DIOS  -arch arm64 -isysroot /Applications/Xcode.app/Contents/Developer/Platforms/MacOSX.platform/Developer/SDKs/MacOSX12.3.sdk -mmacosx-version-min=12.2 -fPIE -MD -MT CMakeFiles/cmTC_13953.dir/src.c.o -MF CMakeFiles/cmTC_13953.dir/src.c.o.d -o CMakeFiles/cmTC_13953.dir/src.c.o -c /Users/jacksonchen/Documents/Github/temp/Thanksgiving-Hack/cmake/build/CMakeFiles/CMakeScratch/TryCompile-8bo9xF/src.c
/Users/jacksonchen/Documents/Github/temp/Thanksgiving-Hack/cmake/build/CMakeFiles/CMakeScratch/TryCompile-8bo9xF/src.c:6:2: error: Not an iPhone target
#error Not an iPhone target
 ^
1 error generated.
make[1]: *** [CMakeFiles/cmTC_13953.dir/src.c.o] Error 1
make: *** [cmTC_13953/fast] Error 2


Source file was:

	#include <stdio.h>
	#include <TargetConditionals.h>
	int main() {
#if TARGET_OS_IPHONE == 0
#error Not an iPhone target
#endif
return 0;
	}
	

Performing C SOURCE FILE Test IOS_V10 failed with the following output:
Change Dir: /Users/jacksonchen/Documents/Github/temp/Thanksgiving-Hack/cmake/build/CMakeFiles/CMakeScratch/TryCompile-QDs7tH

Run Build Command(s):/usr/bin/make -f Makefile cmTC_ffe71/fast && /Applications/Xcode.app/Contents/Developer/usr/bin/make  -f CMakeFiles/cmTC_ffe71.dir/build.make CMakeFiles/cmTC_ffe71.dir/build
Building C object CMakeFiles/cmTC_ffe71.dir/src.c.o
/Applications/Xcode.app/Contents/Developer/Toolchains/XcodeDefault.xctoolchain/usr/bin/cc -DIOS_V10  -arch arm64 -isysroot /Applications/Xcode.app/Contents/Developer/Platforms/MacOSX.platform/Developer/SDKs/MacOSX12.3.sdk -mmacosx-version-min=12.2 -fPIE -MD -MT CMakeFiles/cmTC_ffe71.dir/src.c.o -MF CMakeFiles/cmTC_ffe71.dir/src.c.o.d -o CMakeFiles/cmTC_ffe71.dir/src.c.o -c /Users/jacksonchen/Documents/Github/temp/Thanksgiving-Hack/cmake/build/CMakeFiles/CMakeScratch/TryCompile-QDs7tH/src.c
/Users/jacksonchen/Documents/Github/temp/Thanksgiving-Hack/cmake/build/CMakeFiles/CMakeScratch/TryCompile-QDs7tH/src.c:6:4: error: Not iOS v10
#  error Not iOS v10
   ^
1 error generated.
make[1]: *** [CMakeFiles/cmTC_ffe71.dir/src.c.o] Error 1
make: *** [cmTC_ffe71/fast] Error 2


Source file was:

#include <stdio.h>
#include <TargetConditionals.h>
	int main() {
#if TARGET_OS_IPHONE == 0 || __IPHONE_OS_VERSION_MIN_REQUIRED < 100000
#  error Not iOS v10
#endif
return 0;
	}
	

Determining if files malloc.h exist failed with the following output:
Change Dir: /Users/jacksonchen/Documents/Github/temp/Thanksgiving-Hack/cmake/build/CMakeFiles/CMakeScratch/TryCompile-UawuRF

Run Build Command(s):/usr/bin/make -f Makefile cmTC_14573/fast && /Applications/Xcode.app/Contents/Developer/usr/bin/make  -f CMakeFiles/cmTC_14573.dir/build.make CMakeFiles/cmTC_14573.dir/build
Building C object CMakeFiles/cmTC_14573.dir/HAVE_MALLOC_H.c.o
/Applications/Xcode.app/Contents/Developer/Toolchains/XcodeDefault.xctoolchain/usr/bin/cc   -arch arm64 -isysroot /Applications/Xcode.app/Contents/Developer/Platforms/MacOSX.platform/Developer/SDKs/MacOSX12.3.sdk -mmacosx-version-min=12.2 -fPIE -MD -MT CMakeFiles/cmTC_14573.dir/HAVE_MALLOC_H.c.o -MF CMakeFiles/cmTC_14573.dir/HAVE_MALLOC_H.c.o.d -o CMakeFiles/cmTC_14573.dir/HAVE_MALLOC_H.c.o -c /Users/jacksonchen/Documents/Github/temp/Thanksgiving-Hack/cmake/build/CMakeFiles/CMakeScratch/TryCompile-UawuRF/HAVE_MALLOC_H.c
/Users/jacksonchen/Documents/Github/temp/Thanksgiving-Hack/cmake/build/CMakeFiles/CMakeScratch/TryCompile-UawuRF/HAVE_MALLOC_H.c:2:10: fatal error: 'malloc.h' file not found
#include <malloc.h>
         ^~~~~~~~~~
1 error generated.
make[1]: *** [CMakeFiles/cmTC_14573.dir/HAVE_MALLOC_H.c.o] Error 1
make: *** [cmTC_14573/fast] Error 2


Source:
/* */
#include <malloc.h>


int main(void){return 0;}

Determining if files socket.h exist failed with the following output:
Change Dir: /Users/jacksonchen/Documents/Github/temp/Thanksgiving-Hack/cmake/build/CMakeFiles/CMakeScratch/TryCompile-8ud8T3

Run Build Command(s):/usr/bin/make -f Makefile cmTC_b2b85/fast && /Applications/Xcode.app/Contents/Developer/usr/bin/make  -f CMakeFiles/cmTC_b2b85.dir/build.make CMakeFiles/cmTC_b2b85.dir/build
Building C object CMakeFiles/cmTC_b2b85.dir/HAVE_SOCKET_H.c.o
/Applications/Xcode.app/Contents/Developer/Toolchains/XcodeDefault.xctoolchain/usr/bin/cc   -arch arm64 -isysroot /Applications/Xcode.app/Contents/Developer/Platforms/MacOSX.platform/Developer/SDKs/MacOSX12.3.sdk -mmacosx-version-min=12.2 -fPIE -MD -MT CMakeFiles/cmTC_b2b85.dir/HAVE_SOCKET_H.c.o -MF CMakeFiles/cmTC_b2b85.dir/HAVE_SOCKET_H.c.o.d -o CMakeFiles/cmTC_b2b85.dir/HAVE_SOCKET_H.c.o -c /Users/jacksonchen/Documents/Github/temp/Thanksgiving-Hack/cmake/build/CMakeFiles/CMakeScratch/TryCompile-8ud8T3/HAVE_SOCKET_H.c
/Users/jacksonchen/Documents/Github/temp/Thanksgiving-Hack/cmake/build/CMakeFiles/CMakeScratch/TryCompile-8ud8T3/HAVE_SOCKET_H.c:2:10: fatal error: 'socket.h' file not found
#include <socket.h>
         ^~~~~~~~~~
1 error generated.
make[1]: *** [CMakeFiles/cmTC_b2b85.dir/HAVE_SOCKET_H.c.o] Error 1
make: *** [cmTC_b2b85/fast] Error 2


Source:
/* */
#include <socket.h>


int main(void){return 0;}

Determining if files stropts.h exist failed with the following output:
Change Dir: /Users/jacksonchen/Documents/Github/temp/Thanksgiving-Hack/cmake/build/CMakeFiles/CMakeScratch/TryCompile-Jhz755

Run Build Command(s):/usr/bin/make -f Makefile cmTC_dabaa/fast && /Applications/Xcode.app/Contents/Developer/usr/bin/make  -f CMakeFiles/cmTC_dabaa.dir/build.make CMakeFiles/cmTC_dabaa.dir/build
Building C object CMakeFiles/cmTC_dabaa.dir/HAVE_STROPTS_H.c.o
/Applications/Xcode.app/Contents/Developer/Toolchains/XcodeDefault.xctoolchain/usr/bin/cc   -arch arm64 -isysroot /Applications/Xcode.app/Contents/Developer/Platforms/MacOSX.platform/Developer/SDKs/MacOSX12.3.sdk -mmacosx-version-min=12.2 -fPIE -MD -MT CMakeFiles/cmTC_dabaa.dir/HAVE_STROPTS_H.c.o -MF CMakeFiles/cmTC_dabaa.dir/HAVE_STROPTS_H.c.o.d -o CMakeFiles/cmTC_dabaa.dir/HAVE_STROPTS_H.c.o -c /Users/jacksonchen/Documents/Github/temp/Thanksgiving-Hack/cmake/build/CMakeFiles/CMakeScratch/TryCompile-Jhz755/HAVE_STROPTS_H.c
/Users/jacksonchen/Documents/Github/temp/Thanksgiving-Hack/cmake/build/CMakeFiles/CMakeScratch/TryCompile-Jhz755/HAVE_STROPTS_H.c:2:10: fatal error: 'stropts.h' file not found
#include <stropts.h>
         ^~~~~~~~~~~
1 error generated.
make[1]: *** [CMakeFiles/cmTC_dabaa.dir/HAVE_STROPTS_H.c.o] Error 1
make: *** [cmTC_dabaa/fast] Error 2


Source:
/* */
#include <stropts.h>


int main(void){return 0;}

