The system is: Darwin - 21.3.0 - arm64
Compiling the C compiler identification source file "CMakeCCompilerId.c" succeeded.
Compiler: /Applications/Xcode.app/Contents/Developer/Toolchains/XcodeDefault.xctoolchain/usr/bin/cc 
Build flags: 
Id flags: -c 

The output was:
0


Compilation of the C compiler identification source "CMakeCCompilerId.c" produced "CMakeCCompilerId.o"

The C compiler identification is AppleClang, found in "/Users/jacksonchen/Documents/Github/temp/Thanksgiving-Hack/cmake/build/CMakeFiles/3.25.0/CompilerIdC/CMakeCCompilerId.o"

Compiling the CXX compiler identification source file "CMakeCXXCompilerId.cpp" succeeded.
Compiler: /Applications/Xcode.app/Contents/Developer/Toolchains/XcodeDefault.xctoolchain/usr/bin/c++ 
Build flags: 
Id flags: -c 

The output was:
0


Compilation of the CXX compiler identification source "CMakeCXXCompilerId.cpp" produced "CMakeCXXCompilerId.o"

The CXX compiler identification is AppleClang, found in "/Users/jacksonchen/Documents/Github/temp/Thanksgiving-Hack/cmake/build/CMakeFiles/3.25.0/CompilerIdCXX/CMakeCXXCompilerId.o"

Detecting C compiler ABI info compiled with the following output:
Change Dir: /Users/jacksonchen/Documents/Github/temp/Thanksgiving-Hack/cmake/build/CMakeFiles/CMakeScratch/TryCompile-mEIHgk

Run Build Command(s):/usr/bin/make -f Makefile cmTC_8bcd1/fast && /Applications/Xcode.app/Contents/Developer/usr/bin/make  -f CMakeFiles/cmTC_8bcd1.dir/build.make CMakeFiles/cmTC_8bcd1.dir/build
Building C object CMakeFiles/cmTC_8bcd1.dir/CMakeCCompilerABI.c.o
/Applications/Xcode.app/Contents/Developer/Toolchains/XcodeDefault.xctoolchain/usr/bin/cc   -arch arm64 -isysroot /Applications/Xcode.app/Contents/Developer/Platforms/MacOSX.platform/Developer/SDKs/MacOSX12.3.sdk -mmacosx-version-min=12.2   -v -Wl,-v -MD -MT CMakeFiles/cmTC_8bcd1.dir/CMakeCCompilerABI.c.o -MF CMakeFiles/cmTC_8bcd1.dir/CMakeCCompilerABI.c.o.d -o CMakeFiles/cmTC_8bcd1.dir/CMakeCCompilerABI.c.o -c /opt/homebrew/Cellar/cmake/3.25.0/share/cmake/Modules/CMakeCCompilerABI.c
Apple clang version 13.1.6 (clang-1316.0.21.2.5)
Target: arm64-apple-darwin21.3.0
Thread model: posix
InstalledDir: /Applications/Xcode.app/Contents/Developer/Toolchains/XcodeDefault.xctoolchain/usr/bin
clang: warning: -Wl,-v: 'linker' input unused [-Wunused-command-line-argument]
 "/Applications/Xcode.app/Contents/Developer/Toolchains/XcodeDefault.xctoolchain/usr/bin/clang" -cc1 -triple arm64-apple-macosx12.2.0 -Wundef-prefix=TARGET_OS_ -Wdeprecated-objc-isa-usage -Werror=deprecated-objc-isa-usage -Werror=implicit-function-declaration -emit-obj -mrelax-all --mrelax-relocations -disable-free -disable-llvm-verifier -discard-value-names -main-file-name CMakeCCompilerABI.c -mrelocation-model pic -pic-level 2 -mframe-pointer=non-leaf -fno-strict-return -fno-rounding-math -munwind-tables -target-sdk-version=12.3 -fvisibility-inlines-hidden-static-local-var -target-cpu apple-m1 -target-feature +v8.5a -target-feature +fp-armv8 -target-feature +neon -target-feature +crc -target-feature +crypto -target-feature +dotprod -target-feature +fp16fml -target-feature +ras -target-feature +lse -target-feature +rdm -target-feature +rcpc -target-feature +zcm -target-feature +zcz -target-feature +fullfp16 -target-feature +sm4 -target-feature +sha3 -target-feature +sha2 -target-feature +aes -target-abi darwinpcs -fallow-half-arguments-and-returns -debugger-tuning=lldb -target-linker-version 763 -v -resource-dir /Applications/Xcode.app/Contents/Developer/Toolchains/XcodeDefault.xctoolchain/usr/lib/clang/13.1.6 -dependency-file CMakeFiles/cmTC_8bcd1.dir/CMakeCCompilerABI.c.o.d -skip-unused-modulemap-deps -MT CMakeFiles/cmTC_8bcd1.dir/CMakeCCompilerABI.c.o -sys-header-deps -isysroot /Applications/Xcode.app/Contents/Developer/Platforms/MacOSX.platform/Developer/SDKs/MacOSX12.3.sdk -internal-isystem /Applications/Xcode.app/Contents/Developer/Platforms/MacOSX.platform/Developer/SDKs/MacOSX12.3.sdk/usr/local/include -internal-isystem /Applications/Xcode.app/Contents/Developer/Toolchains/XcodeDefault.xctoolchain/usr/lib/clang/13.1.6/include -internal-externc-isystem /Applications/Xcode.app/Contents/Developer/Platforms/MacOSX.platform/Developer/SDKs/MacOSX12.3.sdk/usr/include -internal-externc-isystem /Applications/Xcode.app/Contents/Developer/Toolchains/XcodeDefault.xctoolchain/usr/include -Wno-reorder-init-list -Wno-implicit-int-float-conversion -Wno-c99-designator -Wno-final-dtor-non-final-class -Wno-extra-semi-stmt -Wno-misleading-indentation -Wno-quoted-include-in-framework-header -Wno-implicit-fallthrough -Wno-enum-enum-conversion -Wno-enum-float-conversion -Wno-elaborated-enum-base -Wno-reserved-identifier -Wno-gnu-folding-constant -Wno-objc-load-method -fdebug-compilation-dir=/Users/jacksonchen/Documents/Github/temp/Thanksgiving-Hack/cmake/build/CMakeFiles/CMakeScratch/TryCompile-mEIHgk -ferror-limit 19 -stack-protector 1 -fstack-check -mdarwin-stkchk-strong-link -fblocks -fencode-extended-block-signature -fregister-global-dtors-with-atexit -fgnuc-version=4.2.1 -fmax-type-align=16 -fcommon -clang-vendor-feature=+messageToSelfInClassMethodIdReturnType -clang-vendor-feature=+disableInferNewAvailabilityFromInit -clang-vendor-feature=+disableNonDependentMemberExprInCurrentInstantiation -fno-odr-hash-protocols -clang-vendor-feature=+enableAggressiveVLAFolding -clang-vendor-feature=+revert09abecef7bbf -clang-vendor-feature=+thisNoAlignAttr -clang-vendor-feature=+thisNoNullAttr -mllvm -disable-aligned-alloc-awareness=1 -D__GCC_HAVE_DWARF2_CFI_ASM=1 -o CMakeFiles/cmTC_8bcd1.dir/CMakeCCompilerABI.c.o -x c /opt/homebrew/Cellar/cmake/3.25.0/share/cmake/Modules/CMakeCCompilerABI.c
clang -cc1 version 13.1.6 (clang-1316.0.21.2.5) default target arm64-apple-darwin21.3.0
ignoring nonexistent directory "/Applications/Xcode.app/Contents/Developer/Platforms/MacOSX.platform/Developer/SDKs/MacOSX12.3.sdk/usr/local/include"
ignoring nonexistent directory "/Applications/Xcode.app/Contents/Developer/Platforms/MacOSX.platform/Developer/SDKs/MacOSX12.3.sdk/Library/Frameworks"
#include "..." search starts here:
#include <...> search starts here:
 /Applications/Xcode.app/Contents/Developer/Toolchains/XcodeDefault.xctoolchain/usr/lib/clang/13.1.6/include
 /Applications/Xcode.app/Contents/Developer/Platforms/MacOSX.platform/Developer/SDKs/MacOSX12.3.sdk/usr/include
 /Applications/Xcode.app/Contents/Developer/Toolchains/XcodeDefault.xctoolchain/usr/include
 /Applications/Xcode.app/Contents/Developer/Platforms/MacOSX.platform/Developer/SDKs/MacOSX12.3.sdk/System/Library/Frameworks (framework directory)
End of search list.
Linking C executable cmTC_8bcd1
/opt/homebrew/Cellar/cmake/3.25.0/bin/cmake -E cmake_link_script CMakeFiles/cmTC_8bcd1.dir/link.txt --verbose=1
/Applications/Xcode.app/Contents/Developer/Toolchains/XcodeDefault.xctoolchain/usr/bin/cc  -arch arm64 -isysroot /Applications/Xcode.app/Contents/Developer/Platforms/MacOSX.platform/Developer/SDKs/MacOSX12.3.sdk -mmacosx-version-min=12.2 -Wl,-search_paths_first -Wl,-headerpad_max_install_names  -v -Wl,-v CMakeFiles/cmTC_8bcd1.dir/CMakeCCompilerABI.c.o -o cmTC_8bcd1 
Apple clang version 13.1.6 (clang-1316.0.21.2.5)
Target: arm64-apple-darwin21.3.0
Thread model: posix
InstalledDir: /Applications/Xcode.app/Contents/Developer/Toolchains/XcodeDefault.xctoolchain/usr/bin
 "/Applications/Xcode.app/Contents/Developer/Toolchains/XcodeDefault.xctoolchain/usr/bin/ld" -demangle -lto_library /Applications/Xcode.app/Contents/Developer/Toolchains/XcodeDefault.xctoolchain/usr/lib/libLTO.dylib -dynamic -arch arm64 -platform_version macos 12.2.0 12.3 -syslibroot /Applications/Xcode.app/Contents/Developer/Platforms/MacOSX.platform/Developer/SDKs/MacOSX12.3.sdk -o cmTC_8bcd1 -search_paths_first -headerpad_max_install_names -v CMakeFiles/cmTC_8bcd1.dir/CMakeCCompilerABI.c.o -lSystem /Applications/Xcode.app/Contents/Developer/Toolchains/XcodeDefault.xctoolchain/usr/lib/clang/13.1.6/lib/darwin/libclang_rt.osx.a
@(#)PROGRAM:ld  PROJECT:ld64-764
BUILD 11:29:07 May 17 2022
configured to support archs: armv6 armv7 armv7s arm64 arm64e arm64_32 i386 x86_64 x86_64h armv6m armv7k armv7m armv7em
Library search paths:
	/Applications/Xcode.app/Contents/Developer/Platforms/MacOSX.platform/Developer/SDKs/MacOSX12.3.sdk/usr/lib
Framework search paths:
	/Applications/Xcode.app/Contents/Developer/Platforms/MacOSX.platform/Developer/SDKs/MacOSX12.3.sdk/System/Library/Frameworks/



Parsed C implicit include dir info from above output: rv=done
  found start of include info
  found start of implicit include info
    add: [/Applications/Xcode.app/Contents/Developer/Toolchains/XcodeDefault.xctoolchain/usr/lib/clang/13.1.6/include]
    add: [/Applications/Xcode.app/Contents/Developer/Platforms/MacOSX.platform/Developer/SDKs/MacOSX12.3.sdk/usr/include]
    add: [/Applications/Xcode.app/Contents/Developer/Toolchains/XcodeDefault.xctoolchain/usr/include]
  end of search list found
  collapse include dir [/Applications/Xcode.app/Contents/Developer/Toolchains/XcodeDefault.xctoolchain/usr/lib/clang/13.1.6/include] ==> [/Applications/Xcode.app/Contents/Developer/Toolchains/XcodeDefault.xctoolchain/usr/lib/clang/13.1.6/include]
  collapse include dir [/Applications/Xcode.app/Contents/Developer/Platforms/MacOSX.platform/Developer/SDKs/MacOSX12.3.sdk/usr/include] ==> [/Applications/Xcode.app/Contents/Developer/Platforms/MacOSX.platform/Developer/SDKs/MacOSX12.3.sdk/usr/include]
  collapse include dir [/Applications/Xcode.app/Contents/Developer/Toolchains/XcodeDefault.xctoolchain/usr/include] ==> [/Applications/Xcode.app/Contents/Developer/Toolchains/XcodeDefault.xctoolchain/usr/include]
  implicit include dirs: [/Applications/Xcode.app/Contents/Developer/Toolchains/XcodeDefault.xctoolchain/usr/lib/clang/13.1.6/include;/Applications/Xcode.app/Contents/Developer/Platforms/MacOSX.platform/Developer/SDKs/MacOSX12.3.sdk/usr/include;/Applications/Xcode.app/Contents/Developer/Toolchains/XcodeDefault.xctoolchain/usr/include]


Parsed C implicit link information from above output:
  link line regex: [^( *|.*[/\])(ld|CMAKE_LINK_STARTFILE-NOTFOUND|([^/\]+-)?ld|collect2)[^/\]*( |$)]
  ignore line: [Change Dir: /Users/jacksonchen/Documents/Github/temp/Thanksgiving-Hack/cmake/build/CMakeFiles/CMakeScratch/TryCompile-mEIHgk]
  ignore line: []
  ignore line: [Run Build Command(s):/usr/bin/make -f Makefile cmTC_8bcd1/fast && /Applications/Xcode.app/Contents/Developer/usr/bin/make  -f CMakeFiles/cmTC_8bcd1.dir/build.make CMakeFiles/cmTC_8bcd1.dir/build]
  ignore line: [Building C object CMakeFiles/cmTC_8bcd1.dir/CMakeCCompilerABI.c.o]
  ignore line: [/Applications/Xcode.app/Contents/Developer/Toolchains/XcodeDefault.xctoolchain/usr/bin/cc   -arch arm64 -isysroot /Applications/Xcode.app/Contents/Developer/Platforms/MacOSX.platform/Developer/SDKs/MacOSX12.3.sdk -mmacosx-version-min=12.2   -v -Wl -v -MD -MT CMakeFiles/cmTC_8bcd1.dir/CMakeCCompilerABI.c.o -MF CMakeFiles/cmTC_8bcd1.dir/CMakeCCompilerABI.c.o.d -o CMakeFiles/cmTC_8bcd1.dir/CMakeCCompilerABI.c.o -c /opt/homebrew/Cellar/cmake/3.25.0/share/cmake/Modules/CMakeCCompilerABI.c]
  ignore line: [Apple clang version 13.1.6 (clang-1316.0.21.2.5)]
  ignore line: [Target: arm64-apple-darwin21.3.0]
  ignore line: [Thread model: posix]
  ignore line: [InstalledDir: /Applications/Xcode.app/Contents/Developer/Toolchains/XcodeDefault.xctoolchain/usr/bin]
  ignore line: [clang: warning: -Wl -v: 'linker' input unused [-Wunused-command-line-argument]]
  ignore line: [ "/Applications/Xcode.app/Contents/Developer/Toolchains/XcodeDefault.xctoolchain/usr/bin/clang" -cc1 -triple arm64-apple-macosx12.2.0 -Wundef-prefix=TARGET_OS_ -Wdeprecated-objc-isa-usage -Werror=deprecated-objc-isa-usage -Werror=implicit-function-declaration -emit-obj -mrelax-all --mrelax-relocations -disable-free -disable-llvm-verifier -discard-value-names -main-file-name CMakeCCompilerABI.c -mrelocation-model pic -pic-level 2 -mframe-pointer=non-leaf -fno-strict-return -fno-rounding-math -munwind-tables -target-sdk-version=12.3 -fvisibility-inlines-hidden-static-local-var -target-cpu apple-m1 -target-feature +v8.5a -target-feature +fp-armv8 -target-feature +neon -target-feature +crc -target-feature +crypto -target-feature +dotprod -target-feature +fp16fml -target-feature +ras -target-feature +lse -target-feature +rdm -target-feature +rcpc -target-feature +zcm -target-feature +zcz -target-feature +fullfp16 -target-feature +sm4 -target-feature +sha3 -target-feature +sha2 -target-feature +aes -target-abi darwinpcs -fallow-half-arguments-and-returns -debugger-tuning=lldb -target-linker-version 763 -v -resource-dir /Applications/Xcode.app/Contents/Developer/Toolchains/XcodeDefault.xctoolchain/usr/lib/clang/13.1.6 -dependency-file CMakeFiles/cmTC_8bcd1.dir/CMakeCCompilerABI.c.o.d -skip-unused-modulemap-deps -MT CMakeFiles/cmTC_8bcd1.dir/CMakeCCompilerABI.c.o -sys-header-deps -isysroot /Applications/Xcode.app/Contents/Developer/Platforms/MacOSX.platform/Developer/SDKs/MacOSX12.3.sdk -internal-isystem /Applications/Xcode.app/Contents/Developer/Platforms/MacOSX.platform/Developer/SDKs/MacOSX12.3.sdk/usr/local/include -internal-isystem /Applications/Xcode.app/Contents/Developer/Toolchains/XcodeDefault.xctoolchain/usr/lib/clang/13.1.6/include -internal-externc-isystem /Applications/Xcode.app/Contents/Developer/Platforms/MacOSX.platform/Developer/SDKs/MacOSX12.3.sdk/usr/include -internal-externc-isystem /Applications/Xcode.app/Contents/Developer/Toolchains/XcodeDefault.xctoolchain/usr/include -Wno-reorder-init-list -Wno-implicit-int-float-conversion -Wno-c99-designator -Wno-final-dtor-non-final-class -Wno-extra-semi-stmt -Wno-misleading-indentation -Wno-quoted-include-in-framework-header -Wno-implicit-fallthrough -Wno-enum-enum-conversion -Wno-enum-float-conversion -Wno-elaborated-enum-base -Wno-reserved-identifier -Wno-gnu-folding-constant -Wno-objc-load-method -fdebug-compilation-dir=/Users/jacksonchen/Documents/Github/temp/Thanksgiving-Hack/cmake/build/CMakeFiles/CMakeScratch/TryCompile-mEIHgk -ferror-limit 19 -stack-protector 1 -fstack-check -mdarwin-stkchk-strong-link -fblocks -fencode-extended-block-signature -fregister-global-dtors-with-atexit -fgnuc-version=4.2.1 -fmax-type-align=16 -fcommon -clang-vendor-feature=+messageToSelfInClassMethodIdReturnType -clang-vendor-feature=+disableInferNewAvailabilityFromInit -clang-vendor-feature=+disableNonDependentMemberExprInCurrentInstantiation -fno-odr-hash-protocols -clang-vendor-feature=+enableAggressiveVLAFolding -clang-vendor-feature=+revert09abecef7bbf -clang-vendor-feature=+thisNoAlignAttr -clang-vendor-feature=+thisNoNullAttr -mllvm -disable-aligned-alloc-awareness=1 -D__GCC_HAVE_DWARF2_CFI_ASM=1 -o CMakeFiles/cmTC_8bcd1.dir/CMakeCCompilerABI.c.o -x c /opt/homebrew/Cellar/cmake/3.25.0/share/cmake/Modules/CMakeCCompilerABI.c]
  ignore line: [clang -cc1 version 13.1.6 (clang-1316.0.21.2.5) default target arm64-apple-darwin21.3.0]
  ignore line: [ignoring nonexistent directory "/Applications/Xcode.app/Contents/Developer/Platforms/MacOSX.platform/Developer/SDKs/MacOSX12.3.sdk/usr/local/include"]
  ignore line: [ignoring nonexistent directory "/Applications/Xcode.app/Contents/Developer/Platforms/MacOSX.platform/Developer/SDKs/MacOSX12.3.sdk/Library/Frameworks"]
  ignore line: [#include "..." search starts here:]
  ignore line: [#include <...> search starts here:]
  ignore line: [ /Applications/Xcode.app/Contents/Developer/Toolchains/XcodeDefault.xctoolchain/usr/lib/clang/13.1.6/include]
  ignore line: [ /Applications/Xcode.app/Contents/Developer/Platforms/MacOSX.platform/Developer/SDKs/MacOSX12.3.sdk/usr/include]
  ignore line: [ /Applications/Xcode.app/Contents/Developer/Toolchains/XcodeDefault.xctoolchain/usr/include]
  ignore line: [ /Applications/Xcode.app/Contents/Developer/Platforms/MacOSX.platform/Developer/SDKs/MacOSX12.3.sdk/System/Library/Frameworks (framework directory)]
  ignore line: [End of search list.]
  ignore line: [Linking C executable cmTC_8bcd1]
  ignore line: [/opt/homebrew/Cellar/cmake/3.25.0/bin/cmake -E cmake_link_script CMakeFiles/cmTC_8bcd1.dir/link.txt --verbose=1]
  ignore line: [/Applications/Xcode.app/Contents/Developer/Toolchains/XcodeDefault.xctoolchain/usr/bin/cc  -arch arm64 -isysroot /Applications/Xcode.app/Contents/Developer/Platforms/MacOSX.platform/Developer/SDKs/MacOSX12.3.sdk -mmacosx-version-min=12.2 -Wl -search_paths_first -Wl -headerpad_max_install_names  -v -Wl -v CMakeFiles/cmTC_8bcd1.dir/CMakeCCompilerABI.c.o -o cmTC_8bcd1 ]
  ignore line: [Apple clang version 13.1.6 (clang-1316.0.21.2.5)]
  ignore line: [Target: arm64-apple-darwin21.3.0]
  ignore line: [Thread model: posix]
  ignore line: [InstalledDir: /Applications/Xcode.app/Contents/Developer/Toolchains/XcodeDefault.xctoolchain/usr/bin]
  link line: [ "/Applications/Xcode.app/Contents/Developer/Toolchains/XcodeDefault.xctoolchain/usr/bin/ld" -demangle -lto_library /Applications/Xcode.app/Contents/Developer/Toolchains/XcodeDefault.xctoolchain/usr/lib/libLTO.dylib -dynamic -arch arm64 -platform_version macos 12.2.0 12.3 -syslibroot /Applications/Xcode.app/Contents/Developer/Platforms/MacOSX.platform/Developer/SDKs/MacOSX12.3.sdk -o cmTC_8bcd1 -search_paths_first -headerpad_max_install_names -v CMakeFiles/cmTC_8bcd1.dir/CMakeCCompilerABI.c.o -lSystem /Applications/Xcode.app/Contents/Developer/Toolchains/XcodeDefault.xctoolchain/usr/lib/clang/13.1.6/lib/darwin/libclang_rt.osx.a]
    arg [/Applications/Xcode.app/Contents/Developer/Toolchains/XcodeDefault.xctoolchain/usr/bin/ld] ==> ignore
    arg [-demangle] ==> ignore
    arg [-lto_library] ==> ignore, skip following value
    arg [/Applications/Xcode.app/Contents/Developer/Toolchains/XcodeDefault.xctoolchain/usr/lib/libLTO.dylib] ==> skip value of -lto_library
    arg [-dynamic] ==> ignore
    arg [-arch] ==> ignore
    arg [arm64] ==> ignore
    arg [-platform_version] ==> ignore
    arg [macos] ==> ignore
    arg [12.2.0] ==> ignore
    arg [12.3] ==> ignore
    arg [-syslibroot] ==> ignore
    arg [/Applications/Xcode.app/Contents/Developer/Platforms/MacOSX.platform/Developer/SDKs/MacOSX12.3.sdk] ==> ignore
    arg [-o] ==> ignore
    arg [cmTC_8bcd1] ==> ignore
    arg [-search_paths_first] ==> ignore
    arg [-headerpad_max_install_names] ==> ignore
    arg [-v] ==> ignore
    arg [CMakeFiles/cmTC_8bcd1.dir/CMakeCCompilerABI.c.o] ==> ignore
    arg [-lSystem] ==> lib [System]
    arg [/Applications/Xcode.app/Contents/Developer/Toolchains/XcodeDefault.xctoolchain/usr/lib/clang/13.1.6/lib/darwin/libclang_rt.osx.a] ==> lib [/Applications/Xcode.app/Contents/Developer/Toolchains/XcodeDefault.xctoolchain/usr/lib/clang/13.1.6/lib/darwin/libclang_rt.osx.a]
  Library search paths: [;/Applications/Xcode.app/Contents/Developer/Platforms/MacOSX.platform/Developer/SDKs/MacOSX12.3.sdk/usr/lib]
  Framework search paths: [;/Applications/Xcode.app/Contents/Developer/Platforms/MacOSX.platform/Developer/SDKs/MacOSX12.3.sdk/System/Library/Frameworks/]
  remove lib [System]
  remove lib [/Applications/Xcode.app/Contents/Developer/Toolchains/XcodeDefault.xctoolchain/usr/lib/clang/13.1.6/lib/darwin/libclang_rt.osx.a]
  collapse library dir [/Applications/Xcode.app/Contents/Developer/Platforms/MacOSX.platform/Developer/SDKs/MacOSX12.3.sdk/usr/lib] ==> [/Applications/Xcode.app/Contents/Developer/Platforms/MacOSX.platform/Developer/SDKs/MacOSX12.3.sdk/usr/lib]
  collapse framework dir [/Applications/Xcode.app/Contents/Developer/Platforms/MacOSX.platform/Developer/SDKs/MacOSX12.3.sdk/System/Library/Frameworks/] ==> [/Applications/Xcode.app/Contents/Developer/Platforms/MacOSX.platform/Developer/SDKs/MacOSX12.3.sdk/System/Library/Frameworks]
  implicit libs: []
  implicit objs: []
  implicit dirs: [/Applications/Xcode.app/Contents/Developer/Platforms/MacOSX.platform/Developer/SDKs/MacOSX12.3.sdk/usr/lib]
  implicit fwks: [/Applications/Xcode.app/Contents/Developer/Platforms/MacOSX.platform/Developer/SDKs/MacOSX12.3.sdk/System/Library/Frameworks]


Detecting CXX compiler ABI info compiled with the following output:
Change Dir: /Users/jacksonchen/Documents/Github/temp/Thanksgiving-Hack/cmake/build/CMakeFiles/CMakeScratch/TryCompile-HCTmP6

Run Build Command(s):/usr/bin/make -f Makefile cmTC_1c3cd/fast && /Applications/Xcode.app/Contents/Developer/usr/bin/make  -f CMakeFiles/cmTC_1c3cd.dir/build.make CMakeFiles/cmTC_1c3cd.dir/build
Building CXX object CMakeFiles/cmTC_1c3cd.dir/CMakeCXXCompilerABI.cpp.o
/Applications/Xcode.app/Contents/Developer/Toolchains/XcodeDefault.xctoolchain/usr/bin/c++   -arch arm64 -isysroot /Applications/Xcode.app/Contents/Developer/Platforms/MacOSX.platform/Developer/SDKs/MacOSX12.3.sdk -mmacosx-version-min=12.2   -v -Wl,-v -MD -MT CMakeFiles/cmTC_1c3cd.dir/CMakeCXXCompilerABI.cpp.o -MF CMakeFiles/cmTC_1c3cd.dir/CMakeCXXCompilerABI.cpp.o.d -o CMakeFiles/cmTC_1c3cd.dir/CMakeCXXCompilerABI.cpp.o -c /opt/homebrew/Cellar/cmake/3.25.0/share/cmake/Modules/CMakeCXXCompilerABI.cpp
Apple clang version 13.1.6 (clang-1316.0.21.2.5)
Target: arm64-apple-darwin21.3.0
Thread model: posix
InstalledDir: /Applications/Xcode.app/Contents/Developer/Toolchains/XcodeDefault.xctoolchain/usr/bin
clang: warning: -Wl,-v: 'linker' input unused [-Wunused-command-line-argument]
 "/Applications/Xcode.app/Contents/Developer/Toolchains/XcodeDefault.xctoolchain/usr/bin/clang" -cc1 -triple arm64-apple-macosx12.2.0 -Wundef-prefix=TARGET_OS_ -Wdeprecated-objc-isa-usage -Werror=deprecated-objc-isa-usage -Werror=implicit-function-declaration -emit-obj -mrelax-all --mrelax-relocations -disable-free -disable-llvm-verifier -discard-value-names -main-file-name CMakeCXXCompilerABI.cpp -mrelocation-model pic -pic-level 2 -mframe-pointer=non-leaf -fno-strict-return -fno-rounding-math -munwind-tables -target-sdk-version=12.3 -fvisibility-inlines-hidden-static-local-var -target-cpu apple-m1 -target-feature +v8.5a -target-feature +fp-armv8 -target-feature +neon -target-feature +crc -target-feature +crypto -target-feature +dotprod -target-feature +fp16fml -target-feature +ras -target-feature +lse -target-feature +rdm -target-feature +rcpc -target-feature +zcm -target-feature +zcz -target-feature +fullfp16 -target-feature +sm4 -target-feature +sha3 -target-feature +sha2 -target-feature +aes -target-abi darwinpcs -fallow-half-arguments-and-returns -debugger-tuning=lldb -target-linker-version 763 -v -resource-dir /Applications/Xcode.app/Contents/Developer/Toolchains/XcodeDefault.xctoolchain/usr/lib/clang/13.1.6 -dependency-file CMakeFiles/cmTC_1c3cd.dir/CMakeCXXCompilerABI.cpp.o.d -skip-unused-modulemap-deps -MT CMakeFiles/cmTC_1c3cd.dir/CMakeCXXCompilerABI.cpp.o -sys-header-deps -isysroot /Applications/Xcode.app/Contents/Developer/Platforms/MacOSX.platform/Developer/SDKs/MacOSX12.3.sdk -stdlib=libc++ -internal-isystem /Applications/Xcode.app/Contents/Developer/Platforms/MacOSX.platform/Developer/SDKs/MacOSX12.3.sdk/usr/include/c++/v1 -internal-isystem /Applications/Xcode.app/Contents/Developer/Platforms/MacOSX.platform/Developer/SDKs/MacOSX12.3.sdk/usr/local/include -internal-isystem /Applications/Xcode.app/Contents/Developer/Toolchains/XcodeDefault.xctoolchain/usr/lib/clang/13.1.6/include -internal-externc-isystem /Applications/Xcode.app/Contents/Developer/Platforms/MacOSX.platform/Developer/SDKs/MacOSX12.3.sdk/usr/include -internal-externc-isystem /Applications/Xcode.app/Contents/Developer/Toolchains/XcodeDefault.xctoolchain/usr/include -Wno-reorder-init-list -Wno-implicit-int-float-conversion -Wno-c99-designator -Wno-final-dtor-non-final-class -Wno-extra-semi-stmt -Wno-misleading-indentation -Wno-quoted-include-in-framework-header -Wno-implicit-fallthrough -Wno-enum-enum-conversion -Wno-enum-float-conversion -Wno-elaborated-enum-base -Wno-reserved-identifier -Wno-gnu-folding-constant -Wno-objc-load-method -fdeprecated-macro -fdebug-compilation-dir=/Users/jacksonchen/Documents/Github/temp/Thanksgiving-Hack/cmake/build/CMakeFiles/CMakeScratch/TryCompile-HCTmP6 -ferror-limit 19 -stack-protector 1 -fstack-check -mdarwin-stkchk-strong-link -fblocks -fencode-extended-block-signature -fregister-global-dtors-with-atexit -fgnuc-version=4.2.1 -fno-cxx-modules -fcxx-exceptions -fexceptions -fmax-type-align=16 -fcommon -clang-vendor-feature=+messageToSelfInClassMethodIdReturnType -clang-vendor-feature=+disableInferNewAvailabilityFromInit -clang-vendor-feature=+disableNonDependentMemberExprInCurrentInstantiation -fno-odr-hash-protocols -clang-vendor-feature=+enableAggressiveVLAFolding -clang-vendor-feature=+revert09abecef7bbf -clang-vendor-feature=+thisNoAlignAttr -clang-vendor-feature=+thisNoNullAttr -mllvm -disable-aligned-alloc-awareness=1 -D__GCC_HAVE_DWARF2_CFI_ASM=1 -o CMakeFiles/cmTC_1c3cd.dir/CMakeCXXCompilerABI.cpp.o -x c++ /opt/homebrew/Cellar/cmake/3.25.0/share/cmake/Modules/CMakeCXXCompilerABI.cpp
clang -cc1 version 13.1.6 (clang-1316.0.21.2.5) default target arm64-apple-darwin21.3.0
ignoring nonexistent directory "/Applications/Xcode.app/Contents/Developer/Platforms/MacOSX.platform/Developer/SDKs/MacOSX12.3.sdk/usr/local/include"
ignoring nonexistent directory "/Applications/Xcode.app/Contents/Developer/Platforms/MacOSX.platform/Developer/SDKs/MacOSX12.3.sdk/Library/Frameworks"
#include "..." search starts here:
#include <...> search starts here:
 /Applications/Xcode.app/Contents/Developer/Platforms/MacOSX.platform/Developer/SDKs/MacOSX12.3.sdk/usr/include/c++/v1
 /Applications/Xcode.app/Contents/Developer/Toolchains/XcodeDefault.xctoolchain/usr/lib/clang/13.1.6/include
 /Applications/Xcode.app/Contents/Developer/Platforms/MacOSX.platform/Developer/SDKs/MacOSX12.3.sdk/usr/include
 /Applications/Xcode.app/Contents/Developer/Toolchains/XcodeDefault.xctoolchain/usr/include
 /Applications/Xcode.app/Contents/Developer/Platforms/MacOSX.platform/Developer/SDKs/MacOSX12.3.sdk/System/Library/Frameworks (framework directory)
End of search list.
Linking CXX executable cmTC_1c3cd
/opt/homebrew/Cellar/cmake/3.25.0/bin/cmake -E cmake_link_script CMakeFiles/cmTC_1c3cd.dir/link.txt --verbose=1
/Applications/Xcode.app/Contents/Developer/Toolchains/XcodeDefault.xctoolchain/usr/bin/c++  -arch arm64 -isysroot /Applications/Xcode.app/Contents/Developer/Platforms/MacOSX.platform/Developer/SDKs/MacOSX12.3.sdk -mmacosx-version-min=12.2 -Wl,-search_paths_first -Wl,-headerpad_max_install_names  -v -Wl,-v CMakeFiles/cmTC_1c3cd.dir/CMakeCXXCompilerABI.cpp.o -o cmTC_1c3cd 
Apple clang version 13.1.6 (clang-1316.0.21.2.5)
Target: arm64-apple-darwin21.3.0
Thread model: posix
InstalledDir: /Applications/Xcode.app/Contents/Developer/Toolchains/XcodeDefault.xctoolchain/usr/bin
 "/Applications/Xcode.app/Contents/Developer/Toolchains/XcodeDefault.xctoolchain/usr/bin/ld" -demangle -lto_library /Applications/Xcode.app/Contents/Developer/Toolchains/XcodeDefault.xctoolchain/usr/lib/libLTO.dylib -dynamic -arch arm64 -platform_version macos 12.2.0 12.3 -syslibroot /Applications/Xcode.app/Contents/Developer/Platforms/MacOSX.platform/Developer/SDKs/MacOSX12.3.sdk -o cmTC_1c3cd -search_paths_first -headerpad_max_install_names -v CMakeFiles/cmTC_1c3cd.dir/CMakeCXXCompilerABI.cpp.o -lc++ -lSystem /Applications/Xcode.app/Contents/Developer/Toolchains/XcodeDefault.xctoolchain/usr/lib/clang/13.1.6/lib/darwin/libclang_rt.osx.a
@(#)PROGRAM:ld  PROJECT:ld64-764
BUILD 11:29:07 May 17 2022
configured to support archs: armv6 armv7 armv7s arm64 arm64e arm64_32 i386 x86_64 x86_64h armv6m armv7k armv7m armv7em
Library search paths:
	/Applications/Xcode.app/Contents/Developer/Platforms/MacOSX.platform/Developer/SDKs/MacOSX12.3.sdk/usr/lib
Framework search paths:
	/Applications/Xcode.app/Contents/Developer/Platforms/MacOSX.platform/Developer/SDKs/MacOSX12.3.sdk/System/Library/Frameworks/



Parsed CXX implicit include dir info from above output: rv=done
  found start of include info
  found start of implicit include info
    add: [/Applications/Xcode.app/Contents/Developer/Platforms/MacOSX.platform/Developer/SDKs/MacOSX12.3.sdk/usr/include/c++/v1]
    add: [/Applications/Xcode.app/Contents/Developer/Toolchains/XcodeDefault.xctoolchain/usr/lib/clang/13.1.6/include]
    add: [/Applications/Xcode.app/Contents/Developer/Platforms/MacOSX.platform/Developer/SDKs/MacOSX12.3.sdk/usr/include]
    add: [/Applications/Xcode.app/Contents/Developer/Toolchains/XcodeDefault.xctoolchain/usr/include]
  end of search list found
  collapse include dir [/Applications/Xcode.app/Contents/Developer/Platforms/MacOSX.platform/Developer/SDKs/MacOSX12.3.sdk/usr/include/c++/v1] ==> [/Applications/Xcode.app/Contents/Developer/Platforms/MacOSX.platform/Developer/SDKs/MacOSX12.3.sdk/usr/include/c++/v1]
  collapse include dir [/Applications/Xcode.app/Contents/Developer/Toolchains/XcodeDefault.xctoolchain/usr/lib/clang/13.1.6/include] ==> [/Applications/Xcode.app/Contents/Developer/Toolchains/XcodeDefault.xctoolchain/usr/lib/clang/13.1.6/include]
  collapse include dir [/Applications/Xcode.app/Contents/Developer/Platforms/MacOSX.platform/Developer/SDKs/MacOSX12.3.sdk/usr/include] ==> [/Applications/Xcode.app/Contents/Developer/Platforms/MacOSX.platform/Developer/SDKs/MacOSX12.3.sdk/usr/include]
  collapse include dir [/Applications/Xcode.app/Contents/Developer/Toolchains/XcodeDefault.xctoolchain/usr/include] ==> [/Applications/Xcode.app/Contents/Developer/Toolchains/XcodeDefault.xctoolchain/usr/include]
  implicit include dirs: [/Applications/Xcode.app/Contents/Developer/Platforms/MacOSX.platform/Developer/SDKs/MacOSX12.3.sdk/usr/include/c++/v1;/Applications/Xcode.app/Contents/Developer/Toolchains/XcodeDefault.xctoolchain/usr/lib/clang/13.1.6/include;/Applications/Xcode.app/Contents/Developer/Platforms/MacOSX.platform/Developer/SDKs/MacOSX12.3.sdk/usr/include;/Applications/Xcode.app/Contents/Developer/Toolchains/XcodeDefault.xctoolchain/usr/include]


Parsed CXX implicit link information from above output:
  link line regex: [^( *|.*[/\])(ld|CMAKE_LINK_STARTFILE-NOTFOUND|([^/\]+-)?ld|collect2)[^/\]*( |$)]
  ignore line: [Change Dir: /Users/jacksonchen/Documents/Github/temp/Thanksgiving-Hack/cmake/build/CMakeFiles/CMakeScratch/TryCompile-HCTmP6]
  ignore line: []
  ignore line: [Run Build Command(s):/usr/bin/make -f Makefile cmTC_1c3cd/fast && /Applications/Xcode.app/Contents/Developer/usr/bin/make  -f CMakeFiles/cmTC_1c3cd.dir/build.make CMakeFiles/cmTC_1c3cd.dir/build]
  ignore line: [Building CXX object CMakeFiles/cmTC_1c3cd.dir/CMakeCXXCompilerABI.cpp.o]
  ignore line: [/Applications/Xcode.app/Contents/Developer/Toolchains/XcodeDefault.xctoolchain/usr/bin/c++   -arch arm64 -isysroot /Applications/Xcode.app/Contents/Developer/Platforms/MacOSX.platform/Developer/SDKs/MacOSX12.3.sdk -mmacosx-version-min=12.2   -v -Wl -v -MD -MT CMakeFiles/cmTC_1c3cd.dir/CMakeCXXCompilerABI.cpp.o -MF CMakeFiles/cmTC_1c3cd.dir/CMakeCXXCompilerABI.cpp.o.d -o CMakeFiles/cmTC_1c3cd.dir/CMakeCXXCompilerABI.cpp.o -c /opt/homebrew/Cellar/cmake/3.25.0/share/cmake/Modules/CMakeCXXCompilerABI.cpp]
  ignore line: [Apple clang version 13.1.6 (clang-1316.0.21.2.5)]
  ignore line: [Target: arm64-apple-darwin21.3.0]
  ignore line: [Thread model: posix]
  ignore line: [InstalledDir: /Applications/Xcode.app/Contents/Developer/Toolchains/XcodeDefault.xctoolchain/usr/bin]
  ignore line: [clang: warning: -Wl -v: 'linker' input unused [-Wunused-command-line-argument]]
  ignore line: [ "/Applications/Xcode.app/Contents/Developer/Toolchains/XcodeDefault.xctoolchain/usr/bin/clang" -cc1 -triple arm64-apple-macosx12.2.0 -Wundef-prefix=TARGET_OS_ -Wdeprecated-objc-isa-usage -Werror=deprecated-objc-isa-usage -Werror=implicit-function-declaration -emit-obj -mrelax-all --mrelax-relocations -disable-free -disable-llvm-verifier -discard-value-names -main-file-name CMakeCXXCompilerABI.cpp -mrelocation-model pic -pic-level 2 -mframe-pointer=non-leaf -fno-strict-return -fno-rounding-math -munwind-tables -target-sdk-version=12.3 -fvisibility-inlines-hidden-static-local-var -target-cpu apple-m1 -target-feature +v8.5a -target-feature +fp-armv8 -target-feature +neon -target-feature +crc -target-feature +crypto -target-feature +dotprod -target-feature +fp16fml -target-feature +ras -target-feature +lse -target-feature +rdm -target-feature +rcpc -target-feature +zcm -target-feature +zcz -target-feature +fullfp16 -target-feature +sm4 -target-feature +sha3 -target-feature +sha2 -target-feature +aes -target-abi darwinpcs -fallow-half-arguments-and-returns -debugger-tuning=lldb -target-linker-version 763 -v -resource-dir /Applications/Xcode.app/Contents/Developer/Toolchains/XcodeDefault.xctoolchain/usr/lib/clang/13.1.6 -dependency-file CMakeFiles/cmTC_1c3cd.dir/CMakeCXXCompilerABI.cpp.o.d -skip-unused-modulemap-deps -MT CMakeFiles/cmTC_1c3cd.dir/CMakeCXXCompilerABI.cpp.o -sys-header-deps -isysroot /Applications/Xcode.app/Contents/Developer/Platforms/MacOSX.platform/Developer/SDKs/MacOSX12.3.sdk -stdlib=libc++ -internal-isystem /Applications/Xcode.app/Contents/Developer/Platforms/MacOSX.platform/Developer/SDKs/MacOSX12.3.sdk/usr/include/c++/v1 -internal-isystem /Applications/Xcode.app/Contents/Developer/Platforms/MacOSX.platform/Developer/SDKs/MacOSX12.3.sdk/usr/local/include -internal-isystem /Applications/Xcode.app/Contents/Developer/Toolchains/XcodeDefault.xctoolchain/usr/lib/clang/13.1.6/include -internal-externc-isystem /Applications/Xcode.app/Contents/Developer/Platforms/MacOSX.platform/Developer/SDKs/MacOSX12.3.sdk/usr/include -internal-externc-isystem /Applications/Xcode.app/Contents/Developer/Toolchains/XcodeDefault.xctoolchain/usr/include -Wno-reorder-init-list -Wno-implicit-int-float-conversion -Wno-c99-designator -Wno-final-dtor-non-final-class -Wno-extra-semi-stmt -Wno-misleading-indentation -Wno-quoted-include-in-framework-header -Wno-implicit-fallthrough -Wno-enum-enum-conversion -Wno-enum-float-conversion -Wno-elaborated-enum-base -Wno-reserved-identifier -Wno-gnu-folding-constant -Wno-objc-load-method -fdeprecated-macro -fdebug-compilation-dir=/Users/jacksonchen/Documents/Github/temp/Thanksgiving-Hack/cmake/build/CMakeFiles/CMakeScratch/TryCompile-HCTmP6 -ferror-limit 19 -stack-protector 1 -fstack-check -mdarwin-stkchk-strong-link -fblocks -fencode-extended-block-signature -fregister-global-dtors-with-atexit -fgnuc-version=4.2.1 -fno-cxx-modules -fcxx-exceptions -fexceptions -fmax-type-align=16 -fcommon -clang-vendor-feature=+messageToSelfInClassMethodIdReturnType -clang-vendor-feature=+disableInferNewAvailabilityFromInit -clang-vendor-feature=+disableNonDependentMemberExprInCurrentInstantiation -fno-odr-hash-protocols -clang-vendor-feature=+enableAggressiveVLAFolding -clang-vendor-feature=+revert09abecef7bbf -clang-vendor-feature=+thisNoAlignAttr -clang-vendor-feature=+thisNoNullAttr -mllvm -disable-aligned-alloc-awareness=1 -D__GCC_HAVE_DWARF2_CFI_ASM=1 -o CMakeFiles/cmTC_1c3cd.dir/CMakeCXXCompilerABI.cpp.o -x c++ /opt/homebrew/Cellar/cmake/3.25.0/share/cmake/Modules/CMakeCXXCompilerABI.cpp]
  ignore line: [clang -cc1 version 13.1.6 (clang-1316.0.21.2.5) default target arm64-apple-darwin21.3.0]
  ignore line: [ignoring nonexistent directory "/Applications/Xcode.app/Contents/Developer/Platforms/MacOSX.platform/Developer/SDKs/MacOSX12.3.sdk/usr/local/include"]
  ignore line: [ignoring nonexistent directory "/Applications/Xcode.app/Contents/Developer/Platforms/MacOSX.platform/Developer/SDKs/MacOSX12.3.sdk/Library/Frameworks"]
  ignore line: [#include "..." search starts here:]
  ignore line: [#include <...> search starts here:]
  ignore line: [ /Applications/Xcode.app/Contents/Developer/Platforms/MacOSX.platform/Developer/SDKs/MacOSX12.3.sdk/usr/include/c++/v1]
  ignore line: [ /Applications/Xcode.app/Contents/Developer/Toolchains/XcodeDefault.xctoolchain/usr/lib/clang/13.1.6/include]
  ignore line: [ /Applications/Xcode.app/Contents/Developer/Platforms/MacOSX.platform/Developer/SDKs/MacOSX12.3.sdk/usr/include]
  ignore line: [ /Applications/Xcode.app/Contents/Developer/Toolchains/XcodeDefault.xctoolchain/usr/include]
  ignore line: [ /Applications/Xcode.app/Contents/Developer/Platforms/MacOSX.platform/Developer/SDKs/MacOSX12.3.sdk/System/Library/Frameworks (framework directory)]
  ignore line: [End of search list.]
  ignore line: [Linking CXX executable cmTC_1c3cd]
  ignore line: [/opt/homebrew/Cellar/cmake/3.25.0/bin/cmake -E cmake_link_script CMakeFiles/cmTC_1c3cd.dir/link.txt --verbose=1]
  ignore line: [/Applications/Xcode.app/Contents/Developer/Toolchains/XcodeDefault.xctoolchain/usr/bin/c++  -arch arm64 -isysroot /Applications/Xcode.app/Contents/Developer/Platforms/MacOSX.platform/Developer/SDKs/MacOSX12.3.sdk -mmacosx-version-min=12.2 -Wl -search_paths_first -Wl -headerpad_max_install_names  -v -Wl -v CMakeFiles/cmTC_1c3cd.dir/CMakeCXXCompilerABI.cpp.o -o cmTC_1c3cd ]
  ignore line: [Apple clang version 13.1.6 (clang-1316.0.21.2.5)]
  ignore line: [Target: arm64-apple-darwin21.3.0]
  ignore line: [Thread model: posix]
  ignore line: [InstalledDir: /Applications/Xcode.app/Contents/Developer/Toolchains/XcodeDefault.xctoolchain/usr/bin]
  link line: [ "/Applications/Xcode.app/Contents/Developer/Toolchains/XcodeDefault.xctoolchain/usr/bin/ld" -demangle -lto_library /Applications/Xcode.app/Contents/Developer/Toolchains/XcodeDefault.xctoolchain/usr/lib/libLTO.dylib -dynamic -arch arm64 -platform_version macos 12.2.0 12.3 -syslibroot /Applications/Xcode.app/Contents/Developer/Platforms/MacOSX.platform/Developer/SDKs/MacOSX12.3.sdk -o cmTC_1c3cd -search_paths_first -headerpad_max_install_names -v CMakeFiles/cmTC_1c3cd.dir/CMakeCXXCompilerABI.cpp.o -lc++ -lSystem /Applications/Xcode.app/Contents/Developer/Toolchains/XcodeDefault.xctoolchain/usr/lib/clang/13.1.6/lib/darwin/libclang_rt.osx.a]
    arg [/Applications/Xcode.app/Contents/Developer/Toolchains/XcodeDefault.xctoolchain/usr/bin/ld] ==> ignore
    arg [-demangle] ==> ignore
    arg [-lto_library] ==> ignore, skip following value
    arg [/Applications/Xcode.app/Contents/Developer/Toolchains/XcodeDefault.xctoolchain/usr/lib/libLTO.dylib] ==> skip value of -lto_library
    arg [-dynamic] ==> ignore
    arg [-arch] ==> ignore
    arg [arm64] ==> ignore
    arg [-platform_version] ==> ignore
    arg [macos] ==> ignore
    arg [12.2.0] ==> ignore
    arg [12.3] ==> ignore
    arg [-syslibroot] ==> ignore
    arg [/Applications/Xcode.app/Contents/Developer/Platforms/MacOSX.platform/Developer/SDKs/MacOSX12.3.sdk] ==> ignore
    arg [-o] ==> ignore
    arg [cmTC_1c3cd] ==> ignore
    arg [-search_paths_first] ==> ignore
    arg [-headerpad_max_install_names] ==> ignore
    arg [-v] ==> ignore
    arg [CMakeFiles/cmTC_1c3cd.dir/CMakeCXXCompilerABI.cpp.o] ==> ignore
    arg [-lc++] ==> lib [c++]
    arg [-lSystem] ==> lib [System]
    arg [/Applications/Xcode.app/Contents/Developer/Toolchains/XcodeDefault.xctoolchain/usr/lib/clang/13.1.6/lib/darwin/libclang_rt.osx.a] ==> lib [/Applications/Xcode.app/Contents/Developer/Toolchains/XcodeDefault.xctoolchain/usr/lib/clang/13.1.6/lib/darwin/libclang_rt.osx.a]
  Library search paths: [;/Applications/Xcode.app/Contents/Developer/Platforms/MacOSX.platform/Developer/SDKs/MacOSX12.3.sdk/usr/lib]
  Framework search paths: [;/Applications/Xcode.app/Contents/Developer/Platforms/MacOSX.platform/Developer/SDKs/MacOSX12.3.sdk/System/Library/Frameworks/]
  remove lib [System]
  remove lib [/Applications/Xcode.app/Contents/Developer/Toolchains/XcodeDefault.xctoolchain/usr/lib/clang/13.1.6/lib/darwin/libclang_rt.osx.a]
  collapse library dir [/Applications/Xcode.app/Contents/Developer/Platforms/MacOSX.platform/Developer/SDKs/MacOSX12.3.sdk/usr/lib] ==> [/Applications/Xcode.app/Contents/Developer/Platforms/MacOSX.platform/Developer/SDKs/MacOSX12.3.sdk/usr/lib]
  collapse framework dir [/Applications/Xcode.app/Contents/Developer/Platforms/MacOSX.platform/Developer/SDKs/MacOSX12.3.sdk/System/Library/Frameworks/] ==> [/Applications/Xcode.app/Contents/Developer/Platforms/MacOSX.platform/Developer/SDKs/MacOSX12.3.sdk/System/Library/Frameworks]
  implicit libs: [c++]
  implicit objs: []
  implicit dirs: [/Applications/Xcode.app/Contents/Developer/Platforms/MacOSX.platform/Developer/SDKs/MacOSX12.3.sdk/usr/lib]
  implicit fwks: [/Applications/Xcode.app/Contents/Developer/Platforms/MacOSX.platform/Developer/SDKs/MacOSX12.3.sdk/System/Library/Frameworks]


Performing C SOURCE FILE Test CMAKE_HAVE_LIBC_PTHREAD succeeded with the following output:
Change Dir: /Users/jacksonchen/Documents/Github/temp/Thanksgiving-Hack/cmake/build/CMakeFiles/CMakeScratch/TryCompile-TkQKCH

Run Build Command(s):/usr/bin/make -f Makefile cmTC_742ae/fast && /Applications/Xcode.app/Contents/Developer/usr/bin/make  -f CMakeFiles/cmTC_742ae.dir/build.make CMakeFiles/cmTC_742ae.dir/build
Building C object CMakeFiles/cmTC_742ae.dir/src.c.o
/Applications/Xcode.app/Contents/Developer/Toolchains/XcodeDefault.xctoolchain/usr/bin/cc -DCMAKE_HAVE_LIBC_PTHREAD  -arch arm64 -isysroot /Applications/Xcode.app/Contents/Developer/Platforms/MacOSX.platform/Developer/SDKs/MacOSX12.3.sdk -mmacosx-version-min=12.2 -fPIE -MD -MT CMakeFiles/cmTC_742ae.dir/src.c.o -MF CMakeFiles/cmTC_742ae.dir/src.c.o.d -o CMakeFiles/cmTC_742ae.dir/src.c.o -c /Users/jacksonchen/Documents/Github/temp/Thanksgiving-Hack/cmake/build/CMakeFiles/CMakeScratch/TryCompile-TkQKCH/src.c
Linking C executable cmTC_742ae
/opt/homebrew/Cellar/cmake/3.25.0/bin/cmake -E cmake_link_script CMakeFiles/cmTC_742ae.dir/link.txt --verbose=1
/Applications/Xcode.app/Contents/Developer/Toolchains/XcodeDefault.xctoolchain/usr/bin/cc  -arch arm64 -isysroot /Applications/Xcode.app/Contents/Developer/Platforms/MacOSX.platform/Developer/SDKs/MacOSX12.3.sdk -mmacosx-version-min=12.2 -Wl,-search_paths_first -Wl,-headerpad_max_install_names CMakeFiles/cmTC_742ae.dir/src.c.o -o cmTC_742ae 


Source file was:
#include <pthread.h>

static void* test_func(void* data)
{
  return data;
}

int main(void)
{
  pthread_t thread;
  pthread_create(&thread, NULL, test_func, NULL);
  pthread_detach(thread);
  pthread_cancel(thread);
  pthread_join(thread, NULL);
  pthread_atfork(NULL, NULL, NULL);
  pthread_exit(NULL);

  return 0;
}


Determining if the function res_servicename exists in the resolv passed with the following output:
Change Dir: /Users/jacksonchen/Documents/Github/temp/Thanksgiving-Hack/cmake/build/CMakeFiles/CMakeScratch/TryCompile-4XdvRE

Run Build Command(s):/usr/bin/make -f Makefile cmTC_6b932/fast && /Applications/Xcode.app/Contents/Developer/usr/bin/make  -f CMakeFiles/cmTC_6b932.dir/build.make CMakeFiles/cmTC_6b932.dir/build
Building C object CMakeFiles/cmTC_6b932.dir/CheckFunctionExists.c.o
/Applications/Xcode.app/Contents/Developer/Toolchains/XcodeDefault.xctoolchain/usr/bin/cc   -DCHECK_FUNCTION_EXISTS=res_servicename -arch arm64 -isysroot /Applications/Xcode.app/Contents/Developer/Platforms/MacOSX.platform/Developer/SDKs/MacOSX12.3.sdk -mmacosx-version-min=12.2 -fPIE -MD -MT CMakeFiles/cmTC_6b932.dir/CheckFunctionExists.c.o -MF CMakeFiles/cmTC_6b932.dir/CheckFunctionExists.c.o.d -o CMakeFiles/cmTC_6b932.dir/CheckFunctionExists.c.o -c /Users/jacksonchen/Documents/Github/temp/Thanksgiving-Hack/cmake/build/CMakeFiles/CMakeScratch/TryCompile-4XdvRE/CheckFunctionExists.c
Linking C executable cmTC_6b932
/opt/homebrew/Cellar/cmake/3.25.0/bin/cmake -E cmake_link_script CMakeFiles/cmTC_6b932.dir/link.txt --verbose=1
/Applications/Xcode.app/Contents/Developer/Toolchains/XcodeDefault.xctoolchain/usr/bin/cc   -DCHECK_FUNCTION_EXISTS=res_servicename -arch arm64 -isysroot /Applications/Xcode.app/Contents/Developer/Platforms/MacOSX.platform/Developer/SDKs/MacOSX12.3.sdk -mmacosx-version-min=12.2 -Wl,-search_paths_first -Wl,-headerpad_max_install_names CMakeFiles/cmTC_6b932.dir/CheckFunctionExists.c.o -o cmTC_6b932  -lresolv 



Performing C SOURCE FILE Test MACOS_V1012 succeeded with the following output:
Change Dir: /Users/jacksonchen/Documents/Github/temp/Thanksgiving-Hack/cmake/build/CMakeFiles/CMakeScratch/TryCompile-YtEvAH

Run Build Command(s):/usr/bin/make -f Makefile cmTC_211ee/fast && /Applications/Xcode.app/Contents/Developer/usr/bin/make  -f CMakeFiles/cmTC_211ee.dir/build.make CMakeFiles/cmTC_211ee.dir/build
Building C object CMakeFiles/cmTC_211ee.dir/src.c.o
/Applications/Xcode.app/Contents/Developer/Toolchains/XcodeDefault.xctoolchain/usr/bin/cc -DMACOS_V1012  -arch arm64 -isysroot /Applications/Xcode.app/Contents/Developer/Platforms/MacOSX.platform/Developer/SDKs/MacOSX12.3.sdk -mmacosx-version-min=12.2 -fPIE -MD -MT CMakeFiles/cmTC_211ee.dir/src.c.o -MF CMakeFiles/cmTC_211ee.dir/src.c.o.d -o CMakeFiles/cmTC_211ee.dir/src.c.o -c /Users/jacksonchen/Documents/Github/temp/Thanksgiving-Hack/cmake/build/CMakeFiles/CMakeScratch/TryCompile-YtEvAH/src.c
Linking C executable cmTC_211ee
/opt/homebrew/Cellar/cmake/3.25.0/bin/cmake -E cmake_link_script CMakeFiles/cmTC_211ee.dir/link.txt --verbose=1
/Applications/Xcode.app/Contents/Developer/Toolchains/XcodeDefault.xctoolchain/usr/bin/cc  -arch arm64 -isysroot /Applications/Xcode.app/Contents/Developer/Platforms/MacOSX.platform/Developer/SDKs/MacOSX12.3.sdk -mmacosx-version-min=12.2 -Wl,-search_paths_first -Wl,-headerpad_max_install_names CMakeFiles/cmTC_211ee.dir/src.c.o -o cmTC_211ee 


Source file was:

#include <stdio.h>
#include <AvailabilityMacros.h>
#ifndef MAC_OS_X_VERSION_10_12
#  define MAC_OS_X_VERSION_10_12 101200
#endif
	int main() {
#if MAC_OS_X_VERSION_MIN_REQUIRED < MAC_OS_X_VERSION_10_12
#  error Not MacOSX 10.12 or higher
#endif
return 0;
	}
	

Determining if the function gethostbyname exists passed with the following output:
Change Dir: /Users/jacksonchen/Documents/Github/temp/Thanksgiving-Hack/cmake/build/CMakeFiles/CMakeScratch/TryCompile-uFFvwU

Run Build Command(s):/usr/bin/make -f Makefile cmTC_a8b16/fast && /Applications/Xcode.app/Contents/Developer/usr/bin/make  -f CMakeFiles/cmTC_a8b16.dir/build.make CMakeFiles/cmTC_a8b16.dir/build
Building C object CMakeFiles/cmTC_a8b16.dir/CheckFunctionExists.c.o
/Applications/Xcode.app/Contents/Developer/Toolchains/XcodeDefault.xctoolchain/usr/bin/cc   -DCHECK_FUNCTION_EXISTS=gethostbyname -arch arm64 -isysroot /Applications/Xcode.app/Contents/Developer/Platforms/MacOSX.platform/Developer/SDKs/MacOSX12.3.sdk -mmacosx-version-min=12.2 -fPIE -MD -MT CMakeFiles/cmTC_a8b16.dir/CheckFunctionExists.c.o -MF CMakeFiles/cmTC_a8b16.dir/CheckFunctionExists.c.o.d -o CMakeFiles/cmTC_a8b16.dir/CheckFunctionExists.c.o -c /Users/jacksonchen/Documents/Github/temp/Thanksgiving-Hack/cmake/build/CMakeFiles/CMakeScratch/TryCompile-uFFvwU/CheckFunctionExists.c
Linking C executable cmTC_a8b16
/opt/homebrew/Cellar/cmake/3.25.0/bin/cmake -E cmake_link_script CMakeFiles/cmTC_a8b16.dir/link.txt --verbose=1
/Applications/Xcode.app/Contents/Developer/Toolchains/XcodeDefault.xctoolchain/usr/bin/cc   -DCHECK_FUNCTION_EXISTS=gethostbyname -arch arm64 -isysroot /Applications/Xcode.app/Contents/Developer/Platforms/MacOSX.platform/Developer/SDKs/MacOSX12.3.sdk -mmacosx-version-min=12.2 -Wl,-search_paths_first -Wl,-headerpad_max_install_names CMakeFiles/cmTC_a8b16.dir/CheckFunctionExists.c.o -o cmTC_a8b16 



Determining if the function socket exists passed with the following output:
Change Dir: /Users/jacksonchen/Documents/Github/temp/Thanksgiving-Hack/cmake/build/CMakeFiles/CMakeScratch/TryCompile-NTj47e

Run Build Command(s):/usr/bin/make -f Makefile cmTC_2ec85/fast && /Applications/Xcode.app/Contents/Developer/usr/bin/make  -f CMakeFiles/cmTC_2ec85.dir/build.make CMakeFiles/cmTC_2ec85.dir/build
Building C object CMakeFiles/cmTC_2ec85.dir/CheckFunctionExists.c.o
/Applications/Xcode.app/Contents/Developer/Toolchains/XcodeDefault.xctoolchain/usr/bin/cc   -DCHECK_FUNCTION_EXISTS=socket -arch arm64 -isysroot /Applications/Xcode.app/Contents/Developer/Platforms/MacOSX.platform/Developer/SDKs/MacOSX12.3.sdk -mmacosx-version-min=12.2 -fPIE -MD -MT CMakeFiles/cmTC_2ec85.dir/CheckFunctionExists.c.o -MF CMakeFiles/cmTC_2ec85.dir/CheckFunctionExists.c.o.d -o CMakeFiles/cmTC_2ec85.dir/CheckFunctionExists.c.o -c /Users/jacksonchen/Documents/Github/temp/Thanksgiving-Hack/cmake/build/CMakeFiles/CMakeScratch/TryCompile-NTj47e/CheckFunctionExists.c
Linking C executable cmTC_2ec85
/opt/homebrew/Cellar/cmake/3.25.0/bin/cmake -E cmake_link_script CMakeFiles/cmTC_2ec85.dir/link.txt --verbose=1
/Applications/Xcode.app/Contents/Developer/Toolchains/XcodeDefault.xctoolchain/usr/bin/cc   -DCHECK_FUNCTION_EXISTS=socket -arch arm64 -isysroot /Applications/Xcode.app/Contents/Developer/Platforms/MacOSX.platform/Developer/SDKs/MacOSX12.3.sdk -mmacosx-version-min=12.2 -Wl,-search_paths_first -Wl,-headerpad_max_install_names CMakeFiles/cmTC_2ec85.dir/CheckFunctionExists.c.o -o cmTC_2ec85 



Determining if the function clock_gettime exists passed with the following output:
Change Dir: /Users/jacksonchen/Documents/Github/temp/Thanksgiving-Hack/cmake/build/CMakeFiles/CMakeScratch/TryCompile-8MjX1j

Run Build Command(s):/usr/bin/make -f Makefile cmTC_2ccb7/fast && /Applications/Xcode.app/Contents/Developer/usr/bin/make  -f CMakeFiles/cmTC_2ccb7.dir/build.make CMakeFiles/cmTC_2ccb7.dir/build
Building C object CMakeFiles/cmTC_2ccb7.dir/CheckFunctionExists.c.o
/Applications/Xcode.app/Contents/Developer/Toolchains/XcodeDefault.xctoolchain/usr/bin/cc   -DCHECK_FUNCTION_EXISTS=clock_gettime -arch arm64 -isysroot /Applications/Xcode.app/Contents/Developer/Platforms/MacOSX.platform/Developer/SDKs/MacOSX12.3.sdk -mmacosx-version-min=12.2 -fPIE -MD -MT CMakeFiles/cmTC_2ccb7.dir/CheckFunctionExists.c.o -MF CMakeFiles/cmTC_2ccb7.dir/CheckFunctionExists.c.o.d -o CMakeFiles/cmTC_2ccb7.dir/CheckFunctionExists.c.o -c /Users/jacksonchen/Documents/Github/temp/Thanksgiving-Hack/cmake/build/CMakeFiles/CMakeScratch/TryCompile-8MjX1j/CheckFunctionExists.c
Linking C executable cmTC_2ccb7
/opt/homebrew/Cellar/cmake/3.25.0/bin/cmake -E cmake_link_script CMakeFiles/cmTC_2ccb7.dir/link.txt --verbose=1
/Applications/Xcode.app/Contents/Developer/Toolchains/XcodeDefault.xctoolchain/usr/bin/cc   -DCHECK_FUNCTION_EXISTS=clock_gettime -arch arm64 -isysroot /Applications/Xcode.app/Contents/Developer/Platforms/MacOSX.platform/Developer/SDKs/MacOSX12.3.sdk -mmacosx-version-min=12.2 -Wl,-search_paths_first -Wl,-headerpad_max_install_names CMakeFiles/cmTC_2ccb7.dir/CheckFunctionExists.c.o -o cmTC_2ccb7 



Determining if files sys/types.h exist passed with the following output:
Change Dir: /Users/jacksonchen/Documents/Github/temp/Thanksgiving-Hack/cmake/build/CMakeFiles/CMakeScratch/TryCompile-oa67lX

Run Build Command(s):/usr/bin/make -f Makefile cmTC_a7d15/fast && /Applications/Xcode.app/Contents/Developer/usr/bin/make  -f CMakeFiles/cmTC_a7d15.dir/build.make CMakeFiles/cmTC_a7d15.dir/build
Building C object CMakeFiles/cmTC_a7d15.dir/HAVE_SYS_TYPES_H.c.o
/Applications/Xcode.app/Contents/Developer/Toolchains/XcodeDefault.xctoolchain/usr/bin/cc   -arch arm64 -isysroot /Applications/Xcode.app/Contents/Developer/Platforms/MacOSX.platform/Developer/SDKs/MacOSX12.3.sdk -mmacosx-version-min=12.2 -fPIE -MD -MT CMakeFiles/cmTC_a7d15.dir/HAVE_SYS_TYPES_H.c.o -MF CMakeFiles/cmTC_a7d15.dir/HAVE_SYS_TYPES_H.c.o.d -o CMakeFiles/cmTC_a7d15.dir/HAVE_SYS_TYPES_H.c.o -c /Users/jacksonchen/Documents/Github/temp/Thanksgiving-Hack/cmake/build/CMakeFiles/CMakeScratch/TryCompile-oa67lX/HAVE_SYS_TYPES_H.c
Linking C executable cmTC_a7d15
/opt/homebrew/Cellar/cmake/3.25.0/bin/cmake -E cmake_link_script CMakeFiles/cmTC_a7d15.dir/link.txt --verbose=1
/Applications/Xcode.app/Contents/Developer/Toolchains/XcodeDefault.xctoolchain/usr/bin/cc  -arch arm64 -isysroot /Applications/Xcode.app/Contents/Developer/Platforms/MacOSX.platform/Developer/SDKs/MacOSX12.3.sdk -mmacosx-version-min=12.2 -Wl,-search_paths_first -Wl,-headerpad_max_install_names CMakeFiles/cmTC_a7d15.dir/HAVE_SYS_TYPES_H.c.o -o cmTC_a7d15 



Determining if files sys/socket.h exist passed with the following output:
Change Dir: /Users/jacksonchen/Documents/Github/temp/Thanksgiving-Hack/cmake/build/CMakeFiles/CMakeScratch/TryCompile-tjtD63

Run Build Command(s):/usr/bin/make -f Makefile cmTC_7c83b/fast && /Applications/Xcode.app/Contents/Developer/usr/bin/make  -f CMakeFiles/cmTC_7c83b.dir/build.make CMakeFiles/cmTC_7c83b.dir/build
Building C object CMakeFiles/cmTC_7c83b.dir/HAVE_SYS_SOCKET_H.c.o
/Applications/Xcode.app/Contents/Developer/Toolchains/XcodeDefault.xctoolchain/usr/bin/cc   -arch arm64 -isysroot /Applications/Xcode.app/Contents/Developer/Platforms/MacOSX.platform/Developer/SDKs/MacOSX12.3.sdk -mmacosx-version-min=12.2 -fPIE -MD -MT CMakeFiles/cmTC_7c83b.dir/HAVE_SYS_SOCKET_H.c.o -MF CMakeFiles/cmTC_7c83b.dir/HAVE_SYS_SOCKET_H.c.o.d -o CMakeFiles/cmTC_7c83b.dir/HAVE_SYS_SOCKET_H.c.o -c /Users/jacksonchen/Documents/Github/temp/Thanksgiving-Hack/cmake/build/CMakeFiles/CMakeScratch/TryCompile-tjtD63/HAVE_SYS_SOCKET_H.c
Linking C executable cmTC_7c83b
/opt/homebrew/Cellar/cmake/3.25.0/bin/cmake -E cmake_link_script CMakeFiles/cmTC_7c83b.dir/link.txt --verbose=1
/Applications/Xcode.app/Contents/Developer/Toolchains/XcodeDefault.xctoolchain/usr/bin/cc  -arch arm64 -isysroot /Applications/Xcode.app/Contents/Developer/Platforms/MacOSX.platform/Developer/SDKs/MacOSX12.3.sdk -mmacosx-version-min=12.2 -Wl,-search_paths_first -Wl,-headerpad_max_install_names CMakeFiles/cmTC_7c83b.dir/HAVE_SYS_SOCKET_H.c.o -o cmTC_7c83b 



Determining if files arpa/inet.h exist passed with the following output:
Change Dir: /Users/jacksonchen/Documents/Github/temp/Thanksgiving-Hack/cmake/build/CMakeFiles/CMakeScratch/TryCompile-OuV4AC

Run Build Command(s):/usr/bin/make -f Makefile cmTC_bb2dd/fast && /Applications/Xcode.app/Contents/Developer/usr/bin/make  -f CMakeFiles/cmTC_bb2dd.dir/build.make CMakeFiles/cmTC_bb2dd.dir/build
Building C object CMakeFiles/cmTC_bb2dd.dir/HAVE_ARPA_INET_H.c.o
/Applications/Xcode.app/Contents/Developer/Toolchains/XcodeDefault.xctoolchain/usr/bin/cc   -arch arm64 -isysroot /Applications/Xcode.app/Contents/Developer/Platforms/MacOSX.platform/Developer/SDKs/MacOSX12.3.sdk -mmacosx-version-min=12.2 -fPIE -MD -MT CMakeFiles/cmTC_bb2dd.dir/HAVE_ARPA_INET_H.c.o -MF CMakeFiles/cmTC_bb2dd.dir/HAVE_ARPA_INET_H.c.o.d -o CMakeFiles/cmTC_bb2dd.dir/HAVE_ARPA_INET_H.c.o -c /Users/jacksonchen/Documents/Github/temp/Thanksgiving-Hack/cmake/build/CMakeFiles/CMakeScratch/TryCompile-OuV4AC/HAVE_ARPA_INET_H.c
Linking C executable cmTC_bb2dd
/opt/homebrew/Cellar/cmake/3.25.0/bin/cmake -E cmake_link_script CMakeFiles/cmTC_bb2dd.dir/link.txt --verbose=1
/Applications/Xcode.app/Contents/Developer/Toolchains/XcodeDefault.xctoolchain/usr/bin/cc  -arch arm64 -isysroot /Applications/Xcode.app/Contents/Developer/Platforms/MacOSX.platform/Developer/SDKs/MacOSX12.3.sdk -mmacosx-version-min=12.2 -Wl,-search_paths_first -Wl,-headerpad_max_install_names CMakeFiles/cmTC_bb2dd.dir/HAVE_ARPA_INET_H.c.o -o cmTC_bb2dd 



Determining if files arpa/nameser_compat.h exist passed with the following output:
Change Dir: /Users/jacksonchen/Documents/Github/temp/Thanksgiving-Hack/cmake/build/CMakeFiles/CMakeScratch/TryCompile-hC88pJ

Run Build Command(s):/usr/bin/make -f Makefile cmTC_df778/fast && /Applications/Xcode.app/Contents/Developer/usr/bin/make  -f CMakeFiles/cmTC_df778.dir/build.make CMakeFiles/cmTC_df778.dir/build
Building C object CMakeFiles/cmTC_df778.dir/HAVE_ARPA_NAMESER_COMPAT_H.c.o
/Applications/Xcode.app/Contents/Developer/Toolchains/XcodeDefault.xctoolchain/usr/bin/cc   -arch arm64 -isysroot /Applications/Xcode.app/Contents/Developer/Platforms/MacOSX.platform/Developer/SDKs/MacOSX12.3.sdk -mmacosx-version-min=12.2 -fPIE -MD -MT CMakeFiles/cmTC_df778.dir/HAVE_ARPA_NAMESER_COMPAT_H.c.o -MF CMakeFiles/cmTC_df778.dir/HAVE_ARPA_NAMESER_COMPAT_H.c.o.d -o CMakeFiles/cmTC_df778.dir/HAVE_ARPA_NAMESER_COMPAT_H.c.o -c /Users/jacksonchen/Documents/Github/temp/Thanksgiving-Hack/cmake/build/CMakeFiles/CMakeScratch/TryCompile-hC88pJ/HAVE_ARPA_NAMESER_COMPAT_H.c
Linking C executable cmTC_df778
/opt/homebrew/Cellar/cmake/3.25.0/bin/cmake -E cmake_link_script CMakeFiles/cmTC_df778.dir/link.txt --verbose=1
/Applications/Xcode.app/Contents/Developer/Toolchains/XcodeDefault.xctoolchain/usr/bin/cc  -arch arm64 -isysroot /Applications/Xcode.app/Contents/Developer/Platforms/MacOSX.platform/Developer/SDKs/MacOSX12.3.sdk -mmacosx-version-min=12.2 -Wl,-search_paths_first -Wl,-headerpad_max_install_names CMakeFiles/cmTC_df778.dir/HAVE_ARPA_NAMESER_COMPAT_H.c.o -o cmTC_df778 



Determining if files arpa/nameser.h exist passed with the following output:
Change Dir: /Users/jacksonchen/Documents/Github/temp/Thanksgiving-Hack/cmake/build/CMakeFiles/CMakeScratch/TryCompile-ZTQU9o

Run Build Command(s):/usr/bin/make -f Makefile cmTC_cd8ca/fast && /Applications/Xcode.app/Contents/Developer/usr/bin/make  -f CMakeFiles/cmTC_cd8ca.dir/build.make CMakeFiles/cmTC_cd8ca.dir/build
Building C object CMakeFiles/cmTC_cd8ca.dir/HAVE_ARPA_NAMESER_H.c.o
/Applications/Xcode.app/Contents/Developer/Toolchains/XcodeDefault.xctoolchain/usr/bin/cc   -arch arm64 -isysroot /Applications/Xcode.app/Contents/Developer/Platforms/MacOSX.platform/Developer/SDKs/MacOSX12.3.sdk -mmacosx-version-min=12.2 -fPIE -MD -MT CMakeFiles/cmTC_cd8ca.dir/HAVE_ARPA_NAMESER_H.c.o -MF CMakeFiles/cmTC_cd8ca.dir/HAVE_ARPA_NAMESER_H.c.o.d -o CMakeFiles/cmTC_cd8ca.dir/HAVE_ARPA_NAMESER_H.c.o -c /Users/jacksonchen/Documents/Github/temp/Thanksgiving-Hack/cmake/build/CMakeFiles/CMakeScratch/TryCompile-ZTQU9o/HAVE_ARPA_NAMESER_H.c
Linking C executable cmTC_cd8ca
/opt/homebrew/Cellar/cmake/3.25.0/bin/cmake -E cmake_link_script CMakeFiles/cmTC_cd8ca.dir/link.txt --verbose=1
/Applications/Xcode.app/Contents/Developer/Toolchains/XcodeDefault.xctoolchain/usr/bin/cc  -arch arm64 -isysroot /Applications/Xcode.app/Contents/Developer/Platforms/MacOSX.platform/Developer/SDKs/MacOSX12.3.sdk -mmacosx-version-min=12.2 -Wl,-search_paths_first -Wl,-headerpad_max_install_names CMakeFiles/cmTC_cd8ca.dir/HAVE_ARPA_NAMESER_H.c.o -o cmTC_cd8ca 



Determining if files assert.h exist passed with the following output:
Change Dir: /Users/jacksonchen/Documents/Github/temp/Thanksgiving-Hack/cmake/build/CMakeFiles/CMakeScratch/TryCompile-0CuJtX

Run Build Command(s):/usr/bin/make -f Makefile cmTC_4dab8/fast && /Applications/Xcode.app/Contents/Developer/usr/bin/make  -f CMakeFiles/cmTC_4dab8.dir/build.make CMakeFiles/cmTC_4dab8.dir/build
Building C object CMakeFiles/cmTC_4dab8.dir/HAVE_ASSERT_H.c.o
/Applications/Xcode.app/Contents/Developer/Toolchains/XcodeDefault.xctoolchain/usr/bin/cc   -arch arm64 -isysroot /Applications/Xcode.app/Contents/Developer/Platforms/MacOSX.platform/Developer/SDKs/MacOSX12.3.sdk -mmacosx-version-min=12.2 -fPIE -MD -MT CMakeFiles/cmTC_4dab8.dir/HAVE_ASSERT_H.c.o -MF CMakeFiles/cmTC_4dab8.dir/HAVE_ASSERT_H.c.o.d -o CMakeFiles/cmTC_4dab8.dir/HAVE_ASSERT_H.c.o -c /Users/jacksonchen/Documents/Github/temp/Thanksgiving-Hack/cmake/build/CMakeFiles/CMakeScratch/TryCompile-0CuJtX/HAVE_ASSERT_H.c
Linking C executable cmTC_4dab8
/opt/homebrew/Cellar/cmake/3.25.0/bin/cmake -E cmake_link_script CMakeFiles/cmTC_4dab8.dir/link.txt --verbose=1
/Applications/Xcode.app/Contents/Developer/Toolchains/XcodeDefault.xctoolchain/usr/bin/cc  -arch arm64 -isysroot /Applications/Xcode.app/Contents/Developer/Platforms/MacOSX.platform/Developer/SDKs/MacOSX12.3.sdk -mmacosx-version-min=12.2 -Wl,-search_paths_first -Wl,-headerpad_max_install_names CMakeFiles/cmTC_4dab8.dir/HAVE_ASSERT_H.c.o -o cmTC_4dab8 



Determining if files errno.h exist passed with the following output:
Change Dir: /Users/jacksonchen/Documents/Github/temp/Thanksgiving-Hack/cmake/build/CMakeFiles/CMakeScratch/TryCompile-UDT3JE

Run Build Command(s):/usr/bin/make -f Makefile cmTC_006c6/fast && /Applications/Xcode.app/Contents/Developer/usr/bin/make  -f CMakeFiles/cmTC_006c6.dir/build.make CMakeFiles/cmTC_006c6.dir/build
Building C object CMakeFiles/cmTC_006c6.dir/HAVE_ERRNO_H.c.o
/Applications/Xcode.app/Contents/Developer/Toolchains/XcodeDefault.xctoolchain/usr/bin/cc   -arch arm64 -isysroot /Applications/Xcode.app/Contents/Developer/Platforms/MacOSX.platform/Developer/SDKs/MacOSX12.3.sdk -mmacosx-version-min=12.2 -fPIE -MD -MT CMakeFiles/cmTC_006c6.dir/HAVE_ERRNO_H.c.o -MF CMakeFiles/cmTC_006c6.dir/HAVE_ERRNO_H.c.o.d -o CMakeFiles/cmTC_006c6.dir/HAVE_ERRNO_H.c.o -c /Users/jacksonchen/Documents/Github/temp/Thanksgiving-Hack/cmake/build/CMakeFiles/CMakeScratch/TryCompile-UDT3JE/HAVE_ERRNO_H.c
Linking C executable cmTC_006c6
/opt/homebrew/Cellar/cmake/3.25.0/bin/cmake -E cmake_link_script CMakeFiles/cmTC_006c6.dir/link.txt --verbose=1
/Applications/Xcode.app/Contents/Developer/Toolchains/XcodeDefault.xctoolchain/usr/bin/cc  -arch arm64 -isysroot /Applications/Xcode.app/Contents/Developer/Platforms/MacOSX.platform/Developer/SDKs/MacOSX12.3.sdk -mmacosx-version-min=12.2 -Wl,-search_paths_first -Wl,-headerpad_max_install_names CMakeFiles/cmTC_006c6.dir/HAVE_ERRNO_H.c.o -o cmTC_006c6 



Determining if files fcntl.h exist passed with the following output:
Change Dir: /Users/jacksonchen/Documents/Github/temp/Thanksgiving-Hack/cmake/build/CMakeFiles/CMakeScratch/TryCompile-Vtxho5

Run Build Command(s):/usr/bin/make -f Makefile cmTC_3e8af/fast && /Applications/Xcode.app/Contents/Developer/usr/bin/make  -f CMakeFiles/cmTC_3e8af.dir/build.make CMakeFiles/cmTC_3e8af.dir/build
Building C object CMakeFiles/cmTC_3e8af.dir/HAVE_FCNTL_H.c.o
/Applications/Xcode.app/Contents/Developer/Toolchains/XcodeDefault.xctoolchain/usr/bin/cc   -arch arm64 -isysroot /Applications/Xcode.app/Contents/Developer/Platforms/MacOSX.platform/Developer/SDKs/MacOSX12.3.sdk -mmacosx-version-min=12.2 -fPIE -MD -MT CMakeFiles/cmTC_3e8af.dir/HAVE_FCNTL_H.c.o -MF CMakeFiles/cmTC_3e8af.dir/HAVE_FCNTL_H.c.o.d -o CMakeFiles/cmTC_3e8af.dir/HAVE_FCNTL_H.c.o -c /Users/jacksonchen/Documents/Github/temp/Thanksgiving-Hack/cmake/build/CMakeFiles/CMakeScratch/TryCompile-Vtxho5/HAVE_FCNTL_H.c
Linking C executable cmTC_3e8af
/opt/homebrew/Cellar/cmake/3.25.0/bin/cmake -E cmake_link_script CMakeFiles/cmTC_3e8af.dir/link.txt --verbose=1
/Applications/Xcode.app/Contents/Developer/Toolchains/XcodeDefault.xctoolchain/usr/bin/cc  -arch arm64 -isysroot /Applications/Xcode.app/Contents/Developer/Platforms/MacOSX.platform/Developer/SDKs/MacOSX12.3.sdk -mmacosx-version-min=12.2 -Wl,-search_paths_first -Wl,-headerpad_max_install_names CMakeFiles/cmTC_3e8af.dir/HAVE_FCNTL_H.c.o -o cmTC_3e8af 



Determining if files inttypes.h exist passed with the following output:
Change Dir: /Users/jacksonchen/Documents/Github/temp/Thanksgiving-Hack/cmake/build/CMakeFiles/CMakeScratch/TryCompile-4USp8N

Run Build Command(s):/usr/bin/make -f Makefile cmTC_743de/fast && /Applications/Xcode.app/Contents/Developer/usr/bin/make  -f CMakeFiles/cmTC_743de.dir/build.make CMakeFiles/cmTC_743de.dir/build
Building C object CMakeFiles/cmTC_743de.dir/HAVE_INTTYPES_H.c.o
/Applications/Xcode.app/Contents/Developer/Toolchains/XcodeDefault.xctoolchain/usr/bin/cc   -arch arm64 -isysroot /Applications/Xcode.app/Contents/Developer/Platforms/MacOSX.platform/Developer/SDKs/MacOSX12.3.sdk -mmacosx-version-min=12.2 -fPIE -MD -MT CMakeFiles/cmTC_743de.dir/HAVE_INTTYPES_H.c.o -MF CMakeFiles/cmTC_743de.dir/HAVE_INTTYPES_H.c.o.d -o CMakeFiles/cmTC_743de.dir/HAVE_INTTYPES_H.c.o -c /Users/jacksonchen/Documents/Github/temp/Thanksgiving-Hack/cmake/build/CMakeFiles/CMakeScratch/TryCompile-4USp8N/HAVE_INTTYPES_H.c
Linking C executable cmTC_743de
/opt/homebrew/Cellar/cmake/3.25.0/bin/cmake -E cmake_link_script CMakeFiles/cmTC_743de.dir/link.txt --verbose=1
/Applications/Xcode.app/Contents/Developer/Toolchains/XcodeDefault.xctoolchain/usr/bin/cc  -arch arm64 -isysroot /Applications/Xcode.app/Contents/Developer/Platforms/MacOSX.platform/Developer/SDKs/MacOSX12.3.sdk -mmacosx-version-min=12.2 -Wl,-search_paths_first -Wl,-headerpad_max_install_names CMakeFiles/cmTC_743de.dir/HAVE_INTTYPES_H.c.o -o cmTC_743de 



Determining if files limits.h exist passed with the following output:
Change Dir: /Users/jacksonchen/Documents/Github/temp/Thanksgiving-Hack/cmake/build/CMakeFiles/CMakeScratch/TryCompile-HYrewY

Run Build Command(s):/usr/bin/make -f Makefile cmTC_ae68e/fast && /Applications/Xcode.app/Contents/Developer/usr/bin/make  -f CMakeFiles/cmTC_ae68e.dir/build.make CMakeFiles/cmTC_ae68e.dir/build
Building C object CMakeFiles/cmTC_ae68e.dir/HAVE_LIMITS_H.c.o
/Applications/Xcode.app/Contents/Developer/Toolchains/XcodeDefault.xctoolchain/usr/bin/cc   -arch arm64 -isysroot /Applications/Xcode.app/Contents/Developer/Platforms/MacOSX.platform/Developer/SDKs/MacOSX12.3.sdk -mmacosx-version-min=12.2 -fPIE -MD -MT CMakeFiles/cmTC_ae68e.dir/HAVE_LIMITS_H.c.o -MF CMakeFiles/cmTC_ae68e.dir/HAVE_LIMITS_H.c.o.d -o CMakeFiles/cmTC_ae68e.dir/HAVE_LIMITS_H.c.o -c /Users/jacksonchen/Documents/Github/temp/Thanksgiving-Hack/cmake/build/CMakeFiles/CMakeScratch/TryCompile-HYrewY/HAVE_LIMITS_H.c
Linking C executable cmTC_ae68e
/opt/homebrew/Cellar/cmake/3.25.0/bin/cmake -E cmake_link_script CMakeFiles/cmTC_ae68e.dir/link.txt --verbose=1
/Applications/Xcode.app/Contents/Developer/Toolchains/XcodeDefault.xctoolchain/usr/bin/cc  -arch arm64 -isysroot /Applications/Xcode.app/Contents/Developer/Platforms/MacOSX.platform/Developer/SDKs/MacOSX12.3.sdk -mmacosx-version-min=12.2 -Wl,-search_paths_first -Wl,-headerpad_max_install_names CMakeFiles/cmTC_ae68e.dir/HAVE_LIMITS_H.c.o -o cmTC_ae68e 



Determining if files memory.h exist passed with the following output:
Change Dir: /Users/jacksonchen/Documents/Github/temp/Thanksgiving-Hack/cmake/build/CMakeFiles/CMakeScratch/TryCompile-xUqp9O

Run Build Command(s):/usr/bin/make -f Makefile cmTC_f83fd/fast && /Applications/Xcode.app/Contents/Developer/usr/bin/make  -f CMakeFiles/cmTC_f83fd.dir/build.make CMakeFiles/cmTC_f83fd.dir/build
Building C object CMakeFiles/cmTC_f83fd.dir/HAVE_MEMORY_H.c.o
/Applications/Xcode.app/Contents/Developer/Toolchains/XcodeDefault.xctoolchain/usr/bin/cc   -arch arm64 -isysroot /Applications/Xcode.app/Contents/Developer/Platforms/MacOSX.platform/Developer/SDKs/MacOSX12.3.sdk -mmacosx-version-min=12.2 -fPIE -MD -MT CMakeFiles/cmTC_f83fd.dir/HAVE_MEMORY_H.c.o -MF CMakeFiles/cmTC_f83fd.dir/HAVE_MEMORY_H.c.o.d -o CMakeFiles/cmTC_f83fd.dir/HAVE_MEMORY_H.c.o -c /Users/jacksonchen/Documents/Github/temp/Thanksgiving-Hack/cmake/build/CMakeFiles/CMakeScratch/TryCompile-xUqp9O/HAVE_MEMORY_H.c
Linking C executable cmTC_f83fd
/opt/homebrew/Cellar/cmake/3.25.0/bin/cmake -E cmake_link_script CMakeFiles/cmTC_f83fd.dir/link.txt --verbose=1
/Applications/Xcode.app/Contents/Developer/Toolchains/XcodeDefault.xctoolchain/usr/bin/cc  -arch arm64 -isysroot /Applications/Xcode.app/Contents/Developer/Platforms/MacOSX.platform/Developer/SDKs/MacOSX12.3.sdk -mmacosx-version-min=12.2 -Wl,-search_paths_first -Wl,-headerpad_max_install_names CMakeFiles/cmTC_f83fd.dir/HAVE_MEMORY_H.c.o -o cmTC_f83fd 



Determining if files netdb.h exist passed with the following output:
Change Dir: /Users/jacksonchen/Documents/Github/temp/Thanksgiving-Hack/cmake/build/CMakeFiles/CMakeScratch/TryCompile-n0cYf3

Run Build Command(s):/usr/bin/make -f Makefile cmTC_5d128/fast && /Applications/Xcode.app/Contents/Developer/usr/bin/make  -f CMakeFiles/cmTC_5d128.dir/build.make CMakeFiles/cmTC_5d128.dir/build
Building C object CMakeFiles/cmTC_5d128.dir/HAVE_NETDB_H.c.o
/Applications/Xcode.app/Contents/Developer/Toolchains/XcodeDefault.xctoolchain/usr/bin/cc   -arch arm64 -isysroot /Applications/Xcode.app/Contents/Developer/Platforms/MacOSX.platform/Developer/SDKs/MacOSX12.3.sdk -mmacosx-version-min=12.2 -fPIE -MD -MT CMakeFiles/cmTC_5d128.dir/HAVE_NETDB_H.c.o -MF CMakeFiles/cmTC_5d128.dir/HAVE_NETDB_H.c.o.d -o CMakeFiles/cmTC_5d128.dir/HAVE_NETDB_H.c.o -c /Users/jacksonchen/Documents/Github/temp/Thanksgiving-Hack/cmake/build/CMakeFiles/CMakeScratch/TryCompile-n0cYf3/HAVE_NETDB_H.c
Linking C executable cmTC_5d128
/opt/homebrew/Cellar/cmake/3.25.0/bin/cmake -E cmake_link_script CMakeFiles/cmTC_5d128.dir/link.txt --verbose=1
/Applications/Xcode.app/Contents/Developer/Toolchains/XcodeDefault.xctoolchain/usr/bin/cc  -arch arm64 -isysroot /Applications/Xcode.app/Contents/Developer/Platforms/MacOSX.platform/Developer/SDKs/MacOSX12.3.sdk -mmacosx-version-min=12.2 -Wl,-search_paths_first -Wl,-headerpad_max_install_names CMakeFiles/cmTC_5d128.dir/HAVE_NETDB_H.c.o -o cmTC_5d128 



Determining if files netinet/in.h exist passed with the following output:
Change Dir: /Users/jacksonchen/Documents/Github/temp/Thanksgiving-Hack/cmake/build/CMakeFiles/CMakeScratch/TryCompile-3ZeBnR

Run Build Command(s):/usr/bin/make -f Makefile cmTC_5c1e7/fast && /Applications/Xcode.app/Contents/Developer/usr/bin/make  -f CMakeFiles/cmTC_5c1e7.dir/build.make CMakeFiles/cmTC_5c1e7.dir/build
Building C object CMakeFiles/cmTC_5c1e7.dir/HAVE_NETINET_IN_H.c.o
/Applications/Xcode.app/Contents/Developer/Toolchains/XcodeDefault.xctoolchain/usr/bin/cc   -arch arm64 -isysroot /Applications/Xcode.app/Contents/Developer/Platforms/MacOSX.platform/Developer/SDKs/MacOSX12.3.sdk -mmacosx-version-min=12.2 -fPIE -MD -MT CMakeFiles/cmTC_5c1e7.dir/HAVE_NETINET_IN_H.c.o -MF CMakeFiles/cmTC_5c1e7.dir/HAVE_NETINET_IN_H.c.o.d -o CMakeFiles/cmTC_5c1e7.dir/HAVE_NETINET_IN_H.c.o -c /Users/jacksonchen/Documents/Github/temp/Thanksgiving-Hack/cmake/build/CMakeFiles/CMakeScratch/TryCompile-3ZeBnR/HAVE_NETINET_IN_H.c
Linking C executable cmTC_5c1e7
/opt/homebrew/Cellar/cmake/3.25.0/bin/cmake -E cmake_link_script CMakeFiles/cmTC_5c1e7.dir/link.txt --verbose=1
/Applications/Xcode.app/Contents/Developer/Toolchains/XcodeDefault.xctoolchain/usr/bin/cc  -arch arm64 -isysroot /Applications/Xcode.app/Contents/Developer/Platforms/MacOSX.platform/Developer/SDKs/MacOSX12.3.sdk -mmacosx-version-min=12.2 -Wl,-search_paths_first -Wl,-headerpad_max_install_names CMakeFiles/cmTC_5c1e7.dir/HAVE_NETINET_IN_H.c.o -o cmTC_5c1e7 



Determining if files net/if.h exist passed with the following output:
Change Dir: /Users/jacksonchen/Documents/Github/temp/Thanksgiving-Hack/cmake/build/CMakeFiles/CMakeScratch/TryCompile-yMngrf

Run Build Command(s):/usr/bin/make -f Makefile cmTC_2c668/fast && /Applications/Xcode.app/Contents/Developer/usr/bin/make  -f CMakeFiles/cmTC_2c668.dir/build.make CMakeFiles/cmTC_2c668.dir/build
Building C object CMakeFiles/cmTC_2c668.dir/HAVE_NET_IF_H.c.o
/Applications/Xcode.app/Contents/Developer/Toolchains/XcodeDefault.xctoolchain/usr/bin/cc   -arch arm64 -isysroot /Applications/Xcode.app/Contents/Developer/Platforms/MacOSX.platform/Developer/SDKs/MacOSX12.3.sdk -mmacosx-version-min=12.2 -fPIE -MD -MT CMakeFiles/cmTC_2c668.dir/HAVE_NET_IF_H.c.o -MF CMakeFiles/cmTC_2c668.dir/HAVE_NET_IF_H.c.o.d -o CMakeFiles/cmTC_2c668.dir/HAVE_NET_IF_H.c.o -c /Users/jacksonchen/Documents/Github/temp/Thanksgiving-Hack/cmake/build/CMakeFiles/CMakeScratch/TryCompile-yMngrf/HAVE_NET_IF_H.c
Linking C executable cmTC_2c668
/opt/homebrew/Cellar/cmake/3.25.0/bin/cmake -E cmake_link_script CMakeFiles/cmTC_2c668.dir/link.txt --verbose=1
/Applications/Xcode.app/Contents/Developer/Toolchains/XcodeDefault.xctoolchain/usr/bin/cc  -arch arm64 -isysroot /Applications/Xcode.app/Contents/Developer/Platforms/MacOSX.platform/Developer/SDKs/MacOSX12.3.sdk -mmacosx-version-min=12.2 -Wl,-search_paths_first -Wl,-headerpad_max_install_names CMakeFiles/cmTC_2c668.dir/HAVE_NET_IF_H.c.o -o cmTC_2c668 



Determining if files signal.h exist passed with the following output:
Change Dir: /Users/jacksonchen/Documents/Github/temp/Thanksgiving-Hack/cmake/build/CMakeFiles/CMakeScratch/TryCompile-Rk9KIh

Run Build Command(s):/usr/bin/make -f Makefile cmTC_61191/fast && /Applications/Xcode.app/Contents/Developer/usr/bin/make  -f CMakeFiles/cmTC_61191.dir/build.make CMakeFiles/cmTC_61191.dir/build
Building C object CMakeFiles/cmTC_61191.dir/HAVE_SIGNAL_H.c.o
/Applications/Xcode.app/Contents/Developer/Toolchains/XcodeDefault.xctoolchain/usr/bin/cc   -arch arm64 -isysroot /Applications/Xcode.app/Contents/Developer/Platforms/MacOSX.platform/Developer/SDKs/MacOSX12.3.sdk -mmacosx-version-min=12.2 -fPIE -MD -MT CMakeFiles/cmTC_61191.dir/HAVE_SIGNAL_H.c.o -MF CMakeFiles/cmTC_61191.dir/HAVE_SIGNAL_H.c.o.d -o CMakeFiles/cmTC_61191.dir/HAVE_SIGNAL_H.c.o -c /Users/jacksonchen/Documents/Github/temp/Thanksgiving-Hack/cmake/build/CMakeFiles/CMakeScratch/TryCompile-Rk9KIh/HAVE_SIGNAL_H.c
Linking C executable cmTC_61191
/opt/homebrew/Cellar/cmake/3.25.0/bin/cmake -E cmake_link_script CMakeFiles/cmTC_61191.dir/link.txt --verbose=1
/Applications/Xcode.app/Contents/Developer/Toolchains/XcodeDefault.xctoolchain/usr/bin/cc  -arch arm64 -isysroot /Applications/Xcode.app/Contents/Developer/Platforms/MacOSX.platform/Developer/SDKs/MacOSX12.3.sdk -mmacosx-version-min=12.2 -Wl,-search_paths_first -Wl,-headerpad_max_install_names CMakeFiles/cmTC_61191.dir/HAVE_SIGNAL_H.c.o -o cmTC_61191 



Determining if files stdbool.h exist passed with the following output:
Change Dir: /Users/jacksonchen/Documents/Github/temp/Thanksgiving-Hack/cmake/build/CMakeFiles/CMakeScratch/TryCompile-FvH8lE

Run Build Command(s):/usr/bin/make -f Makefile cmTC_1edff/fast && /Applications/Xcode.app/Contents/Developer/usr/bin/make  -f CMakeFiles/cmTC_1edff.dir/build.make CMakeFiles/cmTC_1edff.dir/build
Building C object CMakeFiles/cmTC_1edff.dir/HAVE_STDBOOL_H.c.o
/Applications/Xcode.app/Contents/Developer/Toolchains/XcodeDefault.xctoolchain/usr/bin/cc   -arch arm64 -isysroot /Applications/Xcode.app/Contents/Developer/Platforms/MacOSX.platform/Developer/SDKs/MacOSX12.3.sdk -mmacosx-version-min=12.2 -fPIE -MD -MT CMakeFiles/cmTC_1edff.dir/HAVE_STDBOOL_H.c.o -MF CMakeFiles/cmTC_1edff.dir/HAVE_STDBOOL_H.c.o.d -o CMakeFiles/cmTC_1edff.dir/HAVE_STDBOOL_H.c.o -c /Users/jacksonchen/Documents/Github/temp/Thanksgiving-Hack/cmake/build/CMakeFiles/CMakeScratch/TryCompile-FvH8lE/HAVE_STDBOOL_H.c
Linking C executable cmTC_1edff
/opt/homebrew/Cellar/cmake/3.25.0/bin/cmake -E cmake_link_script CMakeFiles/cmTC_1edff.dir/link.txt --verbose=1
/Applications/Xcode.app/Contents/Developer/Toolchains/XcodeDefault.xctoolchain/usr/bin/cc  -arch arm64 -isysroot /Applications/Xcode.app/Contents/Developer/Platforms/MacOSX.platform/Developer/SDKs/MacOSX12.3.sdk -mmacosx-version-min=12.2 -Wl,-search_paths_first -Wl,-headerpad_max_install_names CMakeFiles/cmTC_1edff.dir/HAVE_STDBOOL_H.c.o -o cmTC_1edff 



Determining if files stdint.h exist passed with the following output:
Change Dir: /Users/jacksonchen/Documents/Github/temp/Thanksgiving-Hack/cmake/build/CMakeFiles/CMakeScratch/TryCompile-KDjczi

Run Build Command(s):/usr/bin/make -f Makefile cmTC_b8be1/fast && /Applications/Xcode.app/Contents/Developer/usr/bin/make  -f CMakeFiles/cmTC_b8be1.dir/build.make CMakeFiles/cmTC_b8be1.dir/build
Building C object CMakeFiles/cmTC_b8be1.dir/HAVE_STDINT_H.c.o
/Applications/Xcode.app/Contents/Developer/Toolchains/XcodeDefault.xctoolchain/usr/bin/cc   -arch arm64 -isysroot /Applications/Xcode.app/Contents/Developer/Platforms/MacOSX.platform/Developer/SDKs/MacOSX12.3.sdk -mmacosx-version-min=12.2 -fPIE -MD -MT CMakeFiles/cmTC_b8be1.dir/HAVE_STDINT_H.c.o -MF CMakeFiles/cmTC_b8be1.dir/HAVE_STDINT_H.c.o.d -o CMakeFiles/cmTC_b8be1.dir/HAVE_STDINT_H.c.o -c /Users/jacksonchen/Documents/Github/temp/Thanksgiving-Hack/cmake/build/CMakeFiles/CMakeScratch/TryCompile-KDjczi/HAVE_STDINT_H.c
Linking C executable cmTC_b8be1
/opt/homebrew/Cellar/cmake/3.25.0/bin/cmake -E cmake_link_script CMakeFiles/cmTC_b8be1.dir/link.txt --verbose=1
/Applications/Xcode.app/Contents/Developer/Toolchains/XcodeDefault.xctoolchain/usr/bin/cc  -arch arm64 -isysroot /Applications/Xcode.app/Contents/Developer/Platforms/MacOSX.platform/Developer/SDKs/MacOSX12.3.sdk -mmacosx-version-min=12.2 -Wl,-search_paths_first -Wl,-headerpad_max_install_names CMakeFiles/cmTC_b8be1.dir/HAVE_STDINT_H.c.o -o cmTC_b8be1 



Determining if files stdlib.h exist passed with the following output:
Change Dir: /Users/jacksonchen/Documents/Github/temp/Thanksgiving-Hack/cmake/build/CMakeFiles/CMakeScratch/TryCompile-V78XHU

Run Build Command(s):/usr/bin/make -f Makefile cmTC_6e20d/fast && /Applications/Xcode.app/Contents/Developer/usr/bin/make  -f CMakeFiles/cmTC_6e20d.dir/build.make CMakeFiles/cmTC_6e20d.dir/build
Building C object CMakeFiles/cmTC_6e20d.dir/HAVE_STDLIB_H.c.o
/Applications/Xcode.app/Contents/Developer/Toolchains/XcodeDefault.xctoolchain/usr/bin/cc   -arch arm64 -isysroot /Applications/Xcode.app/Contents/Developer/Platforms/MacOSX.platform/Developer/SDKs/MacOSX12.3.sdk -mmacosx-version-min=12.2 -fPIE -MD -MT CMakeFiles/cmTC_6e20d.dir/HAVE_STDLIB_H.c.o -MF CMakeFiles/cmTC_6e20d.dir/HAVE_STDLIB_H.c.o.d -o CMakeFiles/cmTC_6e20d.dir/HAVE_STDLIB_H.c.o -c /Users/jacksonchen/Documents/Github/temp/Thanksgiving-Hack/cmake/build/CMakeFiles/CMakeScratch/TryCompile-V78XHU/HAVE_STDLIB_H.c
Linking C executable cmTC_6e20d
/opt/homebrew/Cellar/cmake/3.25.0/bin/cmake -E cmake_link_script CMakeFiles/cmTC_6e20d.dir/link.txt --verbose=1
/Applications/Xcode.app/Contents/Developer/Toolchains/XcodeDefault.xctoolchain/usr/bin/cc  -arch arm64 -isysroot /Applications/Xcode.app/Contents/Developer/Platforms/MacOSX.platform/Developer/SDKs/MacOSX12.3.sdk -mmacosx-version-min=12.2 -Wl,-search_paths_first -Wl,-headerpad_max_install_names CMakeFiles/cmTC_6e20d.dir/HAVE_STDLIB_H.c.o -o cmTC_6e20d 



Determining if files strings.h exist passed with the following output:
Change Dir: /Users/jacksonchen/Documents/Github/temp/Thanksgiving-Hack/cmake/build/CMakeFiles/CMakeScratch/TryCompile-dWbV6y

Run Build Command(s):/usr/bin/make -f Makefile cmTC_37c30/fast && /Applications/Xcode.app/Contents/Developer/usr/bin/make  -f CMakeFiles/cmTC_37c30.dir/build.make CMakeFiles/cmTC_37c30.dir/build
Building C object CMakeFiles/cmTC_37c30.dir/HAVE_STRINGS_H.c.o
/Applications/Xcode.app/Contents/Developer/Toolchains/XcodeDefault.xctoolchain/usr/bin/cc   -arch arm64 -isysroot /Applications/Xcode.app/Contents/Developer/Platforms/MacOSX.platform/Developer/SDKs/MacOSX12.3.sdk -mmacosx-version-min=12.2 -fPIE -MD -MT CMakeFiles/cmTC_37c30.dir/HAVE_STRINGS_H.c.o -MF CMakeFiles/cmTC_37c30.dir/HAVE_STRINGS_H.c.o.d -o CMakeFiles/cmTC_37c30.dir/HAVE_STRINGS_H.c.o -c /Users/jacksonchen/Documents/Github/temp/Thanksgiving-Hack/cmake/build/CMakeFiles/CMakeScratch/TryCompile-dWbV6y/HAVE_STRINGS_H.c
Linking C executable cmTC_37c30
/opt/homebrew/Cellar/cmake/3.25.0/bin/cmake -E cmake_link_script CMakeFiles/cmTC_37c30.dir/link.txt --verbose=1
/Applications/Xcode.app/Contents/Developer/Toolchains/XcodeDefault.xctoolchain/usr/bin/cc  -arch arm64 -isysroot /Applications/Xcode.app/Contents/Developer/Platforms/MacOSX.platform/Developer/SDKs/MacOSX12.3.sdk -mmacosx-version-min=12.2 -Wl,-search_paths_first -Wl,-headerpad_max_install_names CMakeFiles/cmTC_37c30.dir/HAVE_STRINGS_H.c.o -o cmTC_37c30 



Determining if files string.h exist passed with the following output:
Change Dir: /Users/jacksonchen/Documents/Github/temp/Thanksgiving-Hack/cmake/build/CMakeFiles/CMakeScratch/TryCompile-KBzRE6

Run Build Command(s):/usr/bin/make -f Makefile cmTC_2e142/fast && /Applications/Xcode.app/Contents/Developer/usr/bin/make  -f CMakeFiles/cmTC_2e142.dir/build.make CMakeFiles/cmTC_2e142.dir/build
Building C object CMakeFiles/cmTC_2e142.dir/HAVE_STRING_H.c.o
/Applications/Xcode.app/Contents/Developer/Toolchains/XcodeDefault.xctoolchain/usr/bin/cc   -arch arm64 -isysroot /Applications/Xcode.app/Contents/Developer/Platforms/MacOSX.platform/Developer/SDKs/MacOSX12.3.sdk -mmacosx-version-min=12.2 -fPIE -MD -MT CMakeFiles/cmTC_2e142.dir/HAVE_STRING_H.c.o -MF CMakeFiles/cmTC_2e142.dir/HAVE_STRING_H.c.o.d -o CMakeFiles/cmTC_2e142.dir/HAVE_STRING_H.c.o -c /Users/jacksonchen/Documents/Github/temp/Thanksgiving-Hack/cmake/build/CMakeFiles/CMakeScratch/TryCompile-KBzRE6/HAVE_STRING_H.c
Linking C executable cmTC_2e142
/opt/homebrew/Cellar/cmake/3.25.0/bin/cmake -E cmake_link_script CMakeFiles/cmTC_2e142.dir/link.txt --verbose=1
/Applications/Xcode.app/Contents/Developer/Toolchains/XcodeDefault.xctoolchain/usr/bin/cc  -arch arm64 -isysroot /Applications/Xcode.app/Contents/Developer/Platforms/MacOSX.platform/Developer/SDKs/MacOSX12.3.sdk -mmacosx-version-min=12.2 -Wl,-search_paths_first -Wl,-headerpad_max_install_names CMakeFiles/cmTC_2e142.dir/HAVE_STRING_H.c.o -o cmTC_2e142 



Determining if files sys/ioctl.h exist passed with the following output:
Change Dir: /Users/jacksonchen/Documents/Github/temp/Thanksgiving-Hack/cmake/build/CMakeFiles/CMakeScratch/TryCompile-yP2PDu

Run Build Command(s):/usr/bin/make -f Makefile cmTC_7de49/fast && /Applications/Xcode.app/Contents/Developer/usr/bin/make  -f CMakeFiles/cmTC_7de49.dir/build.make CMakeFiles/cmTC_7de49.dir/build
Building C object CMakeFiles/cmTC_7de49.dir/HAVE_SYS_IOCTL_H.c.o
/Applications/Xcode.app/Contents/Developer/Toolchains/XcodeDefault.xctoolchain/usr/bin/cc   -arch arm64 -isysroot /Applications/Xcode.app/Contents/Developer/Platforms/MacOSX.platform/Developer/SDKs/MacOSX12.3.sdk -mmacosx-version-min=12.2 -fPIE -MD -MT CMakeFiles/cmTC_7de49.dir/HAVE_SYS_IOCTL_H.c.o -MF CMakeFiles/cmTC_7de49.dir/HAVE_SYS_IOCTL_H.c.o.d -o CMakeFiles/cmTC_7de49.dir/HAVE_SYS_IOCTL_H.c.o -c /Users/jacksonchen/Documents/Github/temp/Thanksgiving-Hack/cmake/build/CMakeFiles/CMakeScratch/TryCompile-yP2PDu/HAVE_SYS_IOCTL_H.c
Linking C executable cmTC_7de49
/opt/homebrew/Cellar/cmake/3.25.0/bin/cmake -E cmake_link_script CMakeFiles/cmTC_7de49.dir/link.txt --verbose=1
/Applications/Xcode.app/Contents/Developer/Toolchains/XcodeDefault.xctoolchain/usr/bin/cc  -arch arm64 -isysroot /Applications/Xcode.app/Contents/Developer/Platforms/MacOSX.platform/Developer/SDKs/MacOSX12.3.sdk -mmacosx-version-min=12.2 -Wl,-search_paths_first -Wl,-headerpad_max_install_names CMakeFiles/cmTC_7de49.dir/HAVE_SYS_IOCTL_H.c.o -o cmTC_7de49 



Determining if files sys/param.h exist passed with the following output:
Change Dir: /Users/jacksonchen/Documents/Github/temp/Thanksgiving-Hack/cmake/build/CMakeFiles/CMakeScratch/TryCompile-Cwg0sh

Run Build Command(s):/usr/bin/make -f Makefile cmTC_319db/fast && /Applications/Xcode.app/Contents/Developer/usr/bin/make  -f CMakeFiles/cmTC_319db.dir/build.make CMakeFiles/cmTC_319db.dir/build
Building C object CMakeFiles/cmTC_319db.dir/HAVE_SYS_PARAM_H.c.o
/Applications/Xcode.app/Contents/Developer/Toolchains/XcodeDefault.xctoolchain/usr/bin/cc   -arch arm64 -isysroot /Applications/Xcode.app/Contents/Developer/Platforms/MacOSX.platform/Developer/SDKs/MacOSX12.3.sdk -mmacosx-version-min=12.2 -fPIE -MD -MT CMakeFiles/cmTC_319db.dir/HAVE_SYS_PARAM_H.c.o -MF CMakeFiles/cmTC_319db.dir/HAVE_SYS_PARAM_H.c.o.d -o CMakeFiles/cmTC_319db.dir/HAVE_SYS_PARAM_H.c.o -c /Users/jacksonchen/Documents/Github/temp/Thanksgiving-Hack/cmake/build/CMakeFiles/CMakeScratch/TryCompile-Cwg0sh/HAVE_SYS_PARAM_H.c
Linking C executable cmTC_319db
/opt/homebrew/Cellar/cmake/3.25.0/bin/cmake -E cmake_link_script CMakeFiles/cmTC_319db.dir/link.txt --verbose=1
/Applications/Xcode.app/Contents/Developer/Toolchains/XcodeDefault.xctoolchain/usr/bin/cc  -arch arm64 -isysroot /Applications/Xcode.app/Contents/Developer/Platforms/MacOSX.platform/Developer/SDKs/MacOSX12.3.sdk -mmacosx-version-min=12.2 -Wl,-search_paths_first -Wl,-headerpad_max_install_names CMakeFiles/cmTC_319db.dir/HAVE_SYS_PARAM_H.c.o -o cmTC_319db 



Determining if files sys/select.h exist passed with the following output:
Change Dir: /Users/jacksonchen/Documents/Github/temp/Thanksgiving-Hack/cmake/build/CMakeFiles/CMakeScratch/TryCompile-g72ruZ

Run Build Command(s):/usr/bin/make -f Makefile cmTC_936e0/fast && /Applications/Xcode.app/Contents/Developer/usr/bin/make  -f CMakeFiles/cmTC_936e0.dir/build.make CMakeFiles/cmTC_936e0.dir/build
Building C object CMakeFiles/cmTC_936e0.dir/HAVE_SYS_SELECT_H.c.o
/Applications/Xcode.app/Contents/Developer/Toolchains/XcodeDefault.xctoolchain/usr/bin/cc   -arch arm64 -isysroot /Applications/Xcode.app/Contents/Developer/Platforms/MacOSX.platform/Developer/SDKs/MacOSX12.3.sdk -mmacosx-version-min=12.2 -fPIE -MD -MT CMakeFiles/cmTC_936e0.dir/HAVE_SYS_SELECT_H.c.o -MF CMakeFiles/cmTC_936e0.dir/HAVE_SYS_SELECT_H.c.o.d -o CMakeFiles/cmTC_936e0.dir/HAVE_SYS_SELECT_H.c.o -c /Users/jacksonchen/Documents/Github/temp/Thanksgiving-Hack/cmake/build/CMakeFiles/CMakeScratch/TryCompile-g72ruZ/HAVE_SYS_SELECT_H.c
Linking C executable cmTC_936e0
/opt/homebrew/Cellar/cmake/3.25.0/bin/cmake -E cmake_link_script CMakeFiles/cmTC_936e0.dir/link.txt --verbose=1
/Applications/Xcode.app/Contents/Developer/Toolchains/XcodeDefault.xctoolchain/usr/bin/cc  -arch arm64 -isysroot /Applications/Xcode.app/Contents/Developer/Platforms/MacOSX.platform/Developer/SDKs/MacOSX12.3.sdk -mmacosx-version-min=12.2 -Wl,-search_paths_first -Wl,-headerpad_max_install_names CMakeFiles/cmTC_936e0.dir/HAVE_SYS_SELECT_H.c.o -o cmTC_936e0 



Determining if files sys/stat.h exist passed with the following output:
Change Dir: /Users/jacksonchen/Documents/Github/temp/Thanksgiving-Hack/cmake/build/CMakeFiles/CMakeScratch/TryCompile-G576vj

Run Build Command(s):/usr/bin/make -f Makefile cmTC_1bd6e/fast && /Applications/Xcode.app/Contents/Developer/usr/bin/make  -f CMakeFiles/cmTC_1bd6e.dir/build.make CMakeFiles/cmTC_1bd6e.dir/build
Building C object CMakeFiles/cmTC_1bd6e.dir/HAVE_SYS_STAT_H.c.o
/Applications/Xcode.app/Contents/Developer/Toolchains/XcodeDefault.xctoolchain/usr/bin/cc   -arch arm64 -isysroot /Applications/Xcode.app/Contents/Developer/Platforms/MacOSX.platform/Developer/SDKs/MacOSX12.3.sdk -mmacosx-version-min=12.2 -fPIE -MD -MT CMakeFiles/cmTC_1bd6e.dir/HAVE_SYS_STAT_H.c.o -MF CMakeFiles/cmTC_1bd6e.dir/HAVE_SYS_STAT_H.c.o.d -o CMakeFiles/cmTC_1bd6e.dir/HAVE_SYS_STAT_H.c.o -c /Users/jacksonchen/Documents/Github/temp/Thanksgiving-Hack/cmake/build/CMakeFiles/CMakeScratch/TryCompile-G576vj/HAVE_SYS_STAT_H.c
Linking C executable cmTC_1bd6e
/opt/homebrew/Cellar/cmake/3.25.0/bin/cmake -E cmake_link_script CMakeFiles/cmTC_1bd6e.dir/link.txt --verbose=1
/Applications/Xcode.app/Contents/Developer/Toolchains/XcodeDefault.xctoolchain/usr/bin/cc  -arch arm64 -isysroot /Applications/Xcode.app/Contents/Developer/Platforms/MacOSX.platform/Developer/SDKs/MacOSX12.3.sdk -mmacosx-version-min=12.2 -Wl,-search_paths_first -Wl,-headerpad_max_install_names CMakeFiles/cmTC_1bd6e.dir/HAVE_SYS_STAT_H.c.o -o cmTC_1bd6e 



Determining if files sys/time.h exist passed with the following output:
Change Dir: /Users/jacksonchen/Documents/Github/temp/Thanksgiving-Hack/cmake/build/CMakeFiles/CMakeScratch/TryCompile-ESDoWL

Run Build Command(s):/usr/bin/make -f Makefile cmTC_72b4a/fast && /Applications/Xcode.app/Contents/Developer/usr/bin/make  -f CMakeFiles/cmTC_72b4a.dir/build.make CMakeFiles/cmTC_72b4a.dir/build
Building C object CMakeFiles/cmTC_72b4a.dir/HAVE_SYS_TIME_H.c.o
/Applications/Xcode.app/Contents/Developer/Toolchains/XcodeDefault.xctoolchain/usr/bin/cc   -arch arm64 -isysroot /Applications/Xcode.app/Contents/Developer/Platforms/MacOSX.platform/Developer/SDKs/MacOSX12.3.sdk -mmacosx-version-min=12.2 -fPIE -MD -MT CMakeFiles/cmTC_72b4a.dir/HAVE_SYS_TIME_H.c.o -MF CMakeFiles/cmTC_72b4a.dir/HAVE_SYS_TIME_H.c.o.d -o CMakeFiles/cmTC_72b4a.dir/HAVE_SYS_TIME_H.c.o -c /Users/jacksonchen/Documents/Github/temp/Thanksgiving-Hack/cmake/build/CMakeFiles/CMakeScratch/TryCompile-ESDoWL/HAVE_SYS_TIME_H.c
Linking C executable cmTC_72b4a
/opt/homebrew/Cellar/cmake/3.25.0/bin/cmake -E cmake_link_script CMakeFiles/cmTC_72b4a.dir/link.txt --verbose=1
/Applications/Xcode.app/Contents/Developer/Toolchains/XcodeDefault.xctoolchain/usr/bin/cc  -arch arm64 -isysroot /Applications/Xcode.app/Contents/Developer/Platforms/MacOSX.platform/Developer/SDKs/MacOSX12.3.sdk -mmacosx-version-min=12.2 -Wl,-search_paths_first -Wl,-headerpad_max_install_names CMakeFiles/cmTC_72b4a.dir/HAVE_SYS_TIME_H.c.o -o cmTC_72b4a 



Determining if files sys/uio.h exist passed with the following output:
Change Dir: /Users/jacksonchen/Documents/Github/temp/Thanksgiving-Hack/cmake/build/CMakeFiles/CMakeScratch/TryCompile-8GVIDv

Run Build Command(s):/usr/bin/make -f Makefile cmTC_4bd50/fast && /Applications/Xcode.app/Contents/Developer/usr/bin/make  -f CMakeFiles/cmTC_4bd50.dir/build.make CMakeFiles/cmTC_4bd50.dir/build
Building C object CMakeFiles/cmTC_4bd50.dir/HAVE_SYS_UIO_H.c.o
/Applications/Xcode.app/Contents/Developer/Toolchains/XcodeDefault.xctoolchain/usr/bin/cc   -arch arm64 -isysroot /Applications/Xcode.app/Contents/Developer/Platforms/MacOSX.platform/Developer/SDKs/MacOSX12.3.sdk -mmacosx-version-min=12.2 -fPIE -MD -MT CMakeFiles/cmTC_4bd50.dir/HAVE_SYS_UIO_H.c.o -MF CMakeFiles/cmTC_4bd50.dir/HAVE_SYS_UIO_H.c.o.d -o CMakeFiles/cmTC_4bd50.dir/HAVE_SYS_UIO_H.c.o -c /Users/jacksonchen/Documents/Github/temp/Thanksgiving-Hack/cmake/build/CMakeFiles/CMakeScratch/TryCompile-8GVIDv/HAVE_SYS_UIO_H.c
Linking C executable cmTC_4bd50
/opt/homebrew/Cellar/cmake/3.25.0/bin/cmake -E cmake_link_script CMakeFiles/cmTC_4bd50.dir/link.txt --verbose=1
/Applications/Xcode.app/Contents/Developer/Toolchains/XcodeDefault.xctoolchain/usr/bin/cc  -arch arm64 -isysroot /Applications/Xcode.app/Contents/Developer/Platforms/MacOSX.platform/Developer/SDKs/MacOSX12.3.sdk -mmacosx-version-min=12.2 -Wl,-search_paths_first -Wl,-headerpad_max_install_names CMakeFiles/cmTC_4bd50.dir/HAVE_SYS_UIO_H.c.o -o cmTC_4bd50 



Determining if files time.h exist passed with the following output:
Change Dir: /Users/jacksonchen/Documents/Github/temp/Thanksgiving-Hack/cmake/build/CMakeFiles/CMakeScratch/TryCompile-kCK3cM

Run Build Command(s):/usr/bin/make -f Makefile cmTC_234d5/fast && /Applications/Xcode.app/Contents/Developer/usr/bin/make  -f CMakeFiles/cmTC_234d5.dir/build.make CMakeFiles/cmTC_234d5.dir/build
Building C object CMakeFiles/cmTC_234d5.dir/HAVE_TIME_H.c.o
/Applications/Xcode.app/Contents/Developer/Toolchains/XcodeDefault.xctoolchain/usr/bin/cc   -arch arm64 -isysroot /Applications/Xcode.app/Contents/Developer/Platforms/MacOSX.platform/Developer/SDKs/MacOSX12.3.sdk -mmacosx-version-min=12.2 -fPIE -MD -MT CMakeFiles/cmTC_234d5.dir/HAVE_TIME_H.c.o -MF CMakeFiles/cmTC_234d5.dir/HAVE_TIME_H.c.o.d -o CMakeFiles/cmTC_234d5.dir/HAVE_TIME_H.c.o -c /Users/jacksonchen/Documents/Github/temp/Thanksgiving-Hack/cmake/build/CMakeFiles/CMakeScratch/TryCompile-kCK3cM/HAVE_TIME_H.c
Linking C executable cmTC_234d5
/opt/homebrew/Cellar/cmake/3.25.0/bin/cmake -E cmake_link_script CMakeFiles/cmTC_234d5.dir/link.txt --verbose=1
/Applications/Xcode.app/Contents/Developer/Toolchains/XcodeDefault.xctoolchain/usr/bin/cc  -arch arm64 -isysroot /Applications/Xcode.app/Contents/Developer/Platforms/MacOSX.platform/Developer/SDKs/MacOSX12.3.sdk -mmacosx-version-min=12.2 -Wl,-search_paths_first -Wl,-headerpad_max_install_names CMakeFiles/cmTC_234d5.dir/HAVE_TIME_H.c.o -o cmTC_234d5 



Determining if files dlfcn.h exist passed with the following output:
Change Dir: /Users/jacksonchen/Documents/Github/temp/Thanksgiving-Hack/cmake/build/CMakeFiles/CMakeScratch/TryCompile-Rj1EpH

Run Build Command(s):/usr/bin/make -f Makefile cmTC_dea14/fast && /Applications/Xcode.app/Contents/Developer/usr/bin/make  -f CMakeFiles/cmTC_dea14.dir/build.make CMakeFiles/cmTC_dea14.dir/build
Building C object CMakeFiles/cmTC_dea14.dir/HAVE_DLFCN_H.c.o
/Applications/Xcode.app/Contents/Developer/Toolchains/XcodeDefault.xctoolchain/usr/bin/cc   -arch arm64 -isysroot /Applications/Xcode.app/Contents/Developer/Platforms/MacOSX.platform/Developer/SDKs/MacOSX12.3.sdk -mmacosx-version-min=12.2 -fPIE -MD -MT CMakeFiles/cmTC_dea14.dir/HAVE_DLFCN_H.c.o -MF CMakeFiles/cmTC_dea14.dir/HAVE_DLFCN_H.c.o.d -o CMakeFiles/cmTC_dea14.dir/HAVE_DLFCN_H.c.o -c /Users/jacksonchen/Documents/Github/temp/Thanksgiving-Hack/cmake/build/CMakeFiles/CMakeScratch/TryCompile-Rj1EpH/HAVE_DLFCN_H.c
Linking C executable cmTC_dea14
/opt/homebrew/Cellar/cmake/3.25.0/bin/cmake -E cmake_link_script CMakeFiles/cmTC_dea14.dir/link.txt --verbose=1
/Applications/Xcode.app/Contents/Developer/Toolchains/XcodeDefault.xctoolchain/usr/bin/cc  -arch arm64 -isysroot /Applications/Xcode.app/Contents/Developer/Platforms/MacOSX.platform/Developer/SDKs/MacOSX12.3.sdk -mmacosx-version-min=12.2 -Wl,-search_paths_first -Wl,-headerpad_max_install_names CMakeFiles/cmTC_dea14.dir/HAVE_DLFCN_H.c.o -o cmTC_dea14 



Determining if files unistd.h exist passed with the following output:
Change Dir: /Users/jacksonchen/Documents/Github/temp/Thanksgiving-Hack/cmake/build/CMakeFiles/CMakeScratch/TryCompile-xpIm4l

Run Build Command(s):/usr/bin/make -f Makefile cmTC_4a651/fast && /Applications/Xcode.app/Contents/Developer/usr/bin/make  -f CMakeFiles/cmTC_4a651.dir/build.make CMakeFiles/cmTC_4a651.dir/build
Building C object CMakeFiles/cmTC_4a651.dir/HAVE_UNISTD_H.c.o
/Applications/Xcode.app/Contents/Developer/Toolchains/XcodeDefault.xctoolchain/usr/bin/cc   -arch arm64 -isysroot /Applications/Xcode.app/Contents/Developer/Platforms/MacOSX.platform/Developer/SDKs/MacOSX12.3.sdk -mmacosx-version-min=12.2 -fPIE -MD -MT CMakeFiles/cmTC_4a651.dir/HAVE_UNISTD_H.c.o -MF CMakeFiles/cmTC_4a651.dir/HAVE_UNISTD_H.c.o.d -o CMakeFiles/cmTC_4a651.dir/HAVE_UNISTD_H.c.o -c /Users/jacksonchen/Documents/Github/temp/Thanksgiving-Hack/cmake/build/CMakeFiles/CMakeScratch/TryCompile-xpIm4l/HAVE_UNISTD_H.c
Linking C executable cmTC_4a651
/opt/homebrew/Cellar/cmake/3.25.0/bin/cmake -E cmake_link_script CMakeFiles/cmTC_4a651.dir/link.txt --verbose=1
/Applications/Xcode.app/Contents/Developer/Toolchains/XcodeDefault.xctoolchain/usr/bin/cc  -arch arm64 -isysroot /Applications/Xcode.app/Contents/Developer/Platforms/MacOSX.platform/Developer/SDKs/MacOSX12.3.sdk -mmacosx-version-min=12.2 -Wl,-search_paths_first -Wl,-headerpad_max_install_names CMakeFiles/cmTC_4a651.dir/HAVE_UNISTD_H.c.o -o cmTC_4a651 



