The system is: Darwin - 21.3.0 - arm64
Compiling the C compiler identification source file "CMakeCCompilerId.c" succeeded.
Compiler: /Applications/Xcode.app/Contents/Developer/Toolchains/XcodeDefault.xctoolchain/usr/bin/cc 
Build flags: 
Id flags: -c 

The output was:
0


Compilation of the C compiler identification source "CMakeCCompilerId.c" produced "CMakeCCompilerId.o"

The C compiler identification is AppleClang, found in "/Users/jacksonchen/Documents/Github/temp/Thanksgiving-Hack/grpc/cmake/build/CMakeFiles/3.25.0/CompilerIdC/CMakeCCompilerId.o"

Compiling the CXX compiler identification source file "CMakeCXXCompilerId.cpp" succeeded.
Compiler: /Applications/Xcode.app/Contents/Developer/Toolchains/XcodeDefault.xctoolchain/usr/bin/c++ 
Build flags: 
Id flags: -c 

The output was:
0


Compilation of the CXX compiler identification source "CMakeCXXCompilerId.cpp" produced "CMakeCXXCompilerId.o"

The CXX compiler identification is AppleClang, found in "/Users/jacksonchen/Documents/Github/temp/Thanksgiving-Hack/grpc/cmake/build/CMakeFiles/3.25.0/CompilerIdCXX/CMakeCXXCompilerId.o"

Detecting C compiler ABI info compiled with the following output:
Change Dir: /Users/jacksonchen/Documents/Github/temp/Thanksgiving-Hack/grpc/cmake/build/CMakeFiles/CMakeScratch/TryCompile-wl6WKE

Run Build Command(s):/usr/bin/make -f Makefile cmTC_3333b/fast && /Applications/Xcode.app/Contents/Developer/usr/bin/make  -f CMakeFiles/cmTC_3333b.dir/build.make CMakeFiles/cmTC_3333b.dir/build
Building C object CMakeFiles/cmTC_3333b.dir/CMakeCCompilerABI.c.o
/Applications/Xcode.app/Contents/Developer/Toolchains/XcodeDefault.xctoolchain/usr/bin/cc   -arch arm64 -isysroot /Applications/Xcode.app/Contents/Developer/Platforms/MacOSX.platform/Developer/SDKs/MacOSX12.3.sdk -mmacosx-version-min=12.2   -v -Wl,-v -MD -MT CMakeFiles/cmTC_3333b.dir/CMakeCCompilerABI.c.o -MF CMakeFiles/cmTC_3333b.dir/CMakeCCompilerABI.c.o.d -o CMakeFiles/cmTC_3333b.dir/CMakeCCompilerABI.c.o -c /opt/homebrew/Cellar/cmake/3.25.0/share/cmake/Modules/CMakeCCompilerABI.c
Apple clang version 13.1.6 (clang-1316.0.21.2.5)
Target: arm64-apple-darwin21.3.0
Thread model: posix
InstalledDir: /Applications/Xcode.app/Contents/Developer/Toolchains/XcodeDefault.xctoolchain/usr/bin
clang: warning: -Wl,-v: 'linker' input unused [-Wunused-command-line-argument]
 "/Applications/Xcode.app/Contents/Developer/Toolchains/XcodeDefault.xctoolchain/usr/bin/clang" -cc1 -triple arm64-apple-macosx12.2.0 -Wundef-prefix=TARGET_OS_ -Wdeprecated-objc-isa-usage -Werror=deprecated-objc-isa-usage -Werror=implicit-function-declaration -emit-obj -mrelax-all --mrelax-relocations -disable-free -disable-llvm-verifier -discard-value-names -main-file-name CMakeCCompilerABI.c -mrelocation-model pic -pic-level 2 -mframe-pointer=non-leaf -fno-strict-return -fno-rounding-math -munwind-tables -target-sdk-version=12.3 -fvisibility-inlines-hidden-static-local-var -target-cpu apple-m1 -target-feature +v8.5a -target-feature +fp-armv8 -target-feature +neon -target-feature +crc -target-feature +crypto -target-feature +dotprod -target-feature +fp16fml -target-feature +ras -target-feature +lse -target-feature +rdm -target-feature +rcpc -target-feature +zcm -target-feature +zcz -target-feature +fullfp16 -target-feature +sm4 -target-feature +sha3 -target-feature +sha2 -target-feature +aes -target-abi darwinpcs -fallow-half-arguments-and-returns -debugger-tuning=lldb -target-linker-version 763 -v -resource-dir /Applications/Xcode.app/Contents/Developer/Toolchains/XcodeDefault.xctoolchain/usr/lib/clang/13.1.6 -dependency-file CMakeFiles/cmTC_3333b.dir/CMakeCCompilerABI.c.o.d -skip-unused-modulemap-deps -MT CMakeFiles/cmTC_3333b.dir/CMakeCCompilerABI.c.o -sys-header-deps -isysroot /Applications/Xcode.app/Contents/Developer/Platforms/MacOSX.platform/Developer/SDKs/MacOSX12.3.sdk -internal-isystem /Applications/Xcode.app/Contents/Developer/Platforms/MacOSX.platform/Developer/SDKs/MacOSX12.3.sdk/usr/local/include -internal-isystem /Applications/Xcode.app/Contents/Developer/Toolchains/XcodeDefault.xctoolchain/usr/lib/clang/13.1.6/include -internal-externc-isystem /Applications/Xcode.app/Contents/Developer/Platforms/MacOSX.platform/Developer/SDKs/MacOSX12.3.sdk/usr/include -internal-externc-isystem /Applications/Xcode.app/Contents/Developer/Toolchains/XcodeDefault.xctoolchain/usr/include -Wno-reorder-init-list -Wno-implicit-int-float-conversion -Wno-c99-designator -Wno-final-dtor-non-final-class -Wno-extra-semi-stmt -Wno-misleading-indentation -Wno-quoted-include-in-framework-header -Wno-implicit-fallthrough -Wno-enum-enum-conversion -Wno-enum-float-conversion -Wno-elaborated-enum-base -Wno-reserved-identifier -Wno-gnu-folding-constant -Wno-objc-load-method -fdebug-compilation-dir=/Users/jacksonchen/Documents/Github/temp/Thanksgiving-Hack/grpc/cmake/build/CMakeFiles/CMakeScratch/TryCompile-wl6WKE -ferror-limit 19 -stack-protector 1 -fstack-check -mdarwin-stkchk-strong-link -fblocks -fencode-extended-block-signature -fregister-global-dtors-with-atexit -fgnuc-version=4.2.1 -fmax-type-align=16 -fcommon -clang-vendor-feature=+messageToSelfInClassMethodIdReturnType -clang-vendor-feature=+disableInferNewAvailabilityFromInit -clang-vendor-feature=+disableNonDependentMemberExprInCurrentInstantiation -fno-odr-hash-protocols -clang-vendor-feature=+enableAggressiveVLAFolding -clang-vendor-feature=+revert09abecef7bbf -clang-vendor-feature=+thisNoAlignAttr -clang-vendor-feature=+thisNoNullAttr -mllvm -disable-aligned-alloc-awareness=1 -D__GCC_HAVE_DWARF2_CFI_ASM=1 -o CMakeFiles/cmTC_3333b.dir/CMakeCCompilerABI.c.o -x c /opt/homebrew/Cellar/cmake/3.25.0/share/cmake/Modules/CMakeCCompilerABI.c
clang -cc1 version 13.1.6 (clang-1316.0.21.2.5) default target arm64-apple-darwin21.3.0
ignoring nonexistent directory "/Applications/Xcode.app/Contents/Developer/Platforms/MacOSX.platform/Developer/SDKs/MacOSX12.3.sdk/usr/local/include"
ignoring nonexistent directory "/Applications/Xcode.app/Contents/Developer/Platforms/MacOSX.platform/Developer/SDKs/MacOSX12.3.sdk/Library/Frameworks"
#include "..." search starts here:
#include <...> search starts here:
 /Applications/Xcode.app/Contents/Developer/Toolchains/XcodeDefault.xctoolchain/usr/lib/clang/13.1.6/include
 /Applications/Xcode.app/Contents/Developer/Platforms/MacOSX.platform/Developer/SDKs/MacOSX12.3.sdk/usr/include
 /Applications/Xcode.app/Contents/Developer/Toolchains/XcodeDefault.xctoolchain/usr/include
 /Applications/Xcode.app/Contents/Developer/Platforms/MacOSX.platform/Developer/SDKs/MacOSX12.3.sdk/System/Library/Frameworks (framework directory)
End of search list.
Linking C executable cmTC_3333b
/opt/homebrew/Cellar/cmake/3.25.0/bin/cmake -E cmake_link_script CMakeFiles/cmTC_3333b.dir/link.txt --verbose=1
/Applications/Xcode.app/Contents/Developer/Toolchains/XcodeDefault.xctoolchain/usr/bin/cc  -arch arm64 -isysroot /Applications/Xcode.app/Contents/Developer/Platforms/MacOSX.platform/Developer/SDKs/MacOSX12.3.sdk -mmacosx-version-min=12.2 -Wl,-search_paths_first -Wl,-headerpad_max_install_names  -v -Wl,-v CMakeFiles/cmTC_3333b.dir/CMakeCCompilerABI.c.o -o cmTC_3333b 
Apple clang version 13.1.6 (clang-1316.0.21.2.5)
Target: arm64-apple-darwin21.3.0
Thread model: posix
InstalledDir: /Applications/Xcode.app/Contents/Developer/Toolchains/XcodeDefault.xctoolchain/usr/bin
 "/Applications/Xcode.app/Contents/Developer/Toolchains/XcodeDefault.xctoolchain/usr/bin/ld" -demangle -lto_library /Applications/Xcode.app/Contents/Developer/Toolchains/XcodeDefault.xctoolchain/usr/lib/libLTO.dylib -dynamic -arch arm64 -platform_version macos 12.2.0 12.3 -syslibroot /Applications/Xcode.app/Contents/Developer/Platforms/MacOSX.platform/Developer/SDKs/MacOSX12.3.sdk -o cmTC_3333b -search_paths_first -headerpad_max_install_names -v CMakeFiles/cmTC_3333b.dir/CMakeCCompilerABI.c.o -lSystem /Applications/Xcode.app/Contents/Developer/Toolchains/XcodeDefault.xctoolchain/usr/lib/clang/13.1.6/lib/darwin/libclang_rt.osx.a
@(#)PROGRAM:ld  PROJECT:ld64-764
BUILD 11:29:07 May 17 2022
configured to support archs: armv6 armv7 armv7s arm64 arm64e arm64_32 i386 x86_64 x86_64h armv6m armv7k armv7m armv7em
Library search paths:
	/Applications/Xcode.app/Contents/Developer/Platforms/MacOSX.platform/Developer/SDKs/MacOSX12.3.sdk/usr/lib
Framework search paths:
	/Applications/Xcode.app/Contents/Developer/Platforms/MacOSX.platform/Developer/SDKs/MacOSX12.3.sdk/System/Library/Frameworks/



Parsed C implicit include dir info from above output: rv=done
  found start of include info
  found start of implicit include info
    add: [/Applications/Xcode.app/Contents/Developer/Toolchains/XcodeDefault.xctoolchain/usr/lib/clang/13.1.6/include]
    add: [/Applications/Xcode.app/Contents/Developer/Platforms/MacOSX.platform/Developer/SDKs/MacOSX12.3.sdk/usr/include]
    add: [/Applications/Xcode.app/Contents/Developer/Toolchains/XcodeDefault.xctoolchain/usr/include]
  end of search list found
  collapse include dir [/Applications/Xcode.app/Contents/Developer/Toolchains/XcodeDefault.xctoolchain/usr/lib/clang/13.1.6/include] ==> [/Applications/Xcode.app/Contents/Developer/Toolchains/XcodeDefault.xctoolchain/usr/lib/clang/13.1.6/include]
  collapse include dir [/Applications/Xcode.app/Contents/Developer/Platforms/MacOSX.platform/Developer/SDKs/MacOSX12.3.sdk/usr/include] ==> [/Applications/Xcode.app/Contents/Developer/Platforms/MacOSX.platform/Developer/SDKs/MacOSX12.3.sdk/usr/include]
  collapse include dir [/Applications/Xcode.app/Contents/Developer/Toolchains/XcodeDefault.xctoolchain/usr/include] ==> [/Applications/Xcode.app/Contents/Developer/Toolchains/XcodeDefault.xctoolchain/usr/include]
  implicit include dirs: [/Applications/Xcode.app/Contents/Developer/Toolchains/XcodeDefault.xctoolchain/usr/lib/clang/13.1.6/include;/Applications/Xcode.app/Contents/Developer/Platforms/MacOSX.platform/Developer/SDKs/MacOSX12.3.sdk/usr/include;/Applications/Xcode.app/Contents/Developer/Toolchains/XcodeDefault.xctoolchain/usr/include]


Parsed C implicit link information from above output:
  link line regex: [^( *|.*[/\])(ld|CMAKE_LINK_STARTFILE-NOTFOUND|([^/\]+-)?ld|collect2)[^/\]*( |$)]
  ignore line: [Change Dir: /Users/jacksonchen/Documents/Github/temp/Thanksgiving-Hack/grpc/cmake/build/CMakeFiles/CMakeScratch/TryCompile-wl6WKE]
  ignore line: []
  ignore line: [Run Build Command(s):/usr/bin/make -f Makefile cmTC_3333b/fast && /Applications/Xcode.app/Contents/Developer/usr/bin/make  -f CMakeFiles/cmTC_3333b.dir/build.make CMakeFiles/cmTC_3333b.dir/build]
  ignore line: [Building C object CMakeFiles/cmTC_3333b.dir/CMakeCCompilerABI.c.o]
  ignore line: [/Applications/Xcode.app/Contents/Developer/Toolchains/XcodeDefault.xctoolchain/usr/bin/cc   -arch arm64 -isysroot /Applications/Xcode.app/Contents/Developer/Platforms/MacOSX.platform/Developer/SDKs/MacOSX12.3.sdk -mmacosx-version-min=12.2   -v -Wl -v -MD -MT CMakeFiles/cmTC_3333b.dir/CMakeCCompilerABI.c.o -MF CMakeFiles/cmTC_3333b.dir/CMakeCCompilerABI.c.o.d -o CMakeFiles/cmTC_3333b.dir/CMakeCCompilerABI.c.o -c /opt/homebrew/Cellar/cmake/3.25.0/share/cmake/Modules/CMakeCCompilerABI.c]
  ignore line: [Apple clang version 13.1.6 (clang-1316.0.21.2.5)]
  ignore line: [Target: arm64-apple-darwin21.3.0]
  ignore line: [Thread model: posix]
  ignore line: [InstalledDir: /Applications/Xcode.app/Contents/Developer/Toolchains/XcodeDefault.xctoolchain/usr/bin]
  ignore line: [clang: warning: -Wl -v: 'linker' input unused [-Wunused-command-line-argument]]
  ignore line: [ "/Applications/Xcode.app/Contents/Developer/Toolchains/XcodeDefault.xctoolchain/usr/bin/clang" -cc1 -triple arm64-apple-macosx12.2.0 -Wundef-prefix=TARGET_OS_ -Wdeprecated-objc-isa-usage -Werror=deprecated-objc-isa-usage -Werror=implicit-function-declaration -emit-obj -mrelax-all --mrelax-relocations -disable-free -disable-llvm-verifier -discard-value-names -main-file-name CMakeCCompilerABI.c -mrelocation-model pic -pic-level 2 -mframe-pointer=non-leaf -fno-strict-return -fno-rounding-math -munwind-tables -target-sdk-version=12.3 -fvisibility-inlines-hidden-static-local-var -target-cpu apple-m1 -target-feature +v8.5a -target-feature +fp-armv8 -target-feature +neon -target-feature +crc -target-feature +crypto -target-feature +dotprod -target-feature +fp16fml -target-feature +ras -target-feature +lse -target-feature +rdm -target-feature +rcpc -target-feature +zcm -target-feature +zcz -target-feature +fullfp16 -target-feature +sm4 -target-feature +sha3 -target-feature +sha2 -target-feature +aes -target-abi darwinpcs -fallow-half-arguments-and-returns -debugger-tuning=lldb -target-linker-version 763 -v -resource-dir /Applications/Xcode.app/Contents/Developer/Toolchains/XcodeDefault.xctoolchain/usr/lib/clang/13.1.6 -dependency-file CMakeFiles/cmTC_3333b.dir/CMakeCCompilerABI.c.o.d -skip-unused-modulemap-deps -MT CMakeFiles/cmTC_3333b.dir/CMakeCCompilerABI.c.o -sys-header-deps -isysroot /Applications/Xcode.app/Contents/Developer/Platforms/MacOSX.platform/Developer/SDKs/MacOSX12.3.sdk -internal-isystem /Applications/Xcode.app/Contents/Developer/Platforms/MacOSX.platform/Developer/SDKs/MacOSX12.3.sdk/usr/local/include -internal-isystem /Applications/Xcode.app/Contents/Developer/Toolchains/XcodeDefault.xctoolchain/usr/lib/clang/13.1.6/include -internal-externc-isystem /Applications/Xcode.app/Contents/Developer/Platforms/MacOSX.platform/Developer/SDKs/MacOSX12.3.sdk/usr/include -internal-externc-isystem /Applications/Xcode.app/Contents/Developer/Toolchains/XcodeDefault.xctoolchain/usr/include -Wno-reorder-init-list -Wno-implicit-int-float-conversion -Wno-c99-designator -Wno-final-dtor-non-final-class -Wno-extra-semi-stmt -Wno-misleading-indentation -Wno-quoted-include-in-framework-header -Wno-implicit-fallthrough -Wno-enum-enum-conversion -Wno-enum-float-conversion -Wno-elaborated-enum-base -Wno-reserved-identifier -Wno-gnu-folding-constant -Wno-objc-load-method -fdebug-compilation-dir=/Users/jacksonchen/Documents/Github/temp/Thanksgiving-Hack/grpc/cmake/build/CMakeFiles/CMakeScratch/TryCompile-wl6WKE -ferror-limit 19 -stack-protector 1 -fstack-check -mdarwin-stkchk-strong-link -fblocks -fencode-extended-block-signature -fregister-global-dtors-with-atexit -fgnuc-version=4.2.1 -fmax-type-align=16 -fcommon -clang-vendor-feature=+messageToSelfInClassMethodIdReturnType -clang-vendor-feature=+disableInferNewAvailabilityFromInit -clang-vendor-feature=+disableNonDependentMemberExprInCurrentInstantiation -fno-odr-hash-protocols -clang-vendor-feature=+enableAggressiveVLAFolding -clang-vendor-feature=+revert09abecef7bbf -clang-vendor-feature=+thisNoAlignAttr -clang-vendor-feature=+thisNoNullAttr -mllvm -disable-aligned-alloc-awareness=1 -D__GCC_HAVE_DWARF2_CFI_ASM=1 -o CMakeFiles/cmTC_3333b.dir/CMakeCCompilerABI.c.o -x c /opt/homebrew/Cellar/cmake/3.25.0/share/cmake/Modules/CMakeCCompilerABI.c]
  ignore line: [clang -cc1 version 13.1.6 (clang-1316.0.21.2.5) default target arm64-apple-darwin21.3.0]
  ignore line: [ignoring nonexistent directory "/Applications/Xcode.app/Contents/Developer/Platforms/MacOSX.platform/Developer/SDKs/MacOSX12.3.sdk/usr/local/include"]
  ignore line: [ignoring nonexistent directory "/Applications/Xcode.app/Contents/Developer/Platforms/MacOSX.platform/Developer/SDKs/MacOSX12.3.sdk/Library/Frameworks"]
  ignore line: [#include "..." search starts here:]
  ignore line: [#include <...> search starts here:]
  ignore line: [ /Applications/Xcode.app/Contents/Developer/Toolchains/XcodeDefault.xctoolchain/usr/lib/clang/13.1.6/include]
  ignore line: [ /Applications/Xcode.app/Contents/Developer/Platforms/MacOSX.platform/Developer/SDKs/MacOSX12.3.sdk/usr/include]
  ignore line: [ /Applications/Xcode.app/Contents/Developer/Toolchains/XcodeDefault.xctoolchain/usr/include]
  ignore line: [ /Applications/Xcode.app/Contents/Developer/Platforms/MacOSX.platform/Developer/SDKs/MacOSX12.3.sdk/System/Library/Frameworks (framework directory)]
  ignore line: [End of search list.]
  ignore line: [Linking C executable cmTC_3333b]
  ignore line: [/opt/homebrew/Cellar/cmake/3.25.0/bin/cmake -E cmake_link_script CMakeFiles/cmTC_3333b.dir/link.txt --verbose=1]
  ignore line: [/Applications/Xcode.app/Contents/Developer/Toolchains/XcodeDefault.xctoolchain/usr/bin/cc  -arch arm64 -isysroot /Applications/Xcode.app/Contents/Developer/Platforms/MacOSX.platform/Developer/SDKs/MacOSX12.3.sdk -mmacosx-version-min=12.2 -Wl -search_paths_first -Wl -headerpad_max_install_names  -v -Wl -v CMakeFiles/cmTC_3333b.dir/CMakeCCompilerABI.c.o -o cmTC_3333b ]
  ignore line: [Apple clang version 13.1.6 (clang-1316.0.21.2.5)]
  ignore line: [Target: arm64-apple-darwin21.3.0]
  ignore line: [Thread model: posix]
  ignore line: [InstalledDir: /Applications/Xcode.app/Contents/Developer/Toolchains/XcodeDefault.xctoolchain/usr/bin]
  link line: [ "/Applications/Xcode.app/Contents/Developer/Toolchains/XcodeDefault.xctoolchain/usr/bin/ld" -demangle -lto_library /Applications/Xcode.app/Contents/Developer/Toolchains/XcodeDefault.xctoolchain/usr/lib/libLTO.dylib -dynamic -arch arm64 -platform_version macos 12.2.0 12.3 -syslibroot /Applications/Xcode.app/Contents/Developer/Platforms/MacOSX.platform/Developer/SDKs/MacOSX12.3.sdk -o cmTC_3333b -search_paths_first -headerpad_max_install_names -v CMakeFiles/cmTC_3333b.dir/CMakeCCompilerABI.c.o -lSystem /Applications/Xcode.app/Contents/Developer/Toolchains/XcodeDefault.xctoolchain/usr/lib/clang/13.1.6/lib/darwin/libclang_rt.osx.a]
    arg [/Applications/Xcode.app/Contents/Developer/Toolchains/XcodeDefault.xctoolchain/usr/bin/ld] ==> ignore
    arg [-demangle] ==> ignore
    arg [-lto_library] ==> ignore, skip following value
    arg [/Applications/Xcode.app/Contents/Developer/Toolchains/XcodeDefault.xctoolchain/usr/lib/libLTO.dylib] ==> skip value of -lto_library
    arg [-dynamic] ==> ignore
    arg [-arch] ==> ignore
    arg [arm64] ==> ignore
    arg [-platform_version] ==> ignore
    arg [macos] ==> ignore
    arg [12.2.0] ==> ignore
    arg [12.3] ==> ignore
    arg [-syslibroot] ==> ignore
    arg [/Applications/Xcode.app/Contents/Developer/Platforms/MacOSX.platform/Developer/SDKs/MacOSX12.3.sdk] ==> ignore
    arg [-o] ==> ignore
    arg [cmTC_3333b] ==> ignore
    arg [-search_paths_first] ==> ignore
    arg [-headerpad_max_install_names] ==> ignore
    arg [-v] ==> ignore
    arg [CMakeFiles/cmTC_3333b.dir/CMakeCCompilerABI.c.o] ==> ignore
    arg [-lSystem] ==> lib [System]
    arg [/Applications/Xcode.app/Contents/Developer/Toolchains/XcodeDefault.xctoolchain/usr/lib/clang/13.1.6/lib/darwin/libclang_rt.osx.a] ==> lib [/Applications/Xcode.app/Contents/Developer/Toolchains/XcodeDefault.xctoolchain/usr/lib/clang/13.1.6/lib/darwin/libclang_rt.osx.a]
  Library search paths: [;/Applications/Xcode.app/Contents/Developer/Platforms/MacOSX.platform/Developer/SDKs/MacOSX12.3.sdk/usr/lib]
  Framework search paths: [;/Applications/Xcode.app/Contents/Developer/Platforms/MacOSX.platform/Developer/SDKs/MacOSX12.3.sdk/System/Library/Frameworks/]
  remove lib [System]
  remove lib [/Applications/Xcode.app/Contents/Developer/Toolchains/XcodeDefault.xctoolchain/usr/lib/clang/13.1.6/lib/darwin/libclang_rt.osx.a]
  collapse library dir [/Applications/Xcode.app/Contents/Developer/Platforms/MacOSX.platform/Developer/SDKs/MacOSX12.3.sdk/usr/lib] ==> [/Applications/Xcode.app/Contents/Developer/Platforms/MacOSX.platform/Developer/SDKs/MacOSX12.3.sdk/usr/lib]
  collapse framework dir [/Applications/Xcode.app/Contents/Developer/Platforms/MacOSX.platform/Developer/SDKs/MacOSX12.3.sdk/System/Library/Frameworks/] ==> [/Applications/Xcode.app/Contents/Developer/Platforms/MacOSX.platform/Developer/SDKs/MacOSX12.3.sdk/System/Library/Frameworks]
  implicit libs: []
  implicit objs: []
  implicit dirs: [/Applications/Xcode.app/Contents/Developer/Platforms/MacOSX.platform/Developer/SDKs/MacOSX12.3.sdk/usr/lib]
  implicit fwks: [/Applications/Xcode.app/Contents/Developer/Platforms/MacOSX.platform/Developer/SDKs/MacOSX12.3.sdk/System/Library/Frameworks]


Detecting CXX compiler ABI info compiled with the following output:
Change Dir: /Users/jacksonchen/Documents/Github/temp/Thanksgiving-Hack/grpc/cmake/build/CMakeFiles/CMakeScratch/TryCompile-mnwdrk

Run Build Command(s):/usr/bin/make -f Makefile cmTC_c71f7/fast && /Applications/Xcode.app/Contents/Developer/usr/bin/make  -f CMakeFiles/cmTC_c71f7.dir/build.make CMakeFiles/cmTC_c71f7.dir/build
Building CXX object CMakeFiles/cmTC_c71f7.dir/CMakeCXXCompilerABI.cpp.o
/Applications/Xcode.app/Contents/Developer/Toolchains/XcodeDefault.xctoolchain/usr/bin/c++   -arch arm64 -isysroot /Applications/Xcode.app/Contents/Developer/Platforms/MacOSX.platform/Developer/SDKs/MacOSX12.3.sdk -mmacosx-version-min=12.2   -v -Wl,-v -MD -MT CMakeFiles/cmTC_c71f7.dir/CMakeCXXCompilerABI.cpp.o -MF CMakeFiles/cmTC_c71f7.dir/CMakeCXXCompilerABI.cpp.o.d -o CMakeFiles/cmTC_c71f7.dir/CMakeCXXCompilerABI.cpp.o -c /opt/homebrew/Cellar/cmake/3.25.0/share/cmake/Modules/CMakeCXXCompilerABI.cpp
Apple clang version 13.1.6 (clang-1316.0.21.2.5)
Target: arm64-apple-darwin21.3.0
Thread model: posix
InstalledDir: /Applications/Xcode.app/Contents/Developer/Toolchains/XcodeDefault.xctoolchain/usr/bin
clang: warning: -Wl,-v: 'linker' input unused [-Wunused-command-line-argument]
 "/Applications/Xcode.app/Contents/Developer/Toolchains/XcodeDefault.xctoolchain/usr/bin/clang" -cc1 -triple arm64-apple-macosx12.2.0 -Wundef-prefix=TARGET_OS_ -Wdeprecated-objc-isa-usage -Werror=deprecated-objc-isa-usage -Werror=implicit-function-declaration -emit-obj -mrelax-all --mrelax-relocations -disable-free -disable-llvm-verifier -discard-value-names -main-file-name CMakeCXXCompilerABI.cpp -mrelocation-model pic -pic-level 2 -mframe-pointer=non-leaf -fno-strict-return -fno-rounding-math -munwind-tables -target-sdk-version=12.3 -fvisibility-inlines-hidden-static-local-var -target-cpu apple-m1 -target-feature +v8.5a -target-feature +fp-armv8 -target-feature +neon -target-feature +crc -target-feature +crypto -target-feature +dotprod -target-feature +fp16fml -target-feature +ras -target-feature +lse -target-feature +rdm -target-feature +rcpc -target-feature +zcm -target-feature +zcz -target-feature +fullfp16 -target-feature +sm4 -target-feature +sha3 -target-feature +sha2 -target-feature +aes -target-abi darwinpcs -fallow-half-arguments-and-returns -debugger-tuning=lldb -target-linker-version 763 -v -resource-dir /Applications/Xcode.app/Contents/Developer/Toolchains/XcodeDefault.xctoolchain/usr/lib/clang/13.1.6 -dependency-file CMakeFiles/cmTC_c71f7.dir/CMakeCXXCompilerABI.cpp.o.d -skip-unused-modulemap-deps -MT CMakeFiles/cmTC_c71f7.dir/CMakeCXXCompilerABI.cpp.o -sys-header-deps -isysroot /Applications/Xcode.app/Contents/Developer/Platforms/MacOSX.platform/Developer/SDKs/MacOSX12.3.sdk -stdlib=libc++ -internal-isystem /Applications/Xcode.app/Contents/Developer/Platforms/MacOSX.platform/Developer/SDKs/MacOSX12.3.sdk/usr/include/c++/v1 -internal-isystem /Applications/Xcode.app/Contents/Developer/Platforms/MacOSX.platform/Developer/SDKs/MacOSX12.3.sdk/usr/local/include -internal-isystem /Applications/Xcode.app/Contents/Developer/Toolchains/XcodeDefault.xctoolchain/usr/lib/clang/13.1.6/include -internal-externc-isystem /Applications/Xcode.app/Contents/Developer/Platforms/MacOSX.platform/Developer/SDKs/MacOSX12.3.sdk/usr/include -internal-externc-isystem /Applications/Xcode.app/Contents/Developer/Toolchains/XcodeDefault.xctoolchain/usr/include -Wno-reorder-init-list -Wno-implicit-int-float-conversion -Wno-c99-designator -Wno-final-dtor-non-final-class -Wno-extra-semi-stmt -Wno-misleading-indentation -Wno-quoted-include-in-framework-header -Wno-implicit-fallthrough -Wno-enum-enum-conversion -Wno-enum-float-conversion -Wno-elaborated-enum-base -Wno-reserved-identifier -Wno-gnu-folding-constant -Wno-objc-load-method -fdeprecated-macro -fdebug-compilation-dir=/Users/jacksonchen/Documents/Github/temp/Thanksgiving-Hack/grpc/cmake/build/CMakeFiles/CMakeScratch/TryCompile-mnwdrk -ferror-limit 19 -stack-protector 1 -fstack-check -mdarwin-stkchk-strong-link -fblocks -fencode-extended-block-signature -fregister-global-dtors-with-atexit -fgnuc-version=4.2.1 -fno-cxx-modules -fcxx-exceptions -fexceptions -fmax-type-align=16 -fcommon -clang-vendor-feature=+messageToSelfInClassMethodIdReturnType -clang-vendor-feature=+disableInferNewAvailabilityFromInit -clang-vendor-feature=+disableNonDependentMemberExprInCurrentInstantiation -fno-odr-hash-protocols -clang-vendor-feature=+enableAggressiveVLAFolding -clang-vendor-feature=+revert09abecef7bbf -clang-vendor-feature=+thisNoAlignAttr -clang-vendor-feature=+thisNoNullAttr -mllvm -disable-aligned-alloc-awareness=1 -D__GCC_HAVE_DWARF2_CFI_ASM=1 -o CMakeFiles/cmTC_c71f7.dir/CMakeCXXCompilerABI.cpp.o -x c++ /opt/homebrew/Cellar/cmake/3.25.0/share/cmake/Modules/CMakeCXXCompilerABI.cpp
clang -cc1 version 13.1.6 (clang-1316.0.21.2.5) default target arm64-apple-darwin21.3.0
ignoring nonexistent directory "/Applications/Xcode.app/Contents/Developer/Platforms/MacOSX.platform/Developer/SDKs/MacOSX12.3.sdk/usr/local/include"
ignoring nonexistent directory "/Applications/Xcode.app/Contents/Developer/Platforms/MacOSX.platform/Developer/SDKs/MacOSX12.3.sdk/Library/Frameworks"
#include "..." search starts here:
#include <...> search starts here:
 /Applications/Xcode.app/Contents/Developer/Platforms/MacOSX.platform/Developer/SDKs/MacOSX12.3.sdk/usr/include/c++/v1
 /Applications/Xcode.app/Contents/Developer/Toolchains/XcodeDefault.xctoolchain/usr/lib/clang/13.1.6/include
 /Applications/Xcode.app/Contents/Developer/Platforms/MacOSX.platform/Developer/SDKs/MacOSX12.3.sdk/usr/include
 /Applications/Xcode.app/Contents/Developer/Toolchains/XcodeDefault.xctoolchain/usr/include
 /Applications/Xcode.app/Contents/Developer/Platforms/MacOSX.platform/Developer/SDKs/MacOSX12.3.sdk/System/Library/Frameworks (framework directory)
End of search list.
Linking CXX executable cmTC_c71f7
/opt/homebrew/Cellar/cmake/3.25.0/bin/cmake -E cmake_link_script CMakeFiles/cmTC_c71f7.dir/link.txt --verbose=1
/Applications/Xcode.app/Contents/Developer/Toolchains/XcodeDefault.xctoolchain/usr/bin/c++  -arch arm64 -isysroot /Applications/Xcode.app/Contents/Developer/Platforms/MacOSX.platform/Developer/SDKs/MacOSX12.3.sdk -mmacosx-version-min=12.2 -Wl,-search_paths_first -Wl,-headerpad_max_install_names  -v -Wl,-v CMakeFiles/cmTC_c71f7.dir/CMakeCXXCompilerABI.cpp.o -o cmTC_c71f7 
Apple clang version 13.1.6 (clang-1316.0.21.2.5)
Target: arm64-apple-darwin21.3.0
Thread model: posix
InstalledDir: /Applications/Xcode.app/Contents/Developer/Toolchains/XcodeDefault.xctoolchain/usr/bin
 "/Applications/Xcode.app/Contents/Developer/Toolchains/XcodeDefault.xctoolchain/usr/bin/ld" -demangle -lto_library /Applications/Xcode.app/Contents/Developer/Toolchains/XcodeDefault.xctoolchain/usr/lib/libLTO.dylib -dynamic -arch arm64 -platform_version macos 12.2.0 12.3 -syslibroot /Applications/Xcode.app/Contents/Developer/Platforms/MacOSX.platform/Developer/SDKs/MacOSX12.3.sdk -o cmTC_c71f7 -search_paths_first -headerpad_max_install_names -v CMakeFiles/cmTC_c71f7.dir/CMakeCXXCompilerABI.cpp.o -lc++ -lSystem /Applications/Xcode.app/Contents/Developer/Toolchains/XcodeDefault.xctoolchain/usr/lib/clang/13.1.6/lib/darwin/libclang_rt.osx.a
@(#)PROGRAM:ld  PROJECT:ld64-764
BUILD 11:29:07 May 17 2022
configured to support archs: armv6 armv7 armv7s arm64 arm64e arm64_32 i386 x86_64 x86_64h armv6m armv7k armv7m armv7em
Library search paths:
	/Applications/Xcode.app/Contents/Developer/Platforms/MacOSX.platform/Developer/SDKs/MacOSX12.3.sdk/usr/lib
Framework search paths:
	/Applications/Xcode.app/Contents/Developer/Platforms/MacOSX.platform/Developer/SDKs/MacOSX12.3.sdk/System/Library/Frameworks/



Parsed CXX implicit include dir info from above output: rv=done
  found start of include info
  found start of implicit include info
    add: [/Applications/Xcode.app/Contents/Developer/Platforms/MacOSX.platform/Developer/SDKs/MacOSX12.3.sdk/usr/include/c++/v1]
    add: [/Applications/Xcode.app/Contents/Developer/Toolchains/XcodeDefault.xctoolchain/usr/lib/clang/13.1.6/include]
    add: [/Applications/Xcode.app/Contents/Developer/Platforms/MacOSX.platform/Developer/SDKs/MacOSX12.3.sdk/usr/include]
    add: [/Applications/Xcode.app/Contents/Developer/Toolchains/XcodeDefault.xctoolchain/usr/include]
  end of search list found
  collapse include dir [/Applications/Xcode.app/Contents/Developer/Platforms/MacOSX.platform/Developer/SDKs/MacOSX12.3.sdk/usr/include/c++/v1] ==> [/Applications/Xcode.app/Contents/Developer/Platforms/MacOSX.platform/Developer/SDKs/MacOSX12.3.sdk/usr/include/c++/v1]
  collapse include dir [/Applications/Xcode.app/Contents/Developer/Toolchains/XcodeDefault.xctoolchain/usr/lib/clang/13.1.6/include] ==> [/Applications/Xcode.app/Contents/Developer/Toolchains/XcodeDefault.xctoolchain/usr/lib/clang/13.1.6/include]
  collapse include dir [/Applications/Xcode.app/Contents/Developer/Platforms/MacOSX.platform/Developer/SDKs/MacOSX12.3.sdk/usr/include] ==> [/Applications/Xcode.app/Contents/Developer/Platforms/MacOSX.platform/Developer/SDKs/MacOSX12.3.sdk/usr/include]
  collapse include dir [/Applications/Xcode.app/Contents/Developer/Toolchains/XcodeDefault.xctoolchain/usr/include] ==> [/Applications/Xcode.app/Contents/Developer/Toolchains/XcodeDefault.xctoolchain/usr/include]
  implicit include dirs: [/Applications/Xcode.app/Contents/Developer/Platforms/MacOSX.platform/Developer/SDKs/MacOSX12.3.sdk/usr/include/c++/v1;/Applications/Xcode.app/Contents/Developer/Toolchains/XcodeDefault.xctoolchain/usr/lib/clang/13.1.6/include;/Applications/Xcode.app/Contents/Developer/Platforms/MacOSX.platform/Developer/SDKs/MacOSX12.3.sdk/usr/include;/Applications/Xcode.app/Contents/Developer/Toolchains/XcodeDefault.xctoolchain/usr/include]


Parsed CXX implicit link information from above output:
  link line regex: [^( *|.*[/\])(ld|CMAKE_LINK_STARTFILE-NOTFOUND|([^/\]+-)?ld|collect2)[^/\]*( |$)]
  ignore line: [Change Dir: /Users/jacksonchen/Documents/Github/temp/Thanksgiving-Hack/grpc/cmake/build/CMakeFiles/CMakeScratch/TryCompile-mnwdrk]
  ignore line: []
  ignore line: [Run Build Command(s):/usr/bin/make -f Makefile cmTC_c71f7/fast && /Applications/Xcode.app/Contents/Developer/usr/bin/make  -f CMakeFiles/cmTC_c71f7.dir/build.make CMakeFiles/cmTC_c71f7.dir/build]
  ignore line: [Building CXX object CMakeFiles/cmTC_c71f7.dir/CMakeCXXCompilerABI.cpp.o]
  ignore line: [/Applications/Xcode.app/Contents/Developer/Toolchains/XcodeDefault.xctoolchain/usr/bin/c++   -arch arm64 -isysroot /Applications/Xcode.app/Contents/Developer/Platforms/MacOSX.platform/Developer/SDKs/MacOSX12.3.sdk -mmacosx-version-min=12.2   -v -Wl -v -MD -MT CMakeFiles/cmTC_c71f7.dir/CMakeCXXCompilerABI.cpp.o -MF CMakeFiles/cmTC_c71f7.dir/CMakeCXXCompilerABI.cpp.o.d -o CMakeFiles/cmTC_c71f7.dir/CMakeCXXCompilerABI.cpp.o -c /opt/homebrew/Cellar/cmake/3.25.0/share/cmake/Modules/CMakeCXXCompilerABI.cpp]
  ignore line: [Apple clang version 13.1.6 (clang-1316.0.21.2.5)]
  ignore line: [Target: arm64-apple-darwin21.3.0]
  ignore line: [Thread model: posix]
  ignore line: [InstalledDir: /Applications/Xcode.app/Contents/Developer/Toolchains/XcodeDefault.xctoolchain/usr/bin]
  ignore line: [clang: warning: -Wl -v: 'linker' input unused [-Wunused-command-line-argument]]
  ignore line: [ "/Applications/Xcode.app/Contents/Developer/Toolchains/XcodeDefault.xctoolchain/usr/bin/clang" -cc1 -triple arm64-apple-macosx12.2.0 -Wundef-prefix=TARGET_OS_ -Wdeprecated-objc-isa-usage -Werror=deprecated-objc-isa-usage -Werror=implicit-function-declaration -emit-obj -mrelax-all --mrelax-relocations -disable-free -disable-llvm-verifier -discard-value-names -main-file-name CMakeCXXCompilerABI.cpp -mrelocation-model pic -pic-level 2 -mframe-pointer=non-leaf -fno-strict-return -fno-rounding-math -munwind-tables -target-sdk-version=12.3 -fvisibility-inlines-hidden-static-local-var -target-cpu apple-m1 -target-feature +v8.5a -target-feature +fp-armv8 -target-feature +neon -target-feature +crc -target-feature +crypto -target-feature +dotprod -target-feature +fp16fml -target-feature +ras -target-feature +lse -target-feature +rdm -target-feature +rcpc -target-feature +zcm -target-feature +zcz -target-feature +fullfp16 -target-feature +sm4 -target-feature +sha3 -target-feature +sha2 -target-feature +aes -target-abi darwinpcs -fallow-half-arguments-and-returns -debugger-tuning=lldb -target-linker-version 763 -v -resource-dir /Applications/Xcode.app/Contents/Developer/Toolchains/XcodeDefault.xctoolchain/usr/lib/clang/13.1.6 -dependency-file CMakeFiles/cmTC_c71f7.dir/CMakeCXXCompilerABI.cpp.o.d -skip-unused-modulemap-deps -MT CMakeFiles/cmTC_c71f7.dir/CMakeCXXCompilerABI.cpp.o -sys-header-deps -isysroot /Applications/Xcode.app/Contents/Developer/Platforms/MacOSX.platform/Developer/SDKs/MacOSX12.3.sdk -stdlib=libc++ -internal-isystem /Applications/Xcode.app/Contents/Developer/Platforms/MacOSX.platform/Developer/SDKs/MacOSX12.3.sdk/usr/include/c++/v1 -internal-isystem /Applications/Xcode.app/Contents/Developer/Platforms/MacOSX.platform/Developer/SDKs/MacOSX12.3.sdk/usr/local/include -internal-isystem /Applications/Xcode.app/Contents/Developer/Toolchains/XcodeDefault.xctoolchain/usr/lib/clang/13.1.6/include -internal-externc-isystem /Applications/Xcode.app/Contents/Developer/Platforms/MacOSX.platform/Developer/SDKs/MacOSX12.3.sdk/usr/include -internal-externc-isystem /Applications/Xcode.app/Contents/Developer/Toolchains/XcodeDefault.xctoolchain/usr/include -Wno-reorder-init-list -Wno-implicit-int-float-conversion -Wno-c99-designator -Wno-final-dtor-non-final-class -Wno-extra-semi-stmt -Wno-misleading-indentation -Wno-quoted-include-in-framework-header -Wno-implicit-fallthrough -Wno-enum-enum-conversion -Wno-enum-float-conversion -Wno-elaborated-enum-base -Wno-reserved-identifier -Wno-gnu-folding-constant -Wno-objc-load-method -fdeprecated-macro -fdebug-compilation-dir=/Users/jacksonchen/Documents/Github/temp/Thanksgiving-Hack/grpc/cmake/build/CMakeFiles/CMakeScratch/TryCompile-mnwdrk -ferror-limit 19 -stack-protector 1 -fstack-check -mdarwin-stkchk-strong-link -fblocks -fencode-extended-block-signature -fregister-global-dtors-with-atexit -fgnuc-version=4.2.1 -fno-cxx-modules -fcxx-exceptions -fexceptions -fmax-type-align=16 -fcommon -clang-vendor-feature=+messageToSelfInClassMethodIdReturnType -clang-vendor-feature=+disableInferNewAvailabilityFromInit -clang-vendor-feature=+disableNonDependentMemberExprInCurrentInstantiation -fno-odr-hash-protocols -clang-vendor-feature=+enableAggressiveVLAFolding -clang-vendor-feature=+revert09abecef7bbf -clang-vendor-feature=+thisNoAlignAttr -clang-vendor-feature=+thisNoNullAttr -mllvm -disable-aligned-alloc-awareness=1 -D__GCC_HAVE_DWARF2_CFI_ASM=1 -o CMakeFiles/cmTC_c71f7.dir/CMakeCXXCompilerABI.cpp.o -x c++ /opt/homebrew/Cellar/cmake/3.25.0/share/cmake/Modules/CMakeCXXCompilerABI.cpp]
  ignore line: [clang -cc1 version 13.1.6 (clang-1316.0.21.2.5) default target arm64-apple-darwin21.3.0]
  ignore line: [ignoring nonexistent directory "/Applications/Xcode.app/Contents/Developer/Platforms/MacOSX.platform/Developer/SDKs/MacOSX12.3.sdk/usr/local/include"]
  ignore line: [ignoring nonexistent directory "/Applications/Xcode.app/Contents/Developer/Platforms/MacOSX.platform/Developer/SDKs/MacOSX12.3.sdk/Library/Frameworks"]
  ignore line: [#include "..." search starts here:]
  ignore line: [#include <...> search starts here:]
  ignore line: [ /Applications/Xcode.app/Contents/Developer/Platforms/MacOSX.platform/Developer/SDKs/MacOSX12.3.sdk/usr/include/c++/v1]
  ignore line: [ /Applications/Xcode.app/Contents/Developer/Toolchains/XcodeDefault.xctoolchain/usr/lib/clang/13.1.6/include]
  ignore line: [ /Applications/Xcode.app/Contents/Developer/Platforms/MacOSX.platform/Developer/SDKs/MacOSX12.3.sdk/usr/include]
  ignore line: [ /Applications/Xcode.app/Contents/Developer/Toolchains/XcodeDefault.xctoolchain/usr/include]
  ignore line: [ /Applications/Xcode.app/Contents/Developer/Platforms/MacOSX.platform/Developer/SDKs/MacOSX12.3.sdk/System/Library/Frameworks (framework directory)]
  ignore line: [End of search list.]
  ignore line: [Linking CXX executable cmTC_c71f7]
  ignore line: [/opt/homebrew/Cellar/cmake/3.25.0/bin/cmake -E cmake_link_script CMakeFiles/cmTC_c71f7.dir/link.txt --verbose=1]
  ignore line: [/Applications/Xcode.app/Contents/Developer/Toolchains/XcodeDefault.xctoolchain/usr/bin/c++  -arch arm64 -isysroot /Applications/Xcode.app/Contents/Developer/Platforms/MacOSX.platform/Developer/SDKs/MacOSX12.3.sdk -mmacosx-version-min=12.2 -Wl -search_paths_first -Wl -headerpad_max_install_names  -v -Wl -v CMakeFiles/cmTC_c71f7.dir/CMakeCXXCompilerABI.cpp.o -o cmTC_c71f7 ]
  ignore line: [Apple clang version 13.1.6 (clang-1316.0.21.2.5)]
  ignore line: [Target: arm64-apple-darwin21.3.0]
  ignore line: [Thread model: posix]
  ignore line: [InstalledDir: /Applications/Xcode.app/Contents/Developer/Toolchains/XcodeDefault.xctoolchain/usr/bin]
  link line: [ "/Applications/Xcode.app/Contents/Developer/Toolchains/XcodeDefault.xctoolchain/usr/bin/ld" -demangle -lto_library /Applications/Xcode.app/Contents/Developer/Toolchains/XcodeDefault.xctoolchain/usr/lib/libLTO.dylib -dynamic -arch arm64 -platform_version macos 12.2.0 12.3 -syslibroot /Applications/Xcode.app/Contents/Developer/Platforms/MacOSX.platform/Developer/SDKs/MacOSX12.3.sdk -o cmTC_c71f7 -search_paths_first -headerpad_max_install_names -v CMakeFiles/cmTC_c71f7.dir/CMakeCXXCompilerABI.cpp.o -lc++ -lSystem /Applications/Xcode.app/Contents/Developer/Toolchains/XcodeDefault.xctoolchain/usr/lib/clang/13.1.6/lib/darwin/libclang_rt.osx.a]
    arg [/Applications/Xcode.app/Contents/Developer/Toolchains/XcodeDefault.xctoolchain/usr/bin/ld] ==> ignore
    arg [-demangle] ==> ignore
    arg [-lto_library] ==> ignore, skip following value
    arg [/Applications/Xcode.app/Contents/Developer/Toolchains/XcodeDefault.xctoolchain/usr/lib/libLTO.dylib] ==> skip value of -lto_library
    arg [-dynamic] ==> ignore
    arg [-arch] ==> ignore
    arg [arm64] ==> ignore
    arg [-platform_version] ==> ignore
    arg [macos] ==> ignore
    arg [12.2.0] ==> ignore
    arg [12.3] ==> ignore
    arg [-syslibroot] ==> ignore
    arg [/Applications/Xcode.app/Contents/Developer/Platforms/MacOSX.platform/Developer/SDKs/MacOSX12.3.sdk] ==> ignore
    arg [-o] ==> ignore
    arg [cmTC_c71f7] ==> ignore
    arg [-search_paths_first] ==> ignore
    arg [-headerpad_max_install_names] ==> ignore
    arg [-v] ==> ignore
    arg [CMakeFiles/cmTC_c71f7.dir/CMakeCXXCompilerABI.cpp.o] ==> ignore
    arg [-lc++] ==> lib [c++]
    arg [-lSystem] ==> lib [System]
    arg [/Applications/Xcode.app/Contents/Developer/Toolchains/XcodeDefault.xctoolchain/usr/lib/clang/13.1.6/lib/darwin/libclang_rt.osx.a] ==> lib [/Applications/Xcode.app/Contents/Developer/Toolchains/XcodeDefault.xctoolchain/usr/lib/clang/13.1.6/lib/darwin/libclang_rt.osx.a]
  Library search paths: [;/Applications/Xcode.app/Contents/Developer/Platforms/MacOSX.platform/Developer/SDKs/MacOSX12.3.sdk/usr/lib]
  Framework search paths: [;/Applications/Xcode.app/Contents/Developer/Platforms/MacOSX.platform/Developer/SDKs/MacOSX12.3.sdk/System/Library/Frameworks/]
  remove lib [System]
  remove lib [/Applications/Xcode.app/Contents/Developer/Toolchains/XcodeDefault.xctoolchain/usr/lib/clang/13.1.6/lib/darwin/libclang_rt.osx.a]
  collapse library dir [/Applications/Xcode.app/Contents/Developer/Platforms/MacOSX.platform/Developer/SDKs/MacOSX12.3.sdk/usr/lib] ==> [/Applications/Xcode.app/Contents/Developer/Platforms/MacOSX.platform/Developer/SDKs/MacOSX12.3.sdk/usr/lib]
  collapse framework dir [/Applications/Xcode.app/Contents/Developer/Platforms/MacOSX.platform/Developer/SDKs/MacOSX12.3.sdk/System/Library/Frameworks/] ==> [/Applications/Xcode.app/Contents/Developer/Platforms/MacOSX.platform/Developer/SDKs/MacOSX12.3.sdk/System/Library/Frameworks]
  implicit libs: [c++]
  implicit objs: []
  implicit dirs: [/Applications/Xcode.app/Contents/Developer/Platforms/MacOSX.platform/Developer/SDKs/MacOSX12.3.sdk/usr/lib]
  implicit fwks: [/Applications/Xcode.app/Contents/Developer/Platforms/MacOSX.platform/Developer/SDKs/MacOSX12.3.sdk/System/Library/Frameworks]


Performing C SOURCE FILE Test CMAKE_HAVE_LIBC_PTHREAD succeeded with the following output:
Change Dir: /Users/jacksonchen/Documents/Github/temp/Thanksgiving-Hack/grpc/cmake/build/CMakeFiles/CMakeScratch/TryCompile-3yi3As

Run Build Command(s):/usr/bin/make -f Makefile cmTC_267b4/fast && /Applications/Xcode.app/Contents/Developer/usr/bin/make  -f CMakeFiles/cmTC_267b4.dir/build.make CMakeFiles/cmTC_267b4.dir/build
Building C object CMakeFiles/cmTC_267b4.dir/src.c.o
/Applications/Xcode.app/Contents/Developer/Toolchains/XcodeDefault.xctoolchain/usr/bin/cc -DCMAKE_HAVE_LIBC_PTHREAD  -arch arm64 -isysroot /Applications/Xcode.app/Contents/Developer/Platforms/MacOSX.platform/Developer/SDKs/MacOSX12.3.sdk -mmacosx-version-min=12.2 -fPIE -MD -MT CMakeFiles/cmTC_267b4.dir/src.c.o -MF CMakeFiles/cmTC_267b4.dir/src.c.o.d -o CMakeFiles/cmTC_267b4.dir/src.c.o -c /Users/jacksonchen/Documents/Github/temp/Thanksgiving-Hack/grpc/cmake/build/CMakeFiles/CMakeScratch/TryCompile-3yi3As/src.c
Linking C executable cmTC_267b4
/opt/homebrew/Cellar/cmake/3.25.0/bin/cmake -E cmake_link_script CMakeFiles/cmTC_267b4.dir/link.txt --verbose=1
/Applications/Xcode.app/Contents/Developer/Toolchains/XcodeDefault.xctoolchain/usr/bin/cc  -arch arm64 -isysroot /Applications/Xcode.app/Contents/Developer/Platforms/MacOSX.platform/Developer/SDKs/MacOSX12.3.sdk -mmacosx-version-min=12.2 -Wl,-search_paths_first -Wl,-headerpad_max_install_names CMakeFiles/cmTC_267b4.dir/src.c.o -o cmTC_267b4 


Source file was:
#include <pthread.h>

static void* test_func(void* data)
{
  return data;
}

int main(void)
{
  pthread_t thread;
  pthread_create(&thread, NULL, test_func, NULL);
  pthread_detach(thread);
  pthread_cancel(thread);
  pthread_join(thread, NULL);
  pthread_atfork(NULL, NULL, NULL);
  pthread_exit(NULL);

  return 0;
}


Determining if the function res_servicename exists in the resolv passed with the following output:
Change Dir: /Users/jacksonchen/Documents/Github/temp/Thanksgiving-Hack/grpc/cmake/build/CMakeFiles/CMakeScratch/TryCompile-D1NskQ

Run Build Command(s):/usr/bin/make -f Makefile cmTC_b3928/fast && /Applications/Xcode.app/Contents/Developer/usr/bin/make  -f CMakeFiles/cmTC_b3928.dir/build.make CMakeFiles/cmTC_b3928.dir/build
Building C object CMakeFiles/cmTC_b3928.dir/CheckFunctionExists.c.o
/Applications/Xcode.app/Contents/Developer/Toolchains/XcodeDefault.xctoolchain/usr/bin/cc   -DCHECK_FUNCTION_EXISTS=res_servicename -arch arm64 -isysroot /Applications/Xcode.app/Contents/Developer/Platforms/MacOSX.platform/Developer/SDKs/MacOSX12.3.sdk -mmacosx-version-min=12.2 -fPIE -MD -MT CMakeFiles/cmTC_b3928.dir/CheckFunctionExists.c.o -MF CMakeFiles/cmTC_b3928.dir/CheckFunctionExists.c.o.d -o CMakeFiles/cmTC_b3928.dir/CheckFunctionExists.c.o -c /Users/jacksonchen/Documents/Github/temp/Thanksgiving-Hack/grpc/cmake/build/CMakeFiles/CMakeScratch/TryCompile-D1NskQ/CheckFunctionExists.c
Linking C executable cmTC_b3928
/opt/homebrew/Cellar/cmake/3.25.0/bin/cmake -E cmake_link_script CMakeFiles/cmTC_b3928.dir/link.txt --verbose=1
/Applications/Xcode.app/Contents/Developer/Toolchains/XcodeDefault.xctoolchain/usr/bin/cc   -DCHECK_FUNCTION_EXISTS=res_servicename -arch arm64 -isysroot /Applications/Xcode.app/Contents/Developer/Platforms/MacOSX.platform/Developer/SDKs/MacOSX12.3.sdk -mmacosx-version-min=12.2 -Wl,-search_paths_first -Wl,-headerpad_max_install_names CMakeFiles/cmTC_b3928.dir/CheckFunctionExists.c.o -o cmTC_b3928  -lresolv 



Performing C SOURCE FILE Test MACOS_V1012 succeeded with the following output:
Change Dir: /Users/jacksonchen/Documents/Github/temp/Thanksgiving-Hack/grpc/cmake/build/CMakeFiles/CMakeScratch/TryCompile-M7y5Jo

Run Build Command(s):/usr/bin/make -f Makefile cmTC_9ffd5/fast && /Applications/Xcode.app/Contents/Developer/usr/bin/make  -f CMakeFiles/cmTC_9ffd5.dir/build.make CMakeFiles/cmTC_9ffd5.dir/build
Building C object CMakeFiles/cmTC_9ffd5.dir/src.c.o
/Applications/Xcode.app/Contents/Developer/Toolchains/XcodeDefault.xctoolchain/usr/bin/cc -DMACOS_V1012  -arch arm64 -isysroot /Applications/Xcode.app/Contents/Developer/Platforms/MacOSX.platform/Developer/SDKs/MacOSX12.3.sdk -mmacosx-version-min=12.2 -fPIE -MD -MT CMakeFiles/cmTC_9ffd5.dir/src.c.o -MF CMakeFiles/cmTC_9ffd5.dir/src.c.o.d -o CMakeFiles/cmTC_9ffd5.dir/src.c.o -c /Users/jacksonchen/Documents/Github/temp/Thanksgiving-Hack/grpc/cmake/build/CMakeFiles/CMakeScratch/TryCompile-M7y5Jo/src.c
Linking C executable cmTC_9ffd5
/opt/homebrew/Cellar/cmake/3.25.0/bin/cmake -E cmake_link_script CMakeFiles/cmTC_9ffd5.dir/link.txt --verbose=1
/Applications/Xcode.app/Contents/Developer/Toolchains/XcodeDefault.xctoolchain/usr/bin/cc  -arch arm64 -isysroot /Applications/Xcode.app/Contents/Developer/Platforms/MacOSX.platform/Developer/SDKs/MacOSX12.3.sdk -mmacosx-version-min=12.2 -Wl,-search_paths_first -Wl,-headerpad_max_install_names CMakeFiles/cmTC_9ffd5.dir/src.c.o -o cmTC_9ffd5 


Source file was:

#include <stdio.h>
#include <AvailabilityMacros.h>
#ifndef MAC_OS_X_VERSION_10_12
#  define MAC_OS_X_VERSION_10_12 101200
#endif
	int main() {
#if MAC_OS_X_VERSION_MIN_REQUIRED < MAC_OS_X_VERSION_10_12
#  error Not MacOSX 10.12 or higher
#endif
return 0;
	}
	

Determining if the function gethostbyname exists passed with the following output:
Change Dir: /Users/jacksonchen/Documents/Github/temp/Thanksgiving-Hack/grpc/cmake/build/CMakeFiles/CMakeScratch/TryCompile-pAgYK2

Run Build Command(s):/usr/bin/make -f Makefile cmTC_31d62/fast && /Applications/Xcode.app/Contents/Developer/usr/bin/make  -f CMakeFiles/cmTC_31d62.dir/build.make CMakeFiles/cmTC_31d62.dir/build
Building C object CMakeFiles/cmTC_31d62.dir/CheckFunctionExists.c.o
/Applications/Xcode.app/Contents/Developer/Toolchains/XcodeDefault.xctoolchain/usr/bin/cc   -DCHECK_FUNCTION_EXISTS=gethostbyname -arch arm64 -isysroot /Applications/Xcode.app/Contents/Developer/Platforms/MacOSX.platform/Developer/SDKs/MacOSX12.3.sdk -mmacosx-version-min=12.2 -fPIE -MD -MT CMakeFiles/cmTC_31d62.dir/CheckFunctionExists.c.o -MF CMakeFiles/cmTC_31d62.dir/CheckFunctionExists.c.o.d -o CMakeFiles/cmTC_31d62.dir/CheckFunctionExists.c.o -c /Users/jacksonchen/Documents/Github/temp/Thanksgiving-Hack/grpc/cmake/build/CMakeFiles/CMakeScratch/TryCompile-pAgYK2/CheckFunctionExists.c
Linking C executable cmTC_31d62
/opt/homebrew/Cellar/cmake/3.25.0/bin/cmake -E cmake_link_script CMakeFiles/cmTC_31d62.dir/link.txt --verbose=1
/Applications/Xcode.app/Contents/Developer/Toolchains/XcodeDefault.xctoolchain/usr/bin/cc   -DCHECK_FUNCTION_EXISTS=gethostbyname -arch arm64 -isysroot /Applications/Xcode.app/Contents/Developer/Platforms/MacOSX.platform/Developer/SDKs/MacOSX12.3.sdk -mmacosx-version-min=12.2 -Wl,-search_paths_first -Wl,-headerpad_max_install_names CMakeFiles/cmTC_31d62.dir/CheckFunctionExists.c.o -o cmTC_31d62 



Determining if the function socket exists passed with the following output:
Change Dir: /Users/jacksonchen/Documents/Github/temp/Thanksgiving-Hack/grpc/cmake/build/CMakeFiles/CMakeScratch/TryCompile-zLLb9S

Run Build Command(s):/usr/bin/make -f Makefile cmTC_767aa/fast && /Applications/Xcode.app/Contents/Developer/usr/bin/make  -f CMakeFiles/cmTC_767aa.dir/build.make CMakeFiles/cmTC_767aa.dir/build
Building C object CMakeFiles/cmTC_767aa.dir/CheckFunctionExists.c.o
/Applications/Xcode.app/Contents/Developer/Toolchains/XcodeDefault.xctoolchain/usr/bin/cc   -DCHECK_FUNCTION_EXISTS=socket -arch arm64 -isysroot /Applications/Xcode.app/Contents/Developer/Platforms/MacOSX.platform/Developer/SDKs/MacOSX12.3.sdk -mmacosx-version-min=12.2 -fPIE -MD -MT CMakeFiles/cmTC_767aa.dir/CheckFunctionExists.c.o -MF CMakeFiles/cmTC_767aa.dir/CheckFunctionExists.c.o.d -o CMakeFiles/cmTC_767aa.dir/CheckFunctionExists.c.o -c /Users/jacksonchen/Documents/Github/temp/Thanksgiving-Hack/grpc/cmake/build/CMakeFiles/CMakeScratch/TryCompile-zLLb9S/CheckFunctionExists.c
Linking C executable cmTC_767aa
/opt/homebrew/Cellar/cmake/3.25.0/bin/cmake -E cmake_link_script CMakeFiles/cmTC_767aa.dir/link.txt --verbose=1
/Applications/Xcode.app/Contents/Developer/Toolchains/XcodeDefault.xctoolchain/usr/bin/cc   -DCHECK_FUNCTION_EXISTS=socket -arch arm64 -isysroot /Applications/Xcode.app/Contents/Developer/Platforms/MacOSX.platform/Developer/SDKs/MacOSX12.3.sdk -mmacosx-version-min=12.2 -Wl,-search_paths_first -Wl,-headerpad_max_install_names CMakeFiles/cmTC_767aa.dir/CheckFunctionExists.c.o -o cmTC_767aa 



Determining if the function clock_gettime exists passed with the following output:
Change Dir: /Users/jacksonchen/Documents/Github/temp/Thanksgiving-Hack/grpc/cmake/build/CMakeFiles/CMakeScratch/TryCompile-L58tTJ

Run Build Command(s):/usr/bin/make -f Makefile cmTC_1d5c1/fast && /Applications/Xcode.app/Contents/Developer/usr/bin/make  -f CMakeFiles/cmTC_1d5c1.dir/build.make CMakeFiles/cmTC_1d5c1.dir/build
Building C object CMakeFiles/cmTC_1d5c1.dir/CheckFunctionExists.c.o
/Applications/Xcode.app/Contents/Developer/Toolchains/XcodeDefault.xctoolchain/usr/bin/cc   -DCHECK_FUNCTION_EXISTS=clock_gettime -arch arm64 -isysroot /Applications/Xcode.app/Contents/Developer/Platforms/MacOSX.platform/Developer/SDKs/MacOSX12.3.sdk -mmacosx-version-min=12.2 -fPIE -MD -MT CMakeFiles/cmTC_1d5c1.dir/CheckFunctionExists.c.o -MF CMakeFiles/cmTC_1d5c1.dir/CheckFunctionExists.c.o.d -o CMakeFiles/cmTC_1d5c1.dir/CheckFunctionExists.c.o -c /Users/jacksonchen/Documents/Github/temp/Thanksgiving-Hack/grpc/cmake/build/CMakeFiles/CMakeScratch/TryCompile-L58tTJ/CheckFunctionExists.c
Linking C executable cmTC_1d5c1
/opt/homebrew/Cellar/cmake/3.25.0/bin/cmake -E cmake_link_script CMakeFiles/cmTC_1d5c1.dir/link.txt --verbose=1
/Applications/Xcode.app/Contents/Developer/Toolchains/XcodeDefault.xctoolchain/usr/bin/cc   -DCHECK_FUNCTION_EXISTS=clock_gettime -arch arm64 -isysroot /Applications/Xcode.app/Contents/Developer/Platforms/MacOSX.platform/Developer/SDKs/MacOSX12.3.sdk -mmacosx-version-min=12.2 -Wl,-search_paths_first -Wl,-headerpad_max_install_names CMakeFiles/cmTC_1d5c1.dir/CheckFunctionExists.c.o -o cmTC_1d5c1 



Determining if files sys/types.h exist passed with the following output:
Change Dir: /Users/jacksonchen/Documents/Github/temp/Thanksgiving-Hack/grpc/cmake/build/CMakeFiles/CMakeScratch/TryCompile-2FgzsH

Run Build Command(s):/usr/bin/make -f Makefile cmTC_16eca/fast && /Applications/Xcode.app/Contents/Developer/usr/bin/make  -f CMakeFiles/cmTC_16eca.dir/build.make CMakeFiles/cmTC_16eca.dir/build
Building C object CMakeFiles/cmTC_16eca.dir/HAVE_SYS_TYPES_H.c.o
/Applications/Xcode.app/Contents/Developer/Toolchains/XcodeDefault.xctoolchain/usr/bin/cc   -arch arm64 -isysroot /Applications/Xcode.app/Contents/Developer/Platforms/MacOSX.platform/Developer/SDKs/MacOSX12.3.sdk -mmacosx-version-min=12.2 -fPIE -MD -MT CMakeFiles/cmTC_16eca.dir/HAVE_SYS_TYPES_H.c.o -MF CMakeFiles/cmTC_16eca.dir/HAVE_SYS_TYPES_H.c.o.d -o CMakeFiles/cmTC_16eca.dir/HAVE_SYS_TYPES_H.c.o -c /Users/jacksonchen/Documents/Github/temp/Thanksgiving-Hack/grpc/cmake/build/CMakeFiles/CMakeScratch/TryCompile-2FgzsH/HAVE_SYS_TYPES_H.c
Linking C executable cmTC_16eca
/opt/homebrew/Cellar/cmake/3.25.0/bin/cmake -E cmake_link_script CMakeFiles/cmTC_16eca.dir/link.txt --verbose=1
/Applications/Xcode.app/Contents/Developer/Toolchains/XcodeDefault.xctoolchain/usr/bin/cc  -arch arm64 -isysroot /Applications/Xcode.app/Contents/Developer/Platforms/MacOSX.platform/Developer/SDKs/MacOSX12.3.sdk -mmacosx-version-min=12.2 -Wl,-search_paths_first -Wl,-headerpad_max_install_names CMakeFiles/cmTC_16eca.dir/HAVE_SYS_TYPES_H.c.o -o cmTC_16eca 



Determining if files sys/socket.h exist passed with the following output:
Change Dir: /Users/jacksonchen/Documents/Github/temp/Thanksgiving-Hack/grpc/cmake/build/CMakeFiles/CMakeScratch/TryCompile-tYGeGM

Run Build Command(s):/usr/bin/make -f Makefile cmTC_c2da5/fast && /Applications/Xcode.app/Contents/Developer/usr/bin/make  -f CMakeFiles/cmTC_c2da5.dir/build.make CMakeFiles/cmTC_c2da5.dir/build
Building C object CMakeFiles/cmTC_c2da5.dir/HAVE_SYS_SOCKET_H.c.o
/Applications/Xcode.app/Contents/Developer/Toolchains/XcodeDefault.xctoolchain/usr/bin/cc   -arch arm64 -isysroot /Applications/Xcode.app/Contents/Developer/Platforms/MacOSX.platform/Developer/SDKs/MacOSX12.3.sdk -mmacosx-version-min=12.2 -fPIE -MD -MT CMakeFiles/cmTC_c2da5.dir/HAVE_SYS_SOCKET_H.c.o -MF CMakeFiles/cmTC_c2da5.dir/HAVE_SYS_SOCKET_H.c.o.d -o CMakeFiles/cmTC_c2da5.dir/HAVE_SYS_SOCKET_H.c.o -c /Users/jacksonchen/Documents/Github/temp/Thanksgiving-Hack/grpc/cmake/build/CMakeFiles/CMakeScratch/TryCompile-tYGeGM/HAVE_SYS_SOCKET_H.c
Linking C executable cmTC_c2da5
/opt/homebrew/Cellar/cmake/3.25.0/bin/cmake -E cmake_link_script CMakeFiles/cmTC_c2da5.dir/link.txt --verbose=1
/Applications/Xcode.app/Contents/Developer/Toolchains/XcodeDefault.xctoolchain/usr/bin/cc  -arch arm64 -isysroot /Applications/Xcode.app/Contents/Developer/Platforms/MacOSX.platform/Developer/SDKs/MacOSX12.3.sdk -mmacosx-version-min=12.2 -Wl,-search_paths_first -Wl,-headerpad_max_install_names CMakeFiles/cmTC_c2da5.dir/HAVE_SYS_SOCKET_H.c.o -o cmTC_c2da5 



Determining if files arpa/inet.h exist passed with the following output:
Change Dir: /Users/jacksonchen/Documents/Github/temp/Thanksgiving-Hack/grpc/cmake/build/CMakeFiles/CMakeScratch/TryCompile-NnfYQm

Run Build Command(s):/usr/bin/make -f Makefile cmTC_648f0/fast && /Applications/Xcode.app/Contents/Developer/usr/bin/make  -f CMakeFiles/cmTC_648f0.dir/build.make CMakeFiles/cmTC_648f0.dir/build
Building C object CMakeFiles/cmTC_648f0.dir/HAVE_ARPA_INET_H.c.o
/Applications/Xcode.app/Contents/Developer/Toolchains/XcodeDefault.xctoolchain/usr/bin/cc   -arch arm64 -isysroot /Applications/Xcode.app/Contents/Developer/Platforms/MacOSX.platform/Developer/SDKs/MacOSX12.3.sdk -mmacosx-version-min=12.2 -fPIE -MD -MT CMakeFiles/cmTC_648f0.dir/HAVE_ARPA_INET_H.c.o -MF CMakeFiles/cmTC_648f0.dir/HAVE_ARPA_INET_H.c.o.d -o CMakeFiles/cmTC_648f0.dir/HAVE_ARPA_INET_H.c.o -c /Users/jacksonchen/Documents/Github/temp/Thanksgiving-Hack/grpc/cmake/build/CMakeFiles/CMakeScratch/TryCompile-NnfYQm/HAVE_ARPA_INET_H.c
Linking C executable cmTC_648f0
/opt/homebrew/Cellar/cmake/3.25.0/bin/cmake -E cmake_link_script CMakeFiles/cmTC_648f0.dir/link.txt --verbose=1
/Applications/Xcode.app/Contents/Developer/Toolchains/XcodeDefault.xctoolchain/usr/bin/cc  -arch arm64 -isysroot /Applications/Xcode.app/Contents/Developer/Platforms/MacOSX.platform/Developer/SDKs/MacOSX12.3.sdk -mmacosx-version-min=12.2 -Wl,-search_paths_first -Wl,-headerpad_max_install_names CMakeFiles/cmTC_648f0.dir/HAVE_ARPA_INET_H.c.o -o cmTC_648f0 



Determining if files arpa/nameser_compat.h exist passed with the following output:
Change Dir: /Users/jacksonchen/Documents/Github/temp/Thanksgiving-Hack/grpc/cmake/build/CMakeFiles/CMakeScratch/TryCompile-LUGUxl

Run Build Command(s):/usr/bin/make -f Makefile cmTC_5dd70/fast && /Applications/Xcode.app/Contents/Developer/usr/bin/make  -f CMakeFiles/cmTC_5dd70.dir/build.make CMakeFiles/cmTC_5dd70.dir/build
Building C object CMakeFiles/cmTC_5dd70.dir/HAVE_ARPA_NAMESER_COMPAT_H.c.o
/Applications/Xcode.app/Contents/Developer/Toolchains/XcodeDefault.xctoolchain/usr/bin/cc   -arch arm64 -isysroot /Applications/Xcode.app/Contents/Developer/Platforms/MacOSX.platform/Developer/SDKs/MacOSX12.3.sdk -mmacosx-version-min=12.2 -fPIE -MD -MT CMakeFiles/cmTC_5dd70.dir/HAVE_ARPA_NAMESER_COMPAT_H.c.o -MF CMakeFiles/cmTC_5dd70.dir/HAVE_ARPA_NAMESER_COMPAT_H.c.o.d -o CMakeFiles/cmTC_5dd70.dir/HAVE_ARPA_NAMESER_COMPAT_H.c.o -c /Users/jacksonchen/Documents/Github/temp/Thanksgiving-Hack/grpc/cmake/build/CMakeFiles/CMakeScratch/TryCompile-LUGUxl/HAVE_ARPA_NAMESER_COMPAT_H.c
Linking C executable cmTC_5dd70
/opt/homebrew/Cellar/cmake/3.25.0/bin/cmake -E cmake_link_script CMakeFiles/cmTC_5dd70.dir/link.txt --verbose=1
/Applications/Xcode.app/Contents/Developer/Toolchains/XcodeDefault.xctoolchain/usr/bin/cc  -arch arm64 -isysroot /Applications/Xcode.app/Contents/Developer/Platforms/MacOSX.platform/Developer/SDKs/MacOSX12.3.sdk -mmacosx-version-min=12.2 -Wl,-search_paths_first -Wl,-headerpad_max_install_names CMakeFiles/cmTC_5dd70.dir/HAVE_ARPA_NAMESER_COMPAT_H.c.o -o cmTC_5dd70 



Determining if files arpa/nameser.h exist passed with the following output:
Change Dir: /Users/jacksonchen/Documents/Github/temp/Thanksgiving-Hack/grpc/cmake/build/CMakeFiles/CMakeScratch/TryCompile-tOrM50

Run Build Command(s):/usr/bin/make -f Makefile cmTC_9f356/fast && /Applications/Xcode.app/Contents/Developer/usr/bin/make  -f CMakeFiles/cmTC_9f356.dir/build.make CMakeFiles/cmTC_9f356.dir/build
Building C object CMakeFiles/cmTC_9f356.dir/HAVE_ARPA_NAMESER_H.c.o
/Applications/Xcode.app/Contents/Developer/Toolchains/XcodeDefault.xctoolchain/usr/bin/cc   -arch arm64 -isysroot /Applications/Xcode.app/Contents/Developer/Platforms/MacOSX.platform/Developer/SDKs/MacOSX12.3.sdk -mmacosx-version-min=12.2 -fPIE -MD -MT CMakeFiles/cmTC_9f356.dir/HAVE_ARPA_NAMESER_H.c.o -MF CMakeFiles/cmTC_9f356.dir/HAVE_ARPA_NAMESER_H.c.o.d -o CMakeFiles/cmTC_9f356.dir/HAVE_ARPA_NAMESER_H.c.o -c /Users/jacksonchen/Documents/Github/temp/Thanksgiving-Hack/grpc/cmake/build/CMakeFiles/CMakeScratch/TryCompile-tOrM50/HAVE_ARPA_NAMESER_H.c
Linking C executable cmTC_9f356
/opt/homebrew/Cellar/cmake/3.25.0/bin/cmake -E cmake_link_script CMakeFiles/cmTC_9f356.dir/link.txt --verbose=1
/Applications/Xcode.app/Contents/Developer/Toolchains/XcodeDefault.xctoolchain/usr/bin/cc  -arch arm64 -isysroot /Applications/Xcode.app/Contents/Developer/Platforms/MacOSX.platform/Developer/SDKs/MacOSX12.3.sdk -mmacosx-version-min=12.2 -Wl,-search_paths_first -Wl,-headerpad_max_install_names CMakeFiles/cmTC_9f356.dir/HAVE_ARPA_NAMESER_H.c.o -o cmTC_9f356 



Determining if files assert.h exist passed with the following output:
Change Dir: /Users/jacksonchen/Documents/Github/temp/Thanksgiving-Hack/grpc/cmake/build/CMakeFiles/CMakeScratch/TryCompile-QMlzHY

Run Build Command(s):/usr/bin/make -f Makefile cmTC_18b81/fast && /Applications/Xcode.app/Contents/Developer/usr/bin/make  -f CMakeFiles/cmTC_18b81.dir/build.make CMakeFiles/cmTC_18b81.dir/build
Building C object CMakeFiles/cmTC_18b81.dir/HAVE_ASSERT_H.c.o
/Applications/Xcode.app/Contents/Developer/Toolchains/XcodeDefault.xctoolchain/usr/bin/cc   -arch arm64 -isysroot /Applications/Xcode.app/Contents/Developer/Platforms/MacOSX.platform/Developer/SDKs/MacOSX12.3.sdk -mmacosx-version-min=12.2 -fPIE -MD -MT CMakeFiles/cmTC_18b81.dir/HAVE_ASSERT_H.c.o -MF CMakeFiles/cmTC_18b81.dir/HAVE_ASSERT_H.c.o.d -o CMakeFiles/cmTC_18b81.dir/HAVE_ASSERT_H.c.o -c /Users/jacksonchen/Documents/Github/temp/Thanksgiving-Hack/grpc/cmake/build/CMakeFiles/CMakeScratch/TryCompile-QMlzHY/HAVE_ASSERT_H.c
Linking C executable cmTC_18b81
/opt/homebrew/Cellar/cmake/3.25.0/bin/cmake -E cmake_link_script CMakeFiles/cmTC_18b81.dir/link.txt --verbose=1
/Applications/Xcode.app/Contents/Developer/Toolchains/XcodeDefault.xctoolchain/usr/bin/cc  -arch arm64 -isysroot /Applications/Xcode.app/Contents/Developer/Platforms/MacOSX.platform/Developer/SDKs/MacOSX12.3.sdk -mmacosx-version-min=12.2 -Wl,-search_paths_first -Wl,-headerpad_max_install_names CMakeFiles/cmTC_18b81.dir/HAVE_ASSERT_H.c.o -o cmTC_18b81 



Determining if files errno.h exist passed with the following output:
Change Dir: /Users/jacksonchen/Documents/Github/temp/Thanksgiving-Hack/grpc/cmake/build/CMakeFiles/CMakeScratch/TryCompile-b2zP53

Run Build Command(s):/usr/bin/make -f Makefile cmTC_aec33/fast && /Applications/Xcode.app/Contents/Developer/usr/bin/make  -f CMakeFiles/cmTC_aec33.dir/build.make CMakeFiles/cmTC_aec33.dir/build
Building C object CMakeFiles/cmTC_aec33.dir/HAVE_ERRNO_H.c.o
/Applications/Xcode.app/Contents/Developer/Toolchains/XcodeDefault.xctoolchain/usr/bin/cc   -arch arm64 -isysroot /Applications/Xcode.app/Contents/Developer/Platforms/MacOSX.platform/Developer/SDKs/MacOSX12.3.sdk -mmacosx-version-min=12.2 -fPIE -MD -MT CMakeFiles/cmTC_aec33.dir/HAVE_ERRNO_H.c.o -MF CMakeFiles/cmTC_aec33.dir/HAVE_ERRNO_H.c.o.d -o CMakeFiles/cmTC_aec33.dir/HAVE_ERRNO_H.c.o -c /Users/jacksonchen/Documents/Github/temp/Thanksgiving-Hack/grpc/cmake/build/CMakeFiles/CMakeScratch/TryCompile-b2zP53/HAVE_ERRNO_H.c
Linking C executable cmTC_aec33
/opt/homebrew/Cellar/cmake/3.25.0/bin/cmake -E cmake_link_script CMakeFiles/cmTC_aec33.dir/link.txt --verbose=1
/Applications/Xcode.app/Contents/Developer/Toolchains/XcodeDefault.xctoolchain/usr/bin/cc  -arch arm64 -isysroot /Applications/Xcode.app/Contents/Developer/Platforms/MacOSX.platform/Developer/SDKs/MacOSX12.3.sdk -mmacosx-version-min=12.2 -Wl,-search_paths_first -Wl,-headerpad_max_install_names CMakeFiles/cmTC_aec33.dir/HAVE_ERRNO_H.c.o -o cmTC_aec33 



Determining if files fcntl.h exist passed with the following output:
Change Dir: /Users/jacksonchen/Documents/Github/temp/Thanksgiving-Hack/grpc/cmake/build/CMakeFiles/CMakeScratch/TryCompile-oTPSoF

Run Build Command(s):/usr/bin/make -f Makefile cmTC_78030/fast && /Applications/Xcode.app/Contents/Developer/usr/bin/make  -f CMakeFiles/cmTC_78030.dir/build.make CMakeFiles/cmTC_78030.dir/build
Building C object CMakeFiles/cmTC_78030.dir/HAVE_FCNTL_H.c.o
/Applications/Xcode.app/Contents/Developer/Toolchains/XcodeDefault.xctoolchain/usr/bin/cc   -arch arm64 -isysroot /Applications/Xcode.app/Contents/Developer/Platforms/MacOSX.platform/Developer/SDKs/MacOSX12.3.sdk -mmacosx-version-min=12.2 -fPIE -MD -MT CMakeFiles/cmTC_78030.dir/HAVE_FCNTL_H.c.o -MF CMakeFiles/cmTC_78030.dir/HAVE_FCNTL_H.c.o.d -o CMakeFiles/cmTC_78030.dir/HAVE_FCNTL_H.c.o -c /Users/jacksonchen/Documents/Github/temp/Thanksgiving-Hack/grpc/cmake/build/CMakeFiles/CMakeScratch/TryCompile-oTPSoF/HAVE_FCNTL_H.c
Linking C executable cmTC_78030
/opt/homebrew/Cellar/cmake/3.25.0/bin/cmake -E cmake_link_script CMakeFiles/cmTC_78030.dir/link.txt --verbose=1
/Applications/Xcode.app/Contents/Developer/Toolchains/XcodeDefault.xctoolchain/usr/bin/cc  -arch arm64 -isysroot /Applications/Xcode.app/Contents/Developer/Platforms/MacOSX.platform/Developer/SDKs/MacOSX12.3.sdk -mmacosx-version-min=12.2 -Wl,-search_paths_first -Wl,-headerpad_max_install_names CMakeFiles/cmTC_78030.dir/HAVE_FCNTL_H.c.o -o cmTC_78030 



Determining if files inttypes.h exist passed with the following output:
Change Dir: /Users/jacksonchen/Documents/Github/temp/Thanksgiving-Hack/grpc/cmake/build/CMakeFiles/CMakeScratch/TryCompile-iqdqA1

Run Build Command(s):/usr/bin/make -f Makefile cmTC_1093c/fast && /Applications/Xcode.app/Contents/Developer/usr/bin/make  -f CMakeFiles/cmTC_1093c.dir/build.make CMakeFiles/cmTC_1093c.dir/build
Building C object CMakeFiles/cmTC_1093c.dir/HAVE_INTTYPES_H.c.o
/Applications/Xcode.app/Contents/Developer/Toolchains/XcodeDefault.xctoolchain/usr/bin/cc   -arch arm64 -isysroot /Applications/Xcode.app/Contents/Developer/Platforms/MacOSX.platform/Developer/SDKs/MacOSX12.3.sdk -mmacosx-version-min=12.2 -fPIE -MD -MT CMakeFiles/cmTC_1093c.dir/HAVE_INTTYPES_H.c.o -MF CMakeFiles/cmTC_1093c.dir/HAVE_INTTYPES_H.c.o.d -o CMakeFiles/cmTC_1093c.dir/HAVE_INTTYPES_H.c.o -c /Users/jacksonchen/Documents/Github/temp/Thanksgiving-Hack/grpc/cmake/build/CMakeFiles/CMakeScratch/TryCompile-iqdqA1/HAVE_INTTYPES_H.c
Linking C executable cmTC_1093c
/opt/homebrew/Cellar/cmake/3.25.0/bin/cmake -E cmake_link_script CMakeFiles/cmTC_1093c.dir/link.txt --verbose=1
/Applications/Xcode.app/Contents/Developer/Toolchains/XcodeDefault.xctoolchain/usr/bin/cc  -arch arm64 -isysroot /Applications/Xcode.app/Contents/Developer/Platforms/MacOSX.platform/Developer/SDKs/MacOSX12.3.sdk -mmacosx-version-min=12.2 -Wl,-search_paths_first -Wl,-headerpad_max_install_names CMakeFiles/cmTC_1093c.dir/HAVE_INTTYPES_H.c.o -o cmTC_1093c 



Determining if files limits.h exist passed with the following output:
Change Dir: /Users/jacksonchen/Documents/Github/temp/Thanksgiving-Hack/grpc/cmake/build/CMakeFiles/CMakeScratch/TryCompile-dLEUgD

Run Build Command(s):/usr/bin/make -f Makefile cmTC_b01b0/fast && /Applications/Xcode.app/Contents/Developer/usr/bin/make  -f CMakeFiles/cmTC_b01b0.dir/build.make CMakeFiles/cmTC_b01b0.dir/build
Building C object CMakeFiles/cmTC_b01b0.dir/HAVE_LIMITS_H.c.o
/Applications/Xcode.app/Contents/Developer/Toolchains/XcodeDefault.xctoolchain/usr/bin/cc   -arch arm64 -isysroot /Applications/Xcode.app/Contents/Developer/Platforms/MacOSX.platform/Developer/SDKs/MacOSX12.3.sdk -mmacosx-version-min=12.2 -fPIE -MD -MT CMakeFiles/cmTC_b01b0.dir/HAVE_LIMITS_H.c.o -MF CMakeFiles/cmTC_b01b0.dir/HAVE_LIMITS_H.c.o.d -o CMakeFiles/cmTC_b01b0.dir/HAVE_LIMITS_H.c.o -c /Users/jacksonchen/Documents/Github/temp/Thanksgiving-Hack/grpc/cmake/build/CMakeFiles/CMakeScratch/TryCompile-dLEUgD/HAVE_LIMITS_H.c
Linking C executable cmTC_b01b0
/opt/homebrew/Cellar/cmake/3.25.0/bin/cmake -E cmake_link_script CMakeFiles/cmTC_b01b0.dir/link.txt --verbose=1
/Applications/Xcode.app/Contents/Developer/Toolchains/XcodeDefault.xctoolchain/usr/bin/cc  -arch arm64 -isysroot /Applications/Xcode.app/Contents/Developer/Platforms/MacOSX.platform/Developer/SDKs/MacOSX12.3.sdk -mmacosx-version-min=12.2 -Wl,-search_paths_first -Wl,-headerpad_max_install_names CMakeFiles/cmTC_b01b0.dir/HAVE_LIMITS_H.c.o -o cmTC_b01b0 



Determining if files memory.h exist passed with the following output:
Change Dir: /Users/jacksonchen/Documents/Github/temp/Thanksgiving-Hack/grpc/cmake/build/CMakeFiles/CMakeScratch/TryCompile-EfKK1O

Run Build Command(s):/usr/bin/make -f Makefile cmTC_845ec/fast && /Applications/Xcode.app/Contents/Developer/usr/bin/make  -f CMakeFiles/cmTC_845ec.dir/build.make CMakeFiles/cmTC_845ec.dir/build
Building C object CMakeFiles/cmTC_845ec.dir/HAVE_MEMORY_H.c.o
/Applications/Xcode.app/Contents/Developer/Toolchains/XcodeDefault.xctoolchain/usr/bin/cc   -arch arm64 -isysroot /Applications/Xcode.app/Contents/Developer/Platforms/MacOSX.platform/Developer/SDKs/MacOSX12.3.sdk -mmacosx-version-min=12.2 -fPIE -MD -MT CMakeFiles/cmTC_845ec.dir/HAVE_MEMORY_H.c.o -MF CMakeFiles/cmTC_845ec.dir/HAVE_MEMORY_H.c.o.d -o CMakeFiles/cmTC_845ec.dir/HAVE_MEMORY_H.c.o -c /Users/jacksonchen/Documents/Github/temp/Thanksgiving-Hack/grpc/cmake/build/CMakeFiles/CMakeScratch/TryCompile-EfKK1O/HAVE_MEMORY_H.c
Linking C executable cmTC_845ec
/opt/homebrew/Cellar/cmake/3.25.0/bin/cmake -E cmake_link_script CMakeFiles/cmTC_845ec.dir/link.txt --verbose=1
/Applications/Xcode.app/Contents/Developer/Toolchains/XcodeDefault.xctoolchain/usr/bin/cc  -arch arm64 -isysroot /Applications/Xcode.app/Contents/Developer/Platforms/MacOSX.platform/Developer/SDKs/MacOSX12.3.sdk -mmacosx-version-min=12.2 -Wl,-search_paths_first -Wl,-headerpad_max_install_names CMakeFiles/cmTC_845ec.dir/HAVE_MEMORY_H.c.o -o cmTC_845ec 



Determining if files netdb.h exist passed with the following output:
Change Dir: /Users/jacksonchen/Documents/Github/temp/Thanksgiving-Hack/grpc/cmake/build/CMakeFiles/CMakeScratch/TryCompile-dtDUBJ

Run Build Command(s):/usr/bin/make -f Makefile cmTC_d9df8/fast && /Applications/Xcode.app/Contents/Developer/usr/bin/make  -f CMakeFiles/cmTC_d9df8.dir/build.make CMakeFiles/cmTC_d9df8.dir/build
Building C object CMakeFiles/cmTC_d9df8.dir/HAVE_NETDB_H.c.o
/Applications/Xcode.app/Contents/Developer/Toolchains/XcodeDefault.xctoolchain/usr/bin/cc   -arch arm64 -isysroot /Applications/Xcode.app/Contents/Developer/Platforms/MacOSX.platform/Developer/SDKs/MacOSX12.3.sdk -mmacosx-version-min=12.2 -fPIE -MD -MT CMakeFiles/cmTC_d9df8.dir/HAVE_NETDB_H.c.o -MF CMakeFiles/cmTC_d9df8.dir/HAVE_NETDB_H.c.o.d -o CMakeFiles/cmTC_d9df8.dir/HAVE_NETDB_H.c.o -c /Users/jacksonchen/Documents/Github/temp/Thanksgiving-Hack/grpc/cmake/build/CMakeFiles/CMakeScratch/TryCompile-dtDUBJ/HAVE_NETDB_H.c
Linking C executable cmTC_d9df8
/opt/homebrew/Cellar/cmake/3.25.0/bin/cmake -E cmake_link_script CMakeFiles/cmTC_d9df8.dir/link.txt --verbose=1
/Applications/Xcode.app/Contents/Developer/Toolchains/XcodeDefault.xctoolchain/usr/bin/cc  -arch arm64 -isysroot /Applications/Xcode.app/Contents/Developer/Platforms/MacOSX.platform/Developer/SDKs/MacOSX12.3.sdk -mmacosx-version-min=12.2 -Wl,-search_paths_first -Wl,-headerpad_max_install_names CMakeFiles/cmTC_d9df8.dir/HAVE_NETDB_H.c.o -o cmTC_d9df8 



Determining if files netinet/in.h exist passed with the following output:
Change Dir: /Users/jacksonchen/Documents/Github/temp/Thanksgiving-Hack/grpc/cmake/build/CMakeFiles/CMakeScratch/TryCompile-yxUave

Run Build Command(s):/usr/bin/make -f Makefile cmTC_fcd4c/fast && /Applications/Xcode.app/Contents/Developer/usr/bin/make  -f CMakeFiles/cmTC_fcd4c.dir/build.make CMakeFiles/cmTC_fcd4c.dir/build
Building C object CMakeFiles/cmTC_fcd4c.dir/HAVE_NETINET_IN_H.c.o
/Applications/Xcode.app/Contents/Developer/Toolchains/XcodeDefault.xctoolchain/usr/bin/cc   -arch arm64 -isysroot /Applications/Xcode.app/Contents/Developer/Platforms/MacOSX.platform/Developer/SDKs/MacOSX12.3.sdk -mmacosx-version-min=12.2 -fPIE -MD -MT CMakeFiles/cmTC_fcd4c.dir/HAVE_NETINET_IN_H.c.o -MF CMakeFiles/cmTC_fcd4c.dir/HAVE_NETINET_IN_H.c.o.d -o CMakeFiles/cmTC_fcd4c.dir/HAVE_NETINET_IN_H.c.o -c /Users/jacksonchen/Documents/Github/temp/Thanksgiving-Hack/grpc/cmake/build/CMakeFiles/CMakeScratch/TryCompile-yxUave/HAVE_NETINET_IN_H.c
Linking C executable cmTC_fcd4c
/opt/homebrew/Cellar/cmake/3.25.0/bin/cmake -E cmake_link_script CMakeFiles/cmTC_fcd4c.dir/link.txt --verbose=1
/Applications/Xcode.app/Contents/Developer/Toolchains/XcodeDefault.xctoolchain/usr/bin/cc  -arch arm64 -isysroot /Applications/Xcode.app/Contents/Developer/Platforms/MacOSX.platform/Developer/SDKs/MacOSX12.3.sdk -mmacosx-version-min=12.2 -Wl,-search_paths_first -Wl,-headerpad_max_install_names CMakeFiles/cmTC_fcd4c.dir/HAVE_NETINET_IN_H.c.o -o cmTC_fcd4c 



Determining if files net/if.h exist passed with the following output:
Change Dir: /Users/jacksonchen/Documents/Github/temp/Thanksgiving-Hack/grpc/cmake/build/CMakeFiles/CMakeScratch/TryCompile-cWMnuu

Run Build Command(s):/usr/bin/make -f Makefile cmTC_3a72c/fast && /Applications/Xcode.app/Contents/Developer/usr/bin/make  -f CMakeFiles/cmTC_3a72c.dir/build.make CMakeFiles/cmTC_3a72c.dir/build
Building C object CMakeFiles/cmTC_3a72c.dir/HAVE_NET_IF_H.c.o
/Applications/Xcode.app/Contents/Developer/Toolchains/XcodeDefault.xctoolchain/usr/bin/cc   -arch arm64 -isysroot /Applications/Xcode.app/Contents/Developer/Platforms/MacOSX.platform/Developer/SDKs/MacOSX12.3.sdk -mmacosx-version-min=12.2 -fPIE -MD -MT CMakeFiles/cmTC_3a72c.dir/HAVE_NET_IF_H.c.o -MF CMakeFiles/cmTC_3a72c.dir/HAVE_NET_IF_H.c.o.d -o CMakeFiles/cmTC_3a72c.dir/HAVE_NET_IF_H.c.o -c /Users/jacksonchen/Documents/Github/temp/Thanksgiving-Hack/grpc/cmake/build/CMakeFiles/CMakeScratch/TryCompile-cWMnuu/HAVE_NET_IF_H.c
Linking C executable cmTC_3a72c
/opt/homebrew/Cellar/cmake/3.25.0/bin/cmake -E cmake_link_script CMakeFiles/cmTC_3a72c.dir/link.txt --verbose=1
/Applications/Xcode.app/Contents/Developer/Toolchains/XcodeDefault.xctoolchain/usr/bin/cc  -arch arm64 -isysroot /Applications/Xcode.app/Contents/Developer/Platforms/MacOSX.platform/Developer/SDKs/MacOSX12.3.sdk -mmacosx-version-min=12.2 -Wl,-search_paths_first -Wl,-headerpad_max_install_names CMakeFiles/cmTC_3a72c.dir/HAVE_NET_IF_H.c.o -o cmTC_3a72c 



Determining if files signal.h exist passed with the following output:
Change Dir: /Users/jacksonchen/Documents/Github/temp/Thanksgiving-Hack/grpc/cmake/build/CMakeFiles/CMakeScratch/TryCompile-2deMe2

Run Build Command(s):/usr/bin/make -f Makefile cmTC_16920/fast && /Applications/Xcode.app/Contents/Developer/usr/bin/make  -f CMakeFiles/cmTC_16920.dir/build.make CMakeFiles/cmTC_16920.dir/build
Building C object CMakeFiles/cmTC_16920.dir/HAVE_SIGNAL_H.c.o
/Applications/Xcode.app/Contents/Developer/Toolchains/XcodeDefault.xctoolchain/usr/bin/cc   -arch arm64 -isysroot /Applications/Xcode.app/Contents/Developer/Platforms/MacOSX.platform/Developer/SDKs/MacOSX12.3.sdk -mmacosx-version-min=12.2 -fPIE -MD -MT CMakeFiles/cmTC_16920.dir/HAVE_SIGNAL_H.c.o -MF CMakeFiles/cmTC_16920.dir/HAVE_SIGNAL_H.c.o.d -o CMakeFiles/cmTC_16920.dir/HAVE_SIGNAL_H.c.o -c /Users/jacksonchen/Documents/Github/temp/Thanksgiving-Hack/grpc/cmake/build/CMakeFiles/CMakeScratch/TryCompile-2deMe2/HAVE_SIGNAL_H.c
Linking C executable cmTC_16920
/opt/homebrew/Cellar/cmake/3.25.0/bin/cmake -E cmake_link_script CMakeFiles/cmTC_16920.dir/link.txt --verbose=1
/Applications/Xcode.app/Contents/Developer/Toolchains/XcodeDefault.xctoolchain/usr/bin/cc  -arch arm64 -isysroot /Applications/Xcode.app/Contents/Developer/Platforms/MacOSX.platform/Developer/SDKs/MacOSX12.3.sdk -mmacosx-version-min=12.2 -Wl,-search_paths_first -Wl,-headerpad_max_install_names CMakeFiles/cmTC_16920.dir/HAVE_SIGNAL_H.c.o -o cmTC_16920 



Determining if files stdbool.h exist passed with the following output:
Change Dir: /Users/jacksonchen/Documents/Github/temp/Thanksgiving-Hack/grpc/cmake/build/CMakeFiles/CMakeScratch/TryCompile-YupZNZ

Run Build Command(s):/usr/bin/make -f Makefile cmTC_cad79/fast && /Applications/Xcode.app/Contents/Developer/usr/bin/make  -f CMakeFiles/cmTC_cad79.dir/build.make CMakeFiles/cmTC_cad79.dir/build
Building C object CMakeFiles/cmTC_cad79.dir/HAVE_STDBOOL_H.c.o
/Applications/Xcode.app/Contents/Developer/Toolchains/XcodeDefault.xctoolchain/usr/bin/cc   -arch arm64 -isysroot /Applications/Xcode.app/Contents/Developer/Platforms/MacOSX.platform/Developer/SDKs/MacOSX12.3.sdk -mmacosx-version-min=12.2 -fPIE -MD -MT CMakeFiles/cmTC_cad79.dir/HAVE_STDBOOL_H.c.o -MF CMakeFiles/cmTC_cad79.dir/HAVE_STDBOOL_H.c.o.d -o CMakeFiles/cmTC_cad79.dir/HAVE_STDBOOL_H.c.o -c /Users/jacksonchen/Documents/Github/temp/Thanksgiving-Hack/grpc/cmake/build/CMakeFiles/CMakeScratch/TryCompile-YupZNZ/HAVE_STDBOOL_H.c
Linking C executable cmTC_cad79
/opt/homebrew/Cellar/cmake/3.25.0/bin/cmake -E cmake_link_script CMakeFiles/cmTC_cad79.dir/link.txt --verbose=1
/Applications/Xcode.app/Contents/Developer/Toolchains/XcodeDefault.xctoolchain/usr/bin/cc  -arch arm64 -isysroot /Applications/Xcode.app/Contents/Developer/Platforms/MacOSX.platform/Developer/SDKs/MacOSX12.3.sdk -mmacosx-version-min=12.2 -Wl,-search_paths_first -Wl,-headerpad_max_install_names CMakeFiles/cmTC_cad79.dir/HAVE_STDBOOL_H.c.o -o cmTC_cad79 



Determining if files stdint.h exist passed with the following output:
Change Dir: /Users/jacksonchen/Documents/Github/temp/Thanksgiving-Hack/grpc/cmake/build/CMakeFiles/CMakeScratch/TryCompile-ewMzF1

Run Build Command(s):/usr/bin/make -f Makefile cmTC_1cc4b/fast && /Applications/Xcode.app/Contents/Developer/usr/bin/make  -f CMakeFiles/cmTC_1cc4b.dir/build.make CMakeFiles/cmTC_1cc4b.dir/build
Building C object CMakeFiles/cmTC_1cc4b.dir/HAVE_STDINT_H.c.o
/Applications/Xcode.app/Contents/Developer/Toolchains/XcodeDefault.xctoolchain/usr/bin/cc   -arch arm64 -isysroot /Applications/Xcode.app/Contents/Developer/Platforms/MacOSX.platform/Developer/SDKs/MacOSX12.3.sdk -mmacosx-version-min=12.2 -fPIE -MD -MT CMakeFiles/cmTC_1cc4b.dir/HAVE_STDINT_H.c.o -MF CMakeFiles/cmTC_1cc4b.dir/HAVE_STDINT_H.c.o.d -o CMakeFiles/cmTC_1cc4b.dir/HAVE_STDINT_H.c.o -c /Users/jacksonchen/Documents/Github/temp/Thanksgiving-Hack/grpc/cmake/build/CMakeFiles/CMakeScratch/TryCompile-ewMzF1/HAVE_STDINT_H.c
Linking C executable cmTC_1cc4b
/opt/homebrew/Cellar/cmake/3.25.0/bin/cmake -E cmake_link_script CMakeFiles/cmTC_1cc4b.dir/link.txt --verbose=1
/Applications/Xcode.app/Contents/Developer/Toolchains/XcodeDefault.xctoolchain/usr/bin/cc  -arch arm64 -isysroot /Applications/Xcode.app/Contents/Developer/Platforms/MacOSX.platform/Developer/SDKs/MacOSX12.3.sdk -mmacosx-version-min=12.2 -Wl,-search_paths_first -Wl,-headerpad_max_install_names CMakeFiles/cmTC_1cc4b.dir/HAVE_STDINT_H.c.o -o cmTC_1cc4b 



Determining if files stdlib.h exist passed with the following output:
Change Dir: /Users/jacksonchen/Documents/Github/temp/Thanksgiving-Hack/grpc/cmake/build/CMakeFiles/CMakeScratch/TryCompile-TRy1JW

Run Build Command(s):/usr/bin/make -f Makefile cmTC_646a3/fast && /Applications/Xcode.app/Contents/Developer/usr/bin/make  -f CMakeFiles/cmTC_646a3.dir/build.make CMakeFiles/cmTC_646a3.dir/build
Building C object CMakeFiles/cmTC_646a3.dir/HAVE_STDLIB_H.c.o
/Applications/Xcode.app/Contents/Developer/Toolchains/XcodeDefault.xctoolchain/usr/bin/cc   -arch arm64 -isysroot /Applications/Xcode.app/Contents/Developer/Platforms/MacOSX.platform/Developer/SDKs/MacOSX12.3.sdk -mmacosx-version-min=12.2 -fPIE -MD -MT CMakeFiles/cmTC_646a3.dir/HAVE_STDLIB_H.c.o -MF CMakeFiles/cmTC_646a3.dir/HAVE_STDLIB_H.c.o.d -o CMakeFiles/cmTC_646a3.dir/HAVE_STDLIB_H.c.o -c /Users/jacksonchen/Documents/Github/temp/Thanksgiving-Hack/grpc/cmake/build/CMakeFiles/CMakeScratch/TryCompile-TRy1JW/HAVE_STDLIB_H.c
Linking C executable cmTC_646a3
/opt/homebrew/Cellar/cmake/3.25.0/bin/cmake -E cmake_link_script CMakeFiles/cmTC_646a3.dir/link.txt --verbose=1
/Applications/Xcode.app/Contents/Developer/Toolchains/XcodeDefault.xctoolchain/usr/bin/cc  -arch arm64 -isysroot /Applications/Xcode.app/Contents/Developer/Platforms/MacOSX.platform/Developer/SDKs/MacOSX12.3.sdk -mmacosx-version-min=12.2 -Wl,-search_paths_first -Wl,-headerpad_max_install_names CMakeFiles/cmTC_646a3.dir/HAVE_STDLIB_H.c.o -o cmTC_646a3 



Determining if files strings.h exist passed with the following output:
Change Dir: /Users/jacksonchen/Documents/Github/temp/Thanksgiving-Hack/grpc/cmake/build/CMakeFiles/CMakeScratch/TryCompile-PqeYsk

Run Build Command(s):/usr/bin/make -f Makefile cmTC_2a400/fast && /Applications/Xcode.app/Contents/Developer/usr/bin/make  -f CMakeFiles/cmTC_2a400.dir/build.make CMakeFiles/cmTC_2a400.dir/build
Building C object CMakeFiles/cmTC_2a400.dir/HAVE_STRINGS_H.c.o
/Applications/Xcode.app/Contents/Developer/Toolchains/XcodeDefault.xctoolchain/usr/bin/cc   -arch arm64 -isysroot /Applications/Xcode.app/Contents/Developer/Platforms/MacOSX.platform/Developer/SDKs/MacOSX12.3.sdk -mmacosx-version-min=12.2 -fPIE -MD -MT CMakeFiles/cmTC_2a400.dir/HAVE_STRINGS_H.c.o -MF CMakeFiles/cmTC_2a400.dir/HAVE_STRINGS_H.c.o.d -o CMakeFiles/cmTC_2a400.dir/HAVE_STRINGS_H.c.o -c /Users/jacksonchen/Documents/Github/temp/Thanksgiving-Hack/grpc/cmake/build/CMakeFiles/CMakeScratch/TryCompile-PqeYsk/HAVE_STRINGS_H.c
Linking C executable cmTC_2a400
/opt/homebrew/Cellar/cmake/3.25.0/bin/cmake -E cmake_link_script CMakeFiles/cmTC_2a400.dir/link.txt --verbose=1
/Applications/Xcode.app/Contents/Developer/Toolchains/XcodeDefault.xctoolchain/usr/bin/cc  -arch arm64 -isysroot /Applications/Xcode.app/Contents/Developer/Platforms/MacOSX.platform/Developer/SDKs/MacOSX12.3.sdk -mmacosx-version-min=12.2 -Wl,-search_paths_first -Wl,-headerpad_max_install_names CMakeFiles/cmTC_2a400.dir/HAVE_STRINGS_H.c.o -o cmTC_2a400 



Determining if files string.h exist passed with the following output:
Change Dir: /Users/jacksonchen/Documents/Github/temp/Thanksgiving-Hack/grpc/cmake/build/CMakeFiles/CMakeScratch/TryCompile-BhOaE9

Run Build Command(s):/usr/bin/make -f Makefile cmTC_a5708/fast && /Applications/Xcode.app/Contents/Developer/usr/bin/make  -f CMakeFiles/cmTC_a5708.dir/build.make CMakeFiles/cmTC_a5708.dir/build
Building C object CMakeFiles/cmTC_a5708.dir/HAVE_STRING_H.c.o
/Applications/Xcode.app/Contents/Developer/Toolchains/XcodeDefault.xctoolchain/usr/bin/cc   -arch arm64 -isysroot /Applications/Xcode.app/Contents/Developer/Platforms/MacOSX.platform/Developer/SDKs/MacOSX12.3.sdk -mmacosx-version-min=12.2 -fPIE -MD -MT CMakeFiles/cmTC_a5708.dir/HAVE_STRING_H.c.o -MF CMakeFiles/cmTC_a5708.dir/HAVE_STRING_H.c.o.d -o CMakeFiles/cmTC_a5708.dir/HAVE_STRING_H.c.o -c /Users/jacksonchen/Documents/Github/temp/Thanksgiving-Hack/grpc/cmake/build/CMakeFiles/CMakeScratch/TryCompile-BhOaE9/HAVE_STRING_H.c
Linking C executable cmTC_a5708
/opt/homebrew/Cellar/cmake/3.25.0/bin/cmake -E cmake_link_script CMakeFiles/cmTC_a5708.dir/link.txt --verbose=1
/Applications/Xcode.app/Contents/Developer/Toolchains/XcodeDefault.xctoolchain/usr/bin/cc  -arch arm64 -isysroot /Applications/Xcode.app/Contents/Developer/Platforms/MacOSX.platform/Developer/SDKs/MacOSX12.3.sdk -mmacosx-version-min=12.2 -Wl,-search_paths_first -Wl,-headerpad_max_install_names CMakeFiles/cmTC_a5708.dir/HAVE_STRING_H.c.o -o cmTC_a5708 



Determining if files sys/ioctl.h exist passed with the following output:
Change Dir: /Users/jacksonchen/Documents/Github/temp/Thanksgiving-Hack/grpc/cmake/build/CMakeFiles/CMakeScratch/TryCompile-nKo3aO

Run Build Command(s):/usr/bin/make -f Makefile cmTC_075c0/fast && /Applications/Xcode.app/Contents/Developer/usr/bin/make  -f CMakeFiles/cmTC_075c0.dir/build.make CMakeFiles/cmTC_075c0.dir/build
Building C object CMakeFiles/cmTC_075c0.dir/HAVE_SYS_IOCTL_H.c.o
/Applications/Xcode.app/Contents/Developer/Toolchains/XcodeDefault.xctoolchain/usr/bin/cc   -arch arm64 -isysroot /Applications/Xcode.app/Contents/Developer/Platforms/MacOSX.platform/Developer/SDKs/MacOSX12.3.sdk -mmacosx-version-min=12.2 -fPIE -MD -MT CMakeFiles/cmTC_075c0.dir/HAVE_SYS_IOCTL_H.c.o -MF CMakeFiles/cmTC_075c0.dir/HAVE_SYS_IOCTL_H.c.o.d -o CMakeFiles/cmTC_075c0.dir/HAVE_SYS_IOCTL_H.c.o -c /Users/jacksonchen/Documents/Github/temp/Thanksgiving-Hack/grpc/cmake/build/CMakeFiles/CMakeScratch/TryCompile-nKo3aO/HAVE_SYS_IOCTL_H.c
Linking C executable cmTC_075c0
/opt/homebrew/Cellar/cmake/3.25.0/bin/cmake -E cmake_link_script CMakeFiles/cmTC_075c0.dir/link.txt --verbose=1
/Applications/Xcode.app/Contents/Developer/Toolchains/XcodeDefault.xctoolchain/usr/bin/cc  -arch arm64 -isysroot /Applications/Xcode.app/Contents/Developer/Platforms/MacOSX.platform/Developer/SDKs/MacOSX12.3.sdk -mmacosx-version-min=12.2 -Wl,-search_paths_first -Wl,-headerpad_max_install_names CMakeFiles/cmTC_075c0.dir/HAVE_SYS_IOCTL_H.c.o -o cmTC_075c0 



Determining if files sys/param.h exist passed with the following output:
Change Dir: /Users/jacksonchen/Documents/Github/temp/Thanksgiving-Hack/grpc/cmake/build/CMakeFiles/CMakeScratch/TryCompile-ptXevm

Run Build Command(s):/usr/bin/make -f Makefile cmTC_f7b6f/fast && /Applications/Xcode.app/Contents/Developer/usr/bin/make  -f CMakeFiles/cmTC_f7b6f.dir/build.make CMakeFiles/cmTC_f7b6f.dir/build
Building C object CMakeFiles/cmTC_f7b6f.dir/HAVE_SYS_PARAM_H.c.o
/Applications/Xcode.app/Contents/Developer/Toolchains/XcodeDefault.xctoolchain/usr/bin/cc   -arch arm64 -isysroot /Applications/Xcode.app/Contents/Developer/Platforms/MacOSX.platform/Developer/SDKs/MacOSX12.3.sdk -mmacosx-version-min=12.2 -fPIE -MD -MT CMakeFiles/cmTC_f7b6f.dir/HAVE_SYS_PARAM_H.c.o -MF CMakeFiles/cmTC_f7b6f.dir/HAVE_SYS_PARAM_H.c.o.d -o CMakeFiles/cmTC_f7b6f.dir/HAVE_SYS_PARAM_H.c.o -c /Users/jacksonchen/Documents/Github/temp/Thanksgiving-Hack/grpc/cmake/build/CMakeFiles/CMakeScratch/TryCompile-ptXevm/HAVE_SYS_PARAM_H.c
Linking C executable cmTC_f7b6f
/opt/homebrew/Cellar/cmake/3.25.0/bin/cmake -E cmake_link_script CMakeFiles/cmTC_f7b6f.dir/link.txt --verbose=1
/Applications/Xcode.app/Contents/Developer/Toolchains/XcodeDefault.xctoolchain/usr/bin/cc  -arch arm64 -isysroot /Applications/Xcode.app/Contents/Developer/Platforms/MacOSX.platform/Developer/SDKs/MacOSX12.3.sdk -mmacosx-version-min=12.2 -Wl,-search_paths_first -Wl,-headerpad_max_install_names CMakeFiles/cmTC_f7b6f.dir/HAVE_SYS_PARAM_H.c.o -o cmTC_f7b6f 



Determining if files sys/select.h exist passed with the following output:
Change Dir: /Users/jacksonchen/Documents/Github/temp/Thanksgiving-Hack/grpc/cmake/build/CMakeFiles/CMakeScratch/TryCompile-dJSDGC

Run Build Command(s):/usr/bin/make -f Makefile cmTC_0e49a/fast && /Applications/Xcode.app/Contents/Developer/usr/bin/make  -f CMakeFiles/cmTC_0e49a.dir/build.make CMakeFiles/cmTC_0e49a.dir/build
Building C object CMakeFiles/cmTC_0e49a.dir/HAVE_SYS_SELECT_H.c.o
/Applications/Xcode.app/Contents/Developer/Toolchains/XcodeDefault.xctoolchain/usr/bin/cc   -arch arm64 -isysroot /Applications/Xcode.app/Contents/Developer/Platforms/MacOSX.platform/Developer/SDKs/MacOSX12.3.sdk -mmacosx-version-min=12.2 -fPIE -MD -MT CMakeFiles/cmTC_0e49a.dir/HAVE_SYS_SELECT_H.c.o -MF CMakeFiles/cmTC_0e49a.dir/HAVE_SYS_SELECT_H.c.o.d -o CMakeFiles/cmTC_0e49a.dir/HAVE_SYS_SELECT_H.c.o -c /Users/jacksonchen/Documents/Github/temp/Thanksgiving-Hack/grpc/cmake/build/CMakeFiles/CMakeScratch/TryCompile-dJSDGC/HAVE_SYS_SELECT_H.c
Linking C executable cmTC_0e49a
/opt/homebrew/Cellar/cmake/3.25.0/bin/cmake -E cmake_link_script CMakeFiles/cmTC_0e49a.dir/link.txt --verbose=1
/Applications/Xcode.app/Contents/Developer/Toolchains/XcodeDefault.xctoolchain/usr/bin/cc  -arch arm64 -isysroot /Applications/Xcode.app/Contents/Developer/Platforms/MacOSX.platform/Developer/SDKs/MacOSX12.3.sdk -mmacosx-version-min=12.2 -Wl,-search_paths_first -Wl,-headerpad_max_install_names CMakeFiles/cmTC_0e49a.dir/HAVE_SYS_SELECT_H.c.o -o cmTC_0e49a 



Determining if files sys/stat.h exist passed with the following output:
Change Dir: /Users/jacksonchen/Documents/Github/temp/Thanksgiving-Hack/grpc/cmake/build/CMakeFiles/CMakeScratch/TryCompile-USwZmR

Run Build Command(s):/usr/bin/make -f Makefile cmTC_673dd/fast && /Applications/Xcode.app/Contents/Developer/usr/bin/make  -f CMakeFiles/cmTC_673dd.dir/build.make CMakeFiles/cmTC_673dd.dir/build
Building C object CMakeFiles/cmTC_673dd.dir/HAVE_SYS_STAT_H.c.o
/Applications/Xcode.app/Contents/Developer/Toolchains/XcodeDefault.xctoolchain/usr/bin/cc   -arch arm64 -isysroot /Applications/Xcode.app/Contents/Developer/Platforms/MacOSX.platform/Developer/SDKs/MacOSX12.3.sdk -mmacosx-version-min=12.2 -fPIE -MD -MT CMakeFiles/cmTC_673dd.dir/HAVE_SYS_STAT_H.c.o -MF CMakeFiles/cmTC_673dd.dir/HAVE_SYS_STAT_H.c.o.d -o CMakeFiles/cmTC_673dd.dir/HAVE_SYS_STAT_H.c.o -c /Users/jacksonchen/Documents/Github/temp/Thanksgiving-Hack/grpc/cmake/build/CMakeFiles/CMakeScratch/TryCompile-USwZmR/HAVE_SYS_STAT_H.c
Linking C executable cmTC_673dd
/opt/homebrew/Cellar/cmake/3.25.0/bin/cmake -E cmake_link_script CMakeFiles/cmTC_673dd.dir/link.txt --verbose=1
/Applications/Xcode.app/Contents/Developer/Toolchains/XcodeDefault.xctoolchain/usr/bin/cc  -arch arm64 -isysroot /Applications/Xcode.app/Contents/Developer/Platforms/MacOSX.platform/Developer/SDKs/MacOSX12.3.sdk -mmacosx-version-min=12.2 -Wl,-search_paths_first -Wl,-headerpad_max_install_names CMakeFiles/cmTC_673dd.dir/HAVE_SYS_STAT_H.c.o -o cmTC_673dd 



Determining if files sys/time.h exist passed with the following output:
Change Dir: /Users/jacksonchen/Documents/Github/temp/Thanksgiving-Hack/grpc/cmake/build/CMakeFiles/CMakeScratch/TryCompile-heKgiB

Run Build Command(s):/usr/bin/make -f Makefile cmTC_f95ee/fast && /Applications/Xcode.app/Contents/Developer/usr/bin/make  -f CMakeFiles/cmTC_f95ee.dir/build.make CMakeFiles/cmTC_f95ee.dir/build
Building C object CMakeFiles/cmTC_f95ee.dir/HAVE_SYS_TIME_H.c.o
/Applications/Xcode.app/Contents/Developer/Toolchains/XcodeDefault.xctoolchain/usr/bin/cc   -arch arm64 -isysroot /Applications/Xcode.app/Contents/Developer/Platforms/MacOSX.platform/Developer/SDKs/MacOSX12.3.sdk -mmacosx-version-min=12.2 -fPIE -MD -MT CMakeFiles/cmTC_f95ee.dir/HAVE_SYS_TIME_H.c.o -MF CMakeFiles/cmTC_f95ee.dir/HAVE_SYS_TIME_H.c.o.d -o CMakeFiles/cmTC_f95ee.dir/HAVE_SYS_TIME_H.c.o -c /Users/jacksonchen/Documents/Github/temp/Thanksgiving-Hack/grpc/cmake/build/CMakeFiles/CMakeScratch/TryCompile-heKgiB/HAVE_SYS_TIME_H.c
Linking C executable cmTC_f95ee
/opt/homebrew/Cellar/cmake/3.25.0/bin/cmake -E cmake_link_script CMakeFiles/cmTC_f95ee.dir/link.txt --verbose=1
/Applications/Xcode.app/Contents/Developer/Toolchains/XcodeDefault.xctoolchain/usr/bin/cc  -arch arm64 -isysroot /Applications/Xcode.app/Contents/Developer/Platforms/MacOSX.platform/Developer/SDKs/MacOSX12.3.sdk -mmacosx-version-min=12.2 -Wl,-search_paths_first -Wl,-headerpad_max_install_names CMakeFiles/cmTC_f95ee.dir/HAVE_SYS_TIME_H.c.o -o cmTC_f95ee 



